Classic Timing Analyzer report for niose2
Fri Aug 09 00:22:41 2013
Quartus II Version 9.0 Build 235 06/17/2009 Service Pack 2 SJ Web Edition


---------------------
; Table of Contents ;
---------------------
  1. Legal Notice
  2. Timing Analyzer Summary
  3. Timing Analyzer Settings
  4. Clock Settings Summary
  5. Parallel Compilation
  6. Clock Setup: 'clk'
  7. tco
  8. Timing Analyzer Messages



----------------
; Legal Notice ;
----------------
Copyright (C) 1991-2009 Altera Corporation
Your use of Altera Corporation's design tools, logic functions 
and other software and tools, and its AMPP partner logic 
functions, and any output files from any of the foregoing 
(including device programming or simulation files), and any 
associated documentation or information are expressly subject 
to the terms and conditions of the Altera Program License 
Subscription Agreement, Altera MegaCore Function License 
Agreement, or other applicable license agreement, including, 
without limitation, that your use is for the sole purpose of 
programming logic devices manufactured by Altera and sold by 
Altera or its authorized distributors.  Please refer to the 
applicable agreement for further details.



+---------------------------------------------------------------------------------------------------------------------------------------------------------------------------------+
; Timing Analyzer Summary                                                                                                                                                         ;
+------------------------------+-------+---------------+------------------------------------------------+--------+-------------------------+------------+----------+--------------+
; Type                         ; Slack ; Required Time ; Actual Time                                    ; From   ; To                      ; From Clock ; To Clock ; Failed Paths ;
+------------------------------+-------+---------------+------------------------------------------------+--------+-------------------------+------------+----------+--------------+
; Worst-case tco               ; N/A   ; None          ; 9.948 ns                                       ; cnt[2] ; out_clk                 ; clk        ; --       ; 0            ;
; Clock Setup: 'clk'           ; N/A   ; None          ; Restricted to 340.02 MHz ( period = 2.941 ns ) ; cnt[1] ; lfsr:data_lfsr1|sreg[6] ; clk        ; clk      ; 0            ;
; Total number of failed paths ;       ;               ;                                                ;        ;                         ;            ;          ; 0            ;
+------------------------------+-------+---------------+------------------------------------------------+--------+-------------------------+------------+----------+--------------+


+--------------------------------------------------------------------------------------------------------------------+
; Timing Analyzer Settings                                                                                           ;
+---------------------------------------------------------------------+--------------------+------+----+-------------+
; Option                                                              ; Setting            ; From ; To ; Entity Name ;
+---------------------------------------------------------------------+--------------------+------+----+-------------+
; Device Name                                                         ; EP2C8T144C8        ;      ;    ;             ;
; Timing Models                                                       ; Final              ;      ;    ;             ;
; Default hold multicycle                                             ; Same as Multicycle ;      ;    ;             ;
; Cut paths between unrelated clock domains                           ; On                 ;      ;    ;             ;
; Cut off read during write signal paths                              ; On                 ;      ;    ;             ;
; Cut off feedback from I/O pins                                      ; On                 ;      ;    ;             ;
; Report Combined Fast/Slow Timing                                    ; Off                ;      ;    ;             ;
; Ignore Clock Settings                                               ; Off                ;      ;    ;             ;
; Analyze latches as synchronous elements                             ; On                 ;      ;    ;             ;
; Enable Recovery/Removal analysis                                    ; Off                ;      ;    ;             ;
; Enable Clock Latency                                                ; Off                ;      ;    ;             ;
; Use TimeQuest Timing Analyzer                                       ; Off                ;      ;    ;             ;
; Minimum Core Junction Temperature                                   ; 0                  ;      ;    ;             ;
; Maximum Core Junction Temperature                                   ; 85                 ;      ;    ;             ;
; Number of source nodes to report per destination node               ; 10                 ;      ;    ;             ;
; Number of destination nodes to report                               ; 10                 ;      ;    ;             ;
; Number of paths to report                                           ; 200                ;      ;    ;             ;
; Report Minimum Timing Checks                                        ; Off                ;      ;    ;             ;
; Use Fast Timing Models                                              ; Off                ;      ;    ;             ;
; Report IO Paths Separately                                          ; Off                ;      ;    ;             ;
; Perform Multicorner Analysis                                        ; On                 ;      ;    ;             ;
; Reports the worst-case path for each clock domain and analysis      ; Off                ;      ;    ;             ;
; Removes common clock path pessimism (CCPP) during slack computation ; Off                ;      ;    ;             ;
; Output I/O Timing Endpoint                                          ; Near End           ;      ;    ;             ;
+---------------------------------------------------------------------+--------------------+------+----+-------------+


+------------------------------------------------------------------------------------------------------------------------------------------------------------------------------------+
; Clock Settings Summary                                                                                                                                                             ;
+-----------------+--------------------+----------+------------------+---------------+--------------+----------+-----------------------+---------------------+--------+--------------+
; Clock Node Name ; Clock Setting Name ; Type     ; Fmax Requirement ; Early Latency ; Late Latency ; Based on ; Multiply Base Fmax by ; Divide Base Fmax by ; Offset ; Phase offset ;
+-----------------+--------------------+----------+------------------+---------------+--------------+----------+-----------------------+---------------------+--------+--------------+
; clk             ;                    ; User Pin ; None             ; 0.000 ns      ; 0.000 ns     ; --       ; N/A                   ; N/A                 ; N/A    ;              ;
+-----------------+--------------------+----------+------------------+---------------+--------------+----------+-----------------------+---------------------+--------+--------------+


Parallel compilation was disabled, but you have multiple processors available. Enable parallel compilation to reduce compilation time.
+-------------------------------------+
; Parallel Compilation                ;
+----------------------------+--------+
; Processors                 ; Number ;
+----------------------------+--------+
; Number detected on machine ; 2      ;
; Maximum allowed            ; 1      ;
+----------------------------+--------+


+------------------------------------------------------------------------------------------------------------------------------------------------------------------------------------------------------------------------+
; Clock Setup: 'clk'                                                                                                                                                                                                     ;
+-------+------------------------------------------------+-------------------------+-------------------------+------------+----------+-----------------------------+---------------------------+-------------------------+
; Slack ; Actual fmax (period)                           ; From                    ; To                      ; From Clock ; To Clock ; Required Setup Relationship ; Required Longest P2P Time ; Actual Longest P2P Time ;
+-------+------------------------------------------------+-------------------------+-------------------------+------------+----------+-----------------------------+---------------------------+-------------------------+
; N/A   ; Restricted to 340.02 MHz ( period = 2.941 ns ) ; cnt[1]                  ; lfsr:data_lfsr1|sreg[7] ; clk        ; clk      ; None                        ; None                      ; 2.252 ns                ;
; N/A   ; Restricted to 340.02 MHz ( period = 2.941 ns ) ; cnt[1]                  ; lfsr:data_lfsr1|sreg[0] ; clk        ; clk      ; None                        ; None                      ; 2.252 ns                ;
; N/A   ; Restricted to 340.02 MHz ( period = 2.941 ns ) ; cnt[1]                  ; lfsr:data_lfsr1|sreg[1] ; clk        ; clk      ; None                        ; None                      ; 2.252 ns                ;
; N/A   ; Restricted to 340.02 MHz ( period = 2.941 ns ) ; cnt[1]                  ; lfsr:data_lfsr1|sreg[2] ; clk        ; clk      ; None                        ; None                      ; 2.252 ns                ;
; N/A   ; Restricted to 340.02 MHz ( period = 2.941 ns ) ; cnt[1]                  ; lfsr:data_lfsr1|sreg[3] ; clk        ; clk      ; None                        ; None                      ; 2.252 ns                ;
; N/A   ; Restricted to 340.02 MHz ( period = 2.941 ns ) ; cnt[1]                  ; lfsr:data_lfsr1|sreg[4] ; clk        ; clk      ; None                        ; None                      ; 2.252 ns                ;
; N/A   ; Restricted to 340.02 MHz ( period = 2.941 ns ) ; cnt[1]                  ; lfsr:data_lfsr1|sreg[5] ; clk        ; clk      ; None                        ; None                      ; 2.252 ns                ;
; N/A   ; Restricted to 340.02 MHz ( period = 2.941 ns ) ; cnt[1]                  ; lfsr:data_lfsr1|sreg[6] ; clk        ; clk      ; None                        ; None                      ; 2.252 ns                ;
; N/A   ; Restricted to 340.02 MHz ( period = 2.941 ns ) ; cnt[0]                  ; lfsr:data_lfsr1|sreg[7] ; clk        ; clk      ; None                        ; None                      ; 2.014 ns                ;
; N/A   ; Restricted to 340.02 MHz ( period = 2.941 ns ) ; cnt[0]                  ; lfsr:data_lfsr1|sreg[0] ; clk        ; clk      ; None                        ; None                      ; 2.014 ns                ;
; N/A   ; Restricted to 340.02 MHz ( period = 2.941 ns ) ; cnt[0]                  ; lfsr:data_lfsr1|sreg[1] ; clk        ; clk      ; None                        ; None                      ; 2.014 ns                ;
; N/A   ; Restricted to 340.02 MHz ( period = 2.941 ns ) ; cnt[0]                  ; lfsr:data_lfsr1|sreg[2] ; clk        ; clk      ; None                        ; None                      ; 2.014 ns                ;
; N/A   ; Restricted to 340.02 MHz ( period = 2.941 ns ) ; cnt[0]                  ; lfsr:data_lfsr1|sreg[3] ; clk        ; clk      ; None                        ; None                      ; 2.014 ns                ;
; N/A   ; Restricted to 340.02 MHz ( period = 2.941 ns ) ; cnt[0]                  ; lfsr:data_lfsr1|sreg[4] ; clk        ; clk      ; None                        ; None                      ; 2.014 ns                ;
; N/A   ; Restricted to 340.02 MHz ( period = 2.941 ns ) ; cnt[0]                  ; lfsr:data_lfsr1|sreg[5] ; clk        ; clk      ; None                        ; None                      ; 2.014 ns                ;
; N/A   ; Restricted to 340.02 MHz ( period = 2.941 ns ) ; cnt[0]                  ; lfsr:data_lfsr1|sreg[6] ; clk        ; clk      ; None                        ; None                      ; 2.014 ns                ;
; N/A   ; Restricted to 340.02 MHz ( period = 2.941 ns ) ; cnt[2]                  ; lfsr:data_lfsr1|sreg[7] ; clk        ; clk      ; None                        ; None                      ; 1.817 ns                ;
; N/A   ; Restricted to 340.02 MHz ( period = 2.941 ns ) ; cnt[2]                  ; lfsr:data_lfsr1|sreg[0] ; clk        ; clk      ; None                        ; None                      ; 1.817 ns                ;
; N/A   ; Restricted to 340.02 MHz ( period = 2.941 ns ) ; cnt[2]                  ; lfsr:data_lfsr1|sreg[1] ; clk        ; clk      ; None                        ; None                      ; 1.817 ns                ;
; N/A   ; Restricted to 340.02 MHz ( period = 2.941 ns ) ; cnt[2]                  ; lfsr:data_lfsr1|sreg[2] ; clk        ; clk      ; None                        ; None                      ; 1.817 ns                ;
; N/A   ; Restricted to 340.02 MHz ( period = 2.941 ns ) ; cnt[2]                  ; lfsr:data_lfsr1|sreg[3] ; clk        ; clk      ; None                        ; None                      ; 1.817 ns                ;
; N/A   ; Restricted to 340.02 MHz ( period = 2.941 ns ) ; cnt[2]                  ; lfsr:data_lfsr1|sreg[4] ; clk        ; clk      ; None                        ; None                      ; 1.817 ns                ;
; N/A   ; Restricted to 340.02 MHz ( period = 2.941 ns ) ; cnt[2]                  ; lfsr:data_lfsr1|sreg[5] ; clk        ; clk      ; None                        ; None                      ; 1.817 ns                ;
; N/A   ; Restricted to 340.02 MHz ( period = 2.941 ns ) ; cnt[2]                  ; lfsr:data_lfsr1|sreg[6] ; clk        ; clk      ; None                        ; None                      ; 1.817 ns                ;
; N/A   ; Restricted to 340.02 MHz ( period = 2.941 ns ) ; lfsr:data_lfsr1|sreg[4] ; lfsr:data_lfsr1|sreg[3] ; clk        ; clk      ; None                        ; None                      ; 1.538 ns                ;
; N/A   ; Restricted to 340.02 MHz ( period = 2.941 ns ) ; cnt[0]                  ; cnt[2]                  ; clk        ; clk      ; None                        ; None                      ; 1.243 ns                ;
; N/A   ; Restricted to 340.02 MHz ( period = 2.941 ns ) ; cnt[0]                  ; cnt[1]                  ; clk        ; clk      ; None                        ; None                      ; 1.242 ns                ;
; N/A   ; Restricted to 340.02 MHz ( period = 2.941 ns ) ; lfsr:data_lfsr1|sreg[0] ; lfsr:data_lfsr1|sreg[2] ; clk        ; clk      ; None                        ; None                      ; 1.219 ns                ;
; N/A   ; Restricted to 340.02 MHz ( period = 2.941 ns ) ; lfsr:data_lfsr1|sreg[0] ; lfsr:data_lfsr1|sreg[1] ; clk        ; clk      ; None                        ; None                      ; 1.218 ns                ;
; N/A   ; Restricted to 340.02 MHz ( period = 2.941 ns ) ; lfsr:data_lfsr1|sreg[7] ; lfsr:data_lfsr1|sreg[6] ; clk        ; clk      ; None                        ; None                      ; 0.920 ns                ;
; N/A   ; Restricted to 340.02 MHz ( period = 2.941 ns ) ; lfsr:data_lfsr1|sreg[5] ; lfsr:data_lfsr1|sreg[4] ; clk        ; clk      ; None                        ; None                      ; 0.910 ns                ;
; N/A   ; Restricted to 340.02 MHz ( period = 2.941 ns ) ; lfsr:data_lfsr1|sreg[0] ; lfsr:data_lfsr1|sreg[3] ; clk        ; clk      ; None                        ; None                      ; 0.777 ns                ;
; N/A   ; Restricted to 340.02 MHz ( period = 2.941 ns ) ; lfsr:data_lfsr1|sreg[3] ; lfsr:data_lfsr1|sreg[2] ; clk        ; clk      ; None                        ; None                      ; 0.775 ns                ;
; N/A   ; Restricted to 340.02 MHz ( period = 2.941 ns ) ; lfsr:data_lfsr1|sreg[0] ; lfsr:data_lfsr1|sreg[7] ; clk        ; clk      ; None                        ; None                      ; 0.774 ns                ;
; N/A   ; Restricted to 340.02 MHz ( period = 2.941 ns ) ; cnt[1]                  ; cnt[2]                  ; clk        ; clk      ; None                        ; None                      ; 0.759 ns                ;
; N/A   ; Restricted to 340.02 MHz ( period = 2.941 ns ) ; lfsr:data_lfsr1|sreg[6] ; lfsr:data_lfsr1|sreg[5] ; clk        ; clk      ; None                        ; None                      ; 0.754 ns                ;
; N/A   ; Restricted to 340.02 MHz ( period = 2.941 ns ) ; lfsr:data_lfsr1|sreg[2] ; lfsr:data_lfsr1|sreg[1] ; clk        ; clk      ; None                        ; None                      ; 0.753 ns                ;
; N/A   ; Restricted to 340.02 MHz ( period = 2.941 ns ) ; lfsr:data_lfsr1|sreg[1] ; lfsr:data_lfsr1|sreg[0] ; clk        ; clk      ; None                        ; None                      ; 0.752 ns                ;
; N/A   ; Restricted to 340.02 MHz ( period = 2.941 ns ) ; cnt[1]                  ; cnt[1]                  ; clk        ; clk      ; None                        ; None                      ; 0.501 ns                ;
; N/A   ; Restricted to 340.02 MHz ( period = 2.941 ns ) ; cnt[0]                  ; cnt[0]                  ; clk        ; clk      ; None                        ; None                      ; 0.501 ns                ;
; N/A   ; Restricted to 340.02 MHz ( period = 2.941 ns ) ; cnt[2]                  ; cnt[2]                  ; clk        ; clk      ; None                        ; None                      ; 0.501 ns                ;
+-------+------------------------------------------------+-------------------------+-------------------------+------------+----------+-----------------------------+---------------------------+-------------------------+


+------------------------------------------------------------------------------------+
; tco                                                                                ;
+-------+--------------+------------+-------------------------+---------+------------+
; Slack ; Required tco ; Actual tco ; From                    ; To      ; From Clock ;
+-------+--------------+------------+-------------------------+---------+------------+
; N/A   ; None         ; 9.948 ns   ; cnt[2]                  ; out_clk ; clk        ;
; N/A   ; None         ; 9.929 ns   ; cnt[1]                  ; out_clk ; clk        ;
; N/A   ; None         ; 9.503 ns   ; cnt[0]                  ; out_clk ; clk        ;
; N/A   ; None         ; 7.670 ns   ; lfsr:data_lfsr1|sreg[7] ; sreg[0] ; clk        ;
; N/A   ; None         ; 7.643 ns   ; lfsr:data_lfsr1|sreg[7] ; sreg[9] ; clk        ;
; N/A   ; None         ; 7.638 ns   ; lfsr:data_lfsr1|sreg[2] ; sreg[4] ; clk        ;
; N/A   ; None         ; 7.623 ns   ; lfsr:data_lfsr1|sreg[3] ; sreg[5] ; clk        ;
; N/A   ; None         ; 7.392 ns   ; lfsr:data_lfsr1|sreg[4] ; sreg[6] ; clk        ;
; N/A   ; None         ; 7.382 ns   ; lfsr:data_lfsr1|sreg[5] ; sreg[7] ; clk        ;
; N/A   ; None         ; 7.328 ns   ; lfsr:data_lfsr1|sreg[1] ; sreg[3] ; clk        ;
; N/A   ; None         ; 7.324 ns   ; lfsr:data_lfsr1|sreg[3] ; sreg[1] ; clk        ;
; N/A   ; None         ; 7.317 ns   ; lfsr:data_lfsr1|sreg[0] ; sreg[2] ; clk        ;
; N/A   ; None         ; 7.205 ns   ; lfsr:data_lfsr1|sreg[6] ; sreg[8] ; clk        ;
+-------+--------------+------------+-------------------------+---------+------------+


+--------------------------+
; Timing Analyzer Messages ;
+--------------------------+
Info: *******************************************************************
Info: Running Quartus II Classic Timing Analyzer
    Info: Version 9.0 Build 235 06/17/2009 Service Pack 2 SJ Web Edition
    Info: Processing started: Fri Aug 09 00:22:40 2013
Info: Command: quartus_tan --read_settings_files=off --write_settings_files=off niose2 -c niose2 --timing_analysis_only
Warning: Found pins functioning as undefined clocks and/or memory enables
    Info: Assuming node "clk" is an undefined clock
Info: Clock "clk" Internal fmax is restricted to 340.02 MHz between source register "cnt[1]" and destination register "lfsr:data_lfsr1|sreg[7]"
    Info: fmax restricted to clock pin edge rate 2.941 ns. Expand message to see actual delay path.
        Info: + Longest register to register delay is 2.252 ns
            Info: 1: + IC(0.000 ns) + CELL(0.000 ns) = 0.000 ns; Loc. = LCFF_X2_Y2_N29; Fanout = 4; REG Node = 'cnt[1]'
            Info: 2: + IC(0.454 ns) + CELL(0.623 ns) = 1.077 ns; Loc. = LCCOMB_X2_Y2_N8; Fanout = 8; COMB Node = 'Equal2~0'
            Info: 3: + IC(0.320 ns) + CELL(0.855 ns) = 2.252 ns; Loc. = LCFF_X2_Y2_N25; Fanout = 3; REG Node = 'lfsr:data_lfsr1|sreg[7]'
            Info: Total cell delay = 1.478 ns ( 65.63 % )
            Info: Total interconnect delay = 0.774 ns ( 34.37 % )
        Info: - Smallest clock skew is 0.000 ns
            Info: + Shortest clock path from clock "clk" to destination register is 2.826 ns
                Info: 1: + IC(0.000 ns) + CELL(1.100 ns) = 1.100 ns; Loc. = PIN_91; Fanout = 1; CLK Node = 'clk'
                Info: 2: + IC(0.139 ns) + CELL(0.000 ns) = 1.239 ns; Loc. = CLKCTRL_G6; Fanout = 11; COMB Node = 'clk~clkctrl'
                Info: 3: + IC(0.921 ns) + CELL(0.666 ns) = 2.826 ns; Loc. = LCFF_X2_Y2_N25; Fanout = 3; REG Node = 'lfsr:data_lfsr1|sreg[7]'
                Info: Total cell delay = 1.766 ns ( 62.49 % )
                Info: Total interconnect delay = 1.060 ns ( 37.51 % )
            Info: - Longest clock path from clock "clk" to source register is 2.826 ns
                Info: 1: + IC(0.000 ns) + CELL(1.100 ns) = 1.100 ns; Loc. = PIN_91; Fanout = 1; CLK Node = 'clk'
                Info: 2: + IC(0.139 ns) + CELL(0.000 ns) = 1.239 ns; Loc. = CLKCTRL_G6; Fanout = 11; COMB Node = 'clk~clkctrl'
                Info: 3: + IC(0.921 ns) + CELL(0.666 ns) = 2.826 ns; Loc. = LCFF_X2_Y2_N29; Fanout = 4; REG Node = 'cnt[1]'
                Info: Total cell delay = 1.766 ns ( 62.49 % )
                Info: Total interconnect delay = 1.060 ns ( 37.51 % )
        Info: + Micro clock to output delay of source is 0.304 ns
        Info: + Micro setup delay of destination is -0.040 ns
Info: tco from clock "clk" to destination pin "out_clk" through register "cnt[2]" is 9.948 ns
    Info: + Longest clock path from clock "clk" to source register is 2.826 ns
        Info: 1: + IC(0.000 ns) + CELL(1.100 ns) = 1.100 ns; Loc. = PIN_91; Fanout = 1; CLK Node = 'clk'
        Info: 2: + IC(0.139 ns) + CELL(0.000 ns) = 1.239 ns; Loc. = CLKCTRL_G6; Fanout = 11; COMB Node = 'clk~clkctrl'
        Info: 3: + IC(0.921 ns) + CELL(0.666 ns) = 2.826 ns; Loc. = LCFF_X2_Y2_N19; Fanout = 3; REG Node = 'cnt[2]'
        Info: Total cell delay = 1.766 ns ( 62.49 % )
        Info: Total interconnect delay = 1.060 ns ( 37.51 % )
    Info: + Micro clock to output delay of source is 0.304 ns
    Info: + Longest register to pin delay is 6.818 ns
        Info: 1: + IC(0.000 ns) + CELL(0.000 ns) = 0.000 ns; Loc. = LCFF_X2_Y2_N19; Fanout = 3; REG Node = 'cnt[2]'
        Info: 2: + IC(0.740 ns) + CELL(0.544 ns) = 1.284 ns; Loc. = LCCOMB_X2_Y2_N6; Fanout = 1; COMB Node = 'Equal0~0'
        Info: 3: + IC(2.478 ns) + CELL(3.056 ns) = 6.818 ns; Loc. = PIN_4; Fanout = 0; PIN Node = 'out_clk'
        Info: Total cell delay = 3.600 ns ( 52.80 % )
        Info: Total interconnect delay = 3.218 ns ( 47.20 % )
Info: Quartus II Classic Timing Analyzer was successful. 0 errors, 1 warning
    Info: Peak virtual memory: 165 megabytes
    Info: Processing ended: Fri Aug 09 00:22:41 2013
    Info: Elapsed time: 00:00:01
    Info: Total CPU time (on all processors): 00:00:01


