Flow report for niose2
Fri Aug 09 00:22:41 2013
Quartus II Version 9.0 Build 235 06/17/2009 Service Pack 2 SJ Web Edition


---------------------
; Table of Contents ;
---------------------
  1. Legal Notice
  2. Flow Summary
  3. Flow Settings
  4. Flow Non-Default Global Settings
  5. Flow Elapsed Time
  6. Flow OS Summary
  7. Flow Log



----------------
; Legal Notice ;
----------------
Copyright (C) 1991-2009 Altera Corporation
Your use of Altera Corporation's design tools, logic functions 
and other software and tools, and its AMPP partner logic 
functions, and any output files from any of the foregoing 
(including device programming or simulation files), and any 
associated documentation or information are expressly subject 
to the terms and conditions of the Altera Program License 
Subscription Agreement, Altera MegaCore Function License 
Agreement, or other applicable license agreement, including, 
without limitation, that your use is for the sole purpose of 
programming logic devices manufactured by Altera and sold by 
Altera or its authorized distributors.  Please refer to the 
applicable agreement for further details.



+-----------------------------------------------------------------------------------+
; Flow Summary                                                                      ;
+------------------------------------+----------------------------------------------+
; Flow Status                        ; Successful - Fri Aug 09 00:22:41 2013        ;
; Quartus II Version                 ; 9.0 Build 235 06/17/2009 SP 2 SJ Web Edition ;
; Revision Name                      ; niose2                                       ;
; Top-level Entity Name              ; niose2                                       ;
; Family                             ; Cyclone II                                   ;
; Device                             ; EP2C8T144C8                                  ;
; Timing Models                      ; Final                                        ;
; Met timing requirements            ; Yes                                          ;
; Total logic elements               ; 13 / 8,256 ( < 1 % )                         ;
;     Total combinational functions  ; 10 / 8,256 ( < 1 % )                         ;
;     Dedicated logic registers      ; 11 / 8,256 ( < 1 % )                         ;
; Total registers                    ; 11                                           ;
; Total pins                         ; 13 / 85 ( 15 % )                             ;
; Total virtual pins                 ; 0                                            ;
; Total memory bits                  ; 0 / 165,888 ( 0 % )                          ;
; Embedded Multiplier 9-bit elements ; 0 / 36 ( 0 % )                               ;
; Total PLLs                         ; 0 / 2 ( 0 % )                                ;
+------------------------------------+----------------------------------------------+


+-----------------------------------------+
; Flow Settings                           ;
+-------------------+---------------------+
; Option            ; Setting             ;
+-------------------+---------------------+
; Start date & time ; 08/09/2013 00:22:29 ;
; Main task         ; Compilation         ;
; Revision Name     ; niose2              ;
+-------------------+---------------------+


+--------------------------------------------------------------------------------------------------------------------------------------------------------------------+
; Flow Non-Default Global Settings                                                                                                                                   ;
+------------------------------------+--------------------------------------------------------------------------------+---------------+-------------+----------------+
; Assignment Name                    ; Value                                                                          ; Default Value ; Entity Name ; Section Id     ;
+------------------------------------+--------------------------------------------------------------------------------+---------------+-------------+----------------+
; COMPILER_SIGNATURE_ID              ; 46580539498984.137597894917788                                                 ; --            ; --          ; --             ;
; IP_TOOL_NAME                       ; FIR Compiler                                                                   ; --            ; --          ; --             ;
; IP_TOOL_VERSION                    ; 9.0                                                                            ; --            ; --          ; --             ;
; MAX_CORE_JUNCTION_TEMP             ; 85                                                                             ; --            ; --          ; --             ;
; MIN_CORE_JUNCTION_TEMP             ; 0                                                                              ; --            ; --          ; --             ;
; MISC_FILE                          ; D:/WORKPLACE/VerilogPRJ/noise/niose2.dpf                                       ; --            ; --          ; --             ;
; MISC_FILE                          ; fir_compiler-library/accum.v                                                   ; --            ; --          ; --             ;
; MISC_FILE                          ; fir_compiler-library/addr_cnt_dn.v                                             ; --            ; --          ; --             ;
; MISC_FILE                          ; fir_compiler-library/addr_cnt_dn_poly.v                                        ; --            ; --          ; --             ;
; MISC_FILE                          ; fir_compiler-library/addr_cnt_up.v                                             ; --            ; --          ; --             ;
; MISC_FILE                          ; fir_compiler-library/at_sink_mod.v                                             ; --            ; --          ; --             ;
; MISC_FILE                          ; fir_compiler-library/at_sink_mod_bin.v                                         ; --            ; --          ; --             ;
; MISC_FILE                          ; fir_compiler-library/at_sink_mod_par.v                                         ; --            ; --          ; --             ;
; MISC_FILE                          ; fir_compiler-library/at_src_mod.v                                              ; --            ; --          ; --             ;
; MISC_FILE                          ; fir_compiler-library/at_src_mod_par.v                                          ; --            ; --          ; --             ;
; MISC_FILE                          ; fir_compiler-library/auk_dspip_avalon_streaming_block_sink_fir_90.vhd          ; --            ; --          ; --             ;
; MISC_FILE                          ; fir_compiler-library/auk_dspip_avalon_streaming_block_source_fir_90.vhd        ; --            ; --          ; --             ;
; MISC_FILE                          ; fir_compiler-library/auk_dspip_avalon_streaming_controller_fir_90.vhd          ; --            ; --          ; --             ;
; MISC_FILE                          ; fir_compiler-library/auk_dspip_avalon_streaming_controller_pe_fir_90.vhd       ; --            ; --          ; --             ;
; MISC_FILE                          ; fir_compiler-library/auk_dspip_avalon_streaming_monitor_fir_90.vhd             ; --            ; --          ; --             ;
; MISC_FILE                          ; fir_compiler-library/auk_dspip_avalon_streaming_sink_fir_90.vhd                ; --            ; --          ; --             ;
; MISC_FILE                          ; fir_compiler-library/auk_dspip_avalon_streaming_sink_model_fir_90.vhd          ; --            ; --          ; --             ;
; MISC_FILE                          ; fir_compiler-library/auk_dspip_avalon_streaming_source_fir_90.vhd              ; --            ; --          ; --             ;
; MISC_FILE                          ; fir_compiler-library/auk_dspip_avalon_streaming_source_from_monitor_fir_90.vhd ; --            ; --          ; --             ;
; MISC_FILE                          ; fir_compiler-library/auk_dspip_avalon_streaming_source_model_fir_90.vhd        ; --            ; --          ; --             ;
; MISC_FILE                          ; fir_compiler-library/auk_dspip_delay_fir_90.vhd                                ; --            ; --          ; --             ;
; MISC_FILE                          ; fir_compiler-library/auk_dspip_fastaddsub_fir_90.vhd                           ; --            ; --          ; --             ;
; MISC_FILE                          ; fir_compiler-library/auk_dspip_fastadd_fir_90.vhd                              ; --            ; --          ; --             ;
; MISC_FILE                          ; fir_compiler-library/auk_dspip_fast_accumulator_fir_90.vhd                     ; --            ; --          ; --             ;
; MISC_FILE                          ; fir_compiler-library/auk_dspip_fifo_pfc_fir_90.vhd                             ; --            ; --          ; --             ;
; MISC_FILE                          ; fir_compiler-library/auk_dspip_fir_accumulator_fir_90.vhd                      ; --            ; --          ; --             ;
; MISC_FILE                          ; fir_compiler-library/auk_dspip_fir_adders_fir_90.vhd                           ; --            ; --          ; --             ;
; MISC_FILE                          ; fir_compiler-library/auk_dspip_fir_adder_tree_fir_90.vhd                       ; --            ; --          ; --             ;
; MISC_FILE                          ; fir_compiler-library/auk_dspip_fir_avalon_slave_write_fir_90.vhd               ; --            ; --          ; --             ;
; MISC_FILE                          ; fir_compiler-library/auk_dspip_fir_coef_banks_fixed_fir_90.vhd                 ; --            ; --          ; --             ;
; MISC_FILE                          ; fir_compiler-library/auk_dspip_fir_data_memory_bank_fir_90.vhd                 ; --            ; --          ; --             ;
; MISC_FILE                          ; fir_compiler-library/auk_dspip_fir_dspblock_bank_fir_90.vhd                    ; --            ; --          ; --             ;
; MISC_FILE                          ; fir_compiler-library/auk_dspip_fir_dspblock_cascade_bank_fir_90.vhd            ; --            ; --          ; --             ;
; MISC_FILE                          ; fir_compiler-library/auk_dspip_fir_lib_pkg_fir_90.vhd                          ; --            ; --          ; --             ;
; MISC_FILE                          ; fir_compiler-library/auk_dspip_fir_math_pkg_fir_90.vhd                         ; --            ; --          ; --             ;
; MISC_FILE                          ; fir_compiler-library/auk_dspip_fir_memory_simple_dual_fir_90.vhd               ; --            ; --          ; --             ;
; MISC_FILE                          ; fir_compiler-library/auk_dspip_fir_memory_single_fir_90.vhd                    ; --            ; --          ; --             ;
; MISC_FILE                          ; fir_compiler-library/auk_dspip_fir_memory_true_dual_fir_90.vhd                 ; --            ; --          ; --             ;
; MISC_FILE                          ; fir_compiler-library/auk_dspip_fir_mult_bank_fir_90.vhd                        ; --            ; --          ; --             ;
; MISC_FILE                          ; fir_compiler-library/auk_dspip_fir_top_dec_half_sym_fir_90.vhd                 ; --            ; --          ; --             ;
; MISC_FILE                          ; fir_compiler-library/auk_dspip_fir_top_dec_sym_add_cas_fir_90.vhd              ; --            ; --          ; --             ;
; MISC_FILE                          ; fir_compiler-library/auk_dspip_fir_top_int_sym_fir_90.vhd                      ; --            ; --          ; --             ;
; MISC_FILE                          ; fir_compiler-library/auk_dspip_fir_top_sin_sym_fir_90.vhd                      ; --            ; --          ; --             ;
; MISC_FILE                          ; fir_compiler-library/auk_dspip_lib_pkg_fir_90.vhd                              ; --            ; --          ; --             ;
; MISC_FILE                          ; fir_compiler-library/auk_dspip_math_pkg_fir_90.vhd                             ; --            ; --          ; --             ;
; MISC_FILE                          ; fir_compiler-library/auk_dspip_pfc_fir_90.vhd                                  ; --            ; --          ; --             ;
; MISC_FILE                          ; fir_compiler-library/auk_dspip_pipelined_adder_fir_90.vhd                      ; --            ; --          ; --             ;
; MISC_FILE                          ; fir_compiler-library/auk_dspip_roundsat_fir_90.vhd                             ; --            ; --          ; --             ;
; MISC_FILE                          ; fir_compiler-library/auk_dspip_text_pkg_fir_90.vhd                             ; --            ; --          ; --             ;
; MISC_FILE                          ; fir_compiler-library/coef_in_conv.v                                            ; --            ; --          ; --             ;
; MISC_FILE                          ; fir_compiler-library/data_cnt_dn_stat.v                                        ; --            ; --          ; --             ;
; MISC_FILE                          ; fir_compiler-library/data_cnt_up.v                                             ; --            ; --          ; --             ;
; MISC_FILE                          ; fir_compiler-library/data_sel_dec.v                                            ; --            ; --          ; --             ;
; MISC_FILE                          ; fir_compiler-library/dat_mm_brg.v                                              ; --            ; --          ; --             ;
; MISC_FILE                          ; fir_compiler-library/dat_store.v                                               ; --            ; --          ; --             ;
; MISC_FILE                          ; fir_compiler-library/dat_store_c.v                                             ; --            ; --          ; --             ;
; MISC_FILE                          ; fir_compiler-library/decoder_we.v                                              ; --            ; --          ; --             ;
; MISC_FILE                          ; fir_compiler-library/decoder_we_cen.v                                          ; --            ; --          ; --             ;
; MISC_FILE                          ; fir_compiler-library/delay.v                                                   ; --            ; --          ; --             ;
; MISC_FILE                          ; fir_compiler-library/delay_cen.v                                               ; --            ; --          ; --             ;
; MISC_FILE                          ; fir_compiler-library/delay_mul.v                                               ; --            ; --          ; --             ;
; MISC_FILE                          ; fir_compiler-library/delay_mul_cen.v                                           ; --            ; --          ; --             ;
; MISC_FILE                          ; fir_compiler-library/delay_mux.v                                               ; --            ; --          ; --             ;
; MISC_FILE                          ; fir_compiler-library/delay_mux_mch_odd.v                                       ; --            ; --          ; --             ;
; MISC_FILE                          ; fir_compiler-library/delay_mux_mch_odd_mcv.v                                   ; --            ; --          ; --             ;
; MISC_FILE                          ; fir_compiler-library/delay_trig.v                                              ; --            ; --          ; --             ;
; MISC_FILE                          ; fir_compiler-library/delay_trig_cen.v                                          ; --            ; --          ; --             ;
; MISC_FILE                          ; fir_compiler-library/eab_tdl_hc.v                                              ; --            ; --          ; --             ;
; MISC_FILE                          ; fir_compiler-library/eab_tdl_strat.v                                           ; --            ; --          ; --             ;
; MISC_FILE                          ; fir_compiler-library/eab_tdl_strat_mram.v                                      ; --            ; --          ; --             ;
; MISC_FILE                          ; fir_compiler-library/fir_definitions_pkg_fir_90.vhd                            ; --            ; --          ; --             ;
; MISC_FILE                          ; fir_compiler-library/lc_store.v                                                ; --            ; --          ; --             ;
; MISC_FILE                          ; fir_compiler-library/lc_store_cen.v                                            ; --            ; --          ; --             ;
; MISC_FILE                          ; fir_compiler-library/lc_tdl_strat.v                                            ; --            ; --          ; --             ;
; MISC_FILE                          ; fir_compiler-library/lc_tdl_strat_cen.v                                        ; --            ; --          ; --             ;
; MISC_FILE                          ; fir_compiler-library/maccum.v                                                  ; --            ; --          ; --             ;
; MISC_FILE                          ; fir_compiler-library/maccum_cen.v                                              ; --            ; --          ; --             ;
; MISC_FILE                          ; fir_compiler-library/mac_tl.v                                                  ; --            ; --          ; --             ;
; MISC_FILE                          ; fir_compiler-library/mcv_ctrl_deci.v                                           ; --            ; --          ; --             ;
; MISC_FILE                          ; fir_compiler-library/mcv_ctrl_nc.v                                             ; --            ; --          ; --             ;
; MISC_FILE                          ; fir_compiler-library/mlu.v                                                     ; --            ; --          ; --             ;
; MISC_FILE                          ; fir_compiler-library/mlu_dly1.v                                                ; --            ; --          ; --             ;
; MISC_FILE                          ; fir_compiler-library/mlu_dly2.v                                                ; --            ; --          ; --             ;
; MISC_FILE                          ; fir_compiler-library/mlu_inf_1reg.v                                            ; --            ; --          ; --             ;
; MISC_FILE                          ; fir_compiler-library/mlu_inf_1reg_cen.v                                        ; --            ; --          ; --             ;
; MISC_FILE                          ; fir_compiler-library/mlu_inf_2reg.v                                            ; --            ; --          ; --             ;
; MISC_FILE                          ; fir_compiler-library/mlu_inf_2reg_cen.v                                        ; --            ; --          ; --             ;
; MISC_FILE                          ; fir_compiler-library/mlu_nd.v                                                  ; --            ; --          ; --             ;
; MISC_FILE                          ; fir_compiler-library/mlu_nd_cen.v                                              ; --            ; --          ; --             ;
; MISC_FILE                          ; fir_compiler-library/mlu_nd_lc.v                                               ; --            ; --          ; --             ;
; MISC_FILE                          ; fir_compiler-library/mr_accum_wr.v                                             ; --            ; --          ; --             ;
; MISC_FILE                          ; fir_compiler-library/mr_acc_ctrl_cen_wr.v                                      ; --            ; --          ; --             ;
; MISC_FILE                          ; fir_compiler-library/mr_acc_ctrl_wr.v                                          ; --            ; --          ; --             ;
; MISC_FILE                          ; fir_compiler-library/mr_decoder_we_wr.v                                        ; --            ; --          ; --             ;
; MISC_FILE                          ; fir_compiler-library/mr_del_coef_set.v                                         ; --            ; --          ; --             ;
; MISC_FILE                          ; fir_compiler-library/mr_dnc_wr.v                                               ; --            ; --          ; --             ;
; MISC_FILE                          ; fir_compiler-library/mr_lcdelay_wr.v                                           ; --            ; --          ; --             ;
; MISC_FILE                          ; fir_compiler-library/mr_lcstore_wr.v                                           ; --            ; --          ; --             ;
; MISC_FILE                          ; fir_compiler-library/mr_lrdy_wr.v                                              ; --            ; --          ; --             ;
; MISC_FILE                          ; fir_compiler-library/mr_mux_2to1_cen_wr.v                                      ; --            ; --          ; --             ;
; MISC_FILE                          ; fir_compiler-library/mr_mux_2to1_wr.v                                          ; --            ; --          ; --             ;
; MISC_FILE                          ; fir_compiler-library/mr_ser_shift_wr.v                                         ; --            ; --          ; --             ;
; MISC_FILE                          ; fir_compiler-library/mr_upc_reload_wr.v                                        ; --            ; --          ; --             ;
; MISC_FILE                          ; fir_compiler-library/mr_upc_wr.v                                               ; --            ; --          ; --             ;
; MISC_FILE                          ; fir_compiler-library/msft.v                                                    ; --            ; --          ; --             ;
; MISC_FILE                          ; fir_compiler-library/msft_data.v                                               ; --            ; --          ; --             ;
; MISC_FILE                          ; fir_compiler-library/msft_data_reseq.v                                         ; --            ; --          ; --             ;
; MISC_FILE                          ; fir_compiler-library/msft_data_reseq_mc.v                                      ; --            ; --          ; --             ;
; MISC_FILE                          ; fir_compiler-library/msft_lt_128.v                                             ; --            ; --          ; --             ;
; MISC_FILE                          ; fir_compiler-library/msft_lt_32.v                                              ; --            ; --          ; --             ;
; MISC_FILE                          ; fir_compiler-library/msft_mcv.v                                                ; --            ; --          ; --             ;
; MISC_FILE                          ; fir_compiler-library/msft_mem.v                                                ; --            ; --          ; --             ;
; MISC_FILE                          ; fir_compiler-library/msft_mem_coef.v                                           ; --            ; --          ; --             ;
; MISC_FILE                          ; fir_compiler-library/msft_mem_hc.v                                             ; --            ; --          ; --             ;
; MISC_FILE                          ; fir_compiler-library/msft_mem_mcoef.v                                          ; --            ; --          ; --             ;
; MISC_FILE                          ; fir_compiler-library/msft_mem_reseq.v                                          ; --            ; --          ; --             ;
; MISC_FILE                          ; fir_compiler-library/msft_mem_reseq_hc.v                                       ; --            ; --          ; --             ;
; MISC_FILE                          ; fir_compiler-library/msft_mem_reseq_mcycle.v                                   ; --            ; --          ; --             ;
; MISC_FILE                          ; fir_compiler-library/msft_reseq_mc.v                                           ; --            ; --          ; --             ;
; MISC_FILE                          ; fir_compiler-library/msft_scv.v                                                ; --            ; --          ; --             ;
; MISC_FILE                          ; fir_compiler-library/mul_add.v                                                 ; --            ; --          ; --             ;
; MISC_FILE                          ; fir_compiler-library/mux_16.v                                                  ; --            ; --          ; --             ;
; MISC_FILE                          ; fir_compiler-library/mux_16_cen.v                                              ; --            ; --          ; --             ;
; MISC_FILE                          ; fir_compiler-library/mux_2to1.v                                                ; --            ; --          ; --             ;
; MISC_FILE                          ; fir_compiler-library/mux_2to1_cen.v                                            ; --            ; --          ; --             ;
; MISC_FILE                          ; fir_compiler-library/mux_2to1_comb.v                                           ; --            ; --          ; --             ;
; MISC_FILE                          ; fir_compiler-library/mux_nc.v                                                  ; --            ; --          ; --             ;
; MISC_FILE                          ; fir_compiler-library/para_tdl.v                                                ; --            ; --          ; --             ;
; MISC_FILE                          ; fir_compiler-library/par_ctrl.v                                                ; --            ; --          ; --             ;
; MISC_FILE                          ; fir_compiler-library/par_ld_ser_tdl_nc.v                                       ; --            ; --          ; --             ;
; MISC_FILE                          ; fir_compiler-library/par_ld_ser_tdl_wr.v                                       ; --            ; --          ; --             ;
; MISC_FILE                          ; fir_compiler-library/pll_fir.v                                                 ; --            ; --          ; --             ;
; MISC_FILE                          ; fir_compiler-library/poly_mac_ctrl_dec.v                                       ; --            ; --          ; --             ;
; MISC_FILE                          ; fir_compiler-library/poly_mac_ctrl_int.v                                       ; --            ; --          ; --             ;
; MISC_FILE                          ; fir_compiler-library/ram_2pt_mram_cen.v                                        ; --            ; --          ; --             ;
; MISC_FILE                          ; fir_compiler-library/ram_2pt_var.v                                             ; --            ; --          ; --             ;
; MISC_FILE                          ; fir_compiler-library/ram_2pt_var_cen.v                                         ; --            ; --          ; --             ;
; MISC_FILE                          ; fir_compiler-library/ram_2pt_var_cen_hc.v                                      ; --            ; --          ; --             ;
; MISC_FILE                          ; fir_compiler-library/ram_inf.v                                                 ; --            ; --          ; --             ;
; MISC_FILE                          ; fir_compiler-library/ram_lut.v                                                 ; --            ; --          ; --             ;
; MISC_FILE                          ; fir_compiler-library/ram_lut_cen.v                                             ; --            ; --          ; --             ;
; MISC_FILE                          ; fir_compiler-library/rnd_dat.v                                                 ; --            ; --          ; --             ;
; MISC_FILE                          ; fir_compiler-library/rom_6_lut.v                                               ; --            ; --          ; --             ;
; MISC_FILE                          ; fir_compiler-library/rom_6_lut_r.v                                             ; --            ; --          ; --             ;
; MISC_FILE                          ; fir_compiler-library/rom_lut.v                                                 ; --            ; --          ; --             ;
; MISC_FILE                          ; fir_compiler-library/rom_lut_cen.v                                             ; --            ; --          ; --             ;
; MISC_FILE                          ; fir_compiler-library/rom_lut_r.v                                               ; --            ; --          ; --             ;
; MISC_FILE                          ; fir_compiler-library/rom_lut_r_cen.v                                           ; --            ; --          ; --             ;
; MISC_FILE                          ; fir_compiler-library/rom_mset_lut.v                                            ; --            ; --          ; --             ;
; MISC_FILE                          ; fir_compiler-library/rom_mset_lut_r.v                                          ; --            ; --          ; --             ;
; MISC_FILE                          ; fir_compiler-library/rom_mset_lut_r_cen.v                                      ; --            ; --          ; --             ;
; MISC_FILE                          ; fir_compiler-library/rom_mset_lut_r_cen_wr.v                                   ; --            ; --          ; --             ;
; MISC_FILE                          ; fir_compiler-library/rom_mset_lut_r_wr.v                                       ; --            ; --          ; --             ;
; MISC_FILE                          ; fir_compiler-library/sadd.v                                                    ; --            ; --          ; --             ;
; MISC_FILE                          ; fir_compiler-library/sadd_c.v                                                  ; --            ; --          ; --             ;
; MISC_FILE                          ; fir_compiler-library/sadd_cen.v                                                ; --            ; --          ; --             ;
; MISC_FILE                          ; fir_compiler-library/sadd_c_cen.v                                              ; --            ; --          ; --             ;
; MISC_FILE                          ; fir_compiler-library/sadd_load.v                                               ; --            ; --          ; --             ;
; MISC_FILE                          ; fir_compiler-library/sadd_lpm.v                                                ; --            ; --          ; --             ;
; MISC_FILE                          ; fir_compiler-library/sadd_lpm_cen.v                                            ; --            ; --          ; --             ;
; MISC_FILE                          ; fir_compiler-library/sadd_lpm_reg_top_cen.v                                    ; --            ; --          ; --             ;
; MISC_FILE                          ; fir_compiler-library/sadd_reg_top.v                                            ; --            ; --          ; --             ;
; MISC_FILE                          ; fir_compiler-library/sadd_reg_top_cen.v                                        ; --            ; --          ; --             ;
; MISC_FILE                          ; fir_compiler-library/sadd_sub.v                                                ; --            ; --          ; --             ;
; MISC_FILE                          ; fir_compiler-library/sat_dat.v                                                 ; --            ; --          ; --             ;
; MISC_FILE                          ; fir_compiler-library/scale_accum.v                                             ; --            ; --          ; --             ;
; MISC_FILE                          ; fir_compiler-library/scale_accum_cen.v                                         ; --            ; --          ; --             ;
; MISC_FILE                          ; fir_compiler-library/scale_shft_comb.v                                         ; --            ; --          ; --             ;
; MISC_FILE                          ; fir_compiler-library/scale_shft_comb_cen.v                                     ; --            ; --          ; --             ;
; MISC_FILE                          ; fir_compiler-library/scv_ctrl.v                                                ; --            ; --          ; --             ;
; MISC_FILE                          ; fir_compiler-library/scv_ctrl_deci.v                                           ; --            ; --          ; --             ;
; MISC_FILE                          ; fir_compiler-library/sc_add.v                                                  ; --            ; --          ; --             ;
; MISC_FILE                          ; fir_compiler-library/ser_ctrl_cen.v                                            ; --            ; --          ; --             ;
; MISC_FILE                          ; fir_compiler-library/ser_shft.v                                                ; --            ; --          ; --             ;
; MISC_FILE                          ; fir_compiler-library/ser_shft_cen.v                                            ; --            ; --          ; --             ;
; MISC_FILE                          ; fir_compiler-library/ser_shift.v                                               ; --            ; --          ; --             ;
; MISC_FILE                          ; fir_compiler-library/sgn_ext.v                                                 ; --            ; --          ; --             ;
; MISC_FILE                          ; fir_compiler-library/shift_in.v                                                ; --            ; --          ; --             ;
; MISC_FILE                          ; fir_compiler-library/shift_out.v                                               ; --            ; --          ; --             ;
; MISC_FILE                          ; fir_compiler-library/slave2slave.v                                             ; --            ; --          ; --             ;
; MISC_FILE                          ; fir_compiler-library/ssub.v                                                    ; --            ; --          ; --             ;
; MISC_FILE                          ; fir_compiler-library/ssub_c.v                                                  ; --            ; --          ; --             ;
; MISC_FILE                          ; fir_compiler-library/ssub_cen.v                                                ; --            ; --          ; --             ;
; MISC_FILE                          ; fir_compiler-library/ssub_lpm.v                                                ; --            ; --          ; --             ;
; MISC_FILE                          ; fir_compiler-library/ssub_lpm_cen.v                                            ; --            ; --          ; --             ;
; MISC_FILE                          ; fir_compiler-library/sym_add_ser.v                                             ; --            ; --          ; --             ;
; MISC_FILE                          ; fir_compiler-library/sym_add_ser_cen.v                                         ; --            ; --          ; --             ;
; MISC_FILE                          ; fir_compiler-library/sym_sub_ser_cen.v                                         ; --            ; --          ; --             ;
; MISC_FILE                          ; fir_compiler-library/tdl_da_lc.v                                               ; --            ; --          ; --             ;
; MISC_FILE                          ; fir_compiler-library/trig_buf.v                                                ; --            ; --          ; --             ;
; MISC_FILE                          ; fir_compiler-library/trig_buf_l.v                                              ; --            ; --          ; --             ;
; MISC_FILE                          ; fir_compiler-library/trig_buf_r.v                                              ; --            ; --          ; --             ;
; MISC_FILE                          ; fir_compiler-library/tsadd.v                                                   ; --            ; --          ; --             ;
; MISC_FILE                          ; fir_compiler-library/tsadd_c.v                                                 ; --            ; --          ; --             ;
; MISC_FILE                          ; fir_compiler-library/tsadd_cen.v                                               ; --            ; --          ; --             ;
; MISC_FILE                          ; fir_compiler-library/tsadd_c_cen.v                                             ; --            ; --          ; --             ;
; MISC_FILE                          ; fir_compiler-library/tsadd_lpm.v                                               ; --            ; --          ; --             ;
; MISC_FILE                          ; fir_compiler-library/tsadd_lpm_cen.v                                           ; --            ; --          ; --             ;
; MISC_FILE                          ; fir_compiler-library/tsadd_lpm_reg_top_cen.v                                   ; --            ; --          ; --             ;
; MISC_FILE                          ; fir_compiler-library/tsadd_reg_top_cen.v                                       ; --            ; --          ; --             ;
; MISC_FILE                          ; fir_compiler-library/u2ssub.v                                                  ; --            ; --          ; --             ;
; MISC_FILE                          ; fir_compiler-library/u2ssub_cen.v                                              ; --            ; --          ; --             ;
; MISC_FILE                          ; fir_compiler-library/uadd.v                                                    ; --            ; --          ; --             ;
; MISC_FILE                          ; fir_compiler-library/uadd_cen.v                                                ; --            ; --          ; --             ;
; MISC_FILE                          ; fir_compiler-library/wr_en_gen.v                                               ; --            ; --          ; --             ;
; MISC_FILE                          ; filter.v                                                                       ; --            ; --          ; --             ;
; MISC_FILE                          ; filter_bb.v                                                                    ; --            ; --          ; --             ;
; MISC_FILE                          ; filter.bsf                                                                     ; --            ; --          ; --             ;
; MISC_FILE                          ; filter_ast.vhd                                                                 ; --            ; --          ; --             ;
; MISC_FILE                          ; filter_constraints.tcl                                                         ; --            ; --          ; --             ;
; MISC_FILE                          ; filter_mlab.m                                                                  ; --            ; --          ; --             ;
; MISC_FILE                          ; filter_model.m                                                                 ; --            ; --          ; --             ;
; MISC_FILE                          ; filter.vec                                                                     ; --            ; --          ; --             ;
; MISC_FILE                          ; tb_filter.vhd                                                                  ; --            ; --          ; --             ;
; MISC_FILE                          ; filter_msim.tcl                                                                ; --            ; --          ; --             ;
; MISC_FILE                          ; filter_input.txt                                                               ; --            ; --          ; --             ;
; MISC_FILE                          ; filter_coef_int.txt                                                            ; --            ; --          ; --             ;
; MISC_FILE                          ; filter_param.txt                                                               ; --            ; --          ; --             ;
; MISC_FILE                          ; filter_silent_param.txt                                                        ; --            ; --          ; --             ;
; MISC_FILE                          ; filter.qip                                                                     ; --            ; --          ; --             ;
; MISC_FILE                          ; filter.html                                                                    ; --            ; --          ; --             ;
; PARTITION_COLOR                    ; 16764057                                                                       ; --            ; --          ; Top            ;
; PARTITION_NETLIST_TYPE             ; SOURCE                                                                         ; --            ; --          ; Top            ;
; SEARCH_PATH                        ; .                                                                              ; --            ; --          ; --             ;
; SEARCH_PATH                        ; fir_compiler-library                                                           ; --            ; --          ; --             ;
; SEARCH_PATH                        ; .                                                                              ; --            ; --          ; --             ;
; SEARCH_PATH                        ; fir_compiler-library                                                           ; --            ; --          ; --             ;
; USE_GENERATED_PHYSICAL_CONSTRAINTS ; Off                                                                            ; --            ; --          ; eda_blast_fpga ;
+------------------------------------+--------------------------------------------------------------------------------+---------------+-------------+----------------+


+-----------------------------------------------------------------------------------------------------------------------------+
; Flow Elapsed Time                                                                                                           ;
+-------------------------+--------------+-------------------------+---------------------+------------------------------------+
; Module Name             ; Elapsed Time ; Average Processors Used ; Peak Virtual Memory ; Total CPU Time (on all processors) ;
+-------------------------+--------------+-------------------------+---------------------+------------------------------------+
; Analysis & Synthesis    ; 00:00:02     ; 1.0                     ; 226 MB              ; 00:00:02                           ;
; Fitter                  ; 00:00:04     ; 1.0                     ; 218 MB              ; 00:00:03                           ;
; Assembler               ; 00:00:02     ; 1.0                     ; 195 MB              ; 00:00:01                           ;
; Classic Timing Analyzer ; 00:00:01     ; 1.0                     ; 153 MB              ; 00:00:01                           ;
; Total                   ; 00:00:09     ; --                      ; --                  ; 00:00:07                           ;
+-------------------------+--------------+-------------------------+---------------------+------------------------------------+


+------------------------------------------------------------------------------------------+
; Flow OS Summary                                                                          ;
+-------------------------+------------------+---------------+------------+----------------+
; Module Name             ; Machine Hostname ; OS Name       ; OS Version ; Processor type ;
+-------------------------+------------------+---------------+------------+----------------+
; Analysis & Synthesis    ; qinshuo-PC       ; Windows Vista ; 6.1        ; i686           ;
; Fitter                  ; qinshuo-PC       ; Windows Vista ; 6.1        ; i686           ;
; Assembler               ; qinshuo-PC       ; Windows Vista ; 6.1        ; i686           ;
; Classic Timing Analyzer ; qinshuo-PC       ; Windows Vista ; 6.1        ; i686           ;
+-------------------------+------------------+---------------+------------+----------------+


------------
; Flow Log ;
------------
quartus_map --read_settings_files=on --write_settings_files=off niose2 -c niose2
quartus_fit --read_settings_files=off --write_settings_files=off niose2 -c niose2
quartus_asm --read_settings_files=off --write_settings_files=off niose2 -c niose2
quartus_tan --read_settings_files=off --write_settings_files=off niose2 -c niose2 --timing_analysis_only



