Flow report for noise
Sun Aug 11 20:13:03 2013
Quartus II Version 9.0 Build 235 06/17/2009 Service Pack 2 SJ Web Edition


---------------------
; Table of Contents ;
---------------------
  1. Legal Notice
  2. Flow Summary
  3. Flow Settings
  4. Flow Non-Default Global Settings
  5. Flow Elapsed Time
  6. Flow OS Summary
  7. Flow Log



----------------
; Legal Notice ;
----------------
Copyright (C) 1991-2009 Altera Corporation
Your use of Altera Corporation's design tools, logic functions 
and other software and tools, and its AMPP partner logic 
functions, and any output files from any of the foregoing 
(including device programming or simulation files), and any 
associated documentation or information are expressly subject 
to the terms and conditions of the Altera Program License 
Subscription Agreement, Altera MegaCore Function License 
Agreement, or other applicable license agreement, including, 
without limitation, that your use is for the sole purpose of 
programming logic devices manufactured by Altera and sold by 
Altera or its authorized distributors.  Please refer to the 
applicable agreement for further details.



+-----------------------------------------------------------------------------------+
; Flow Summary                                                                      ;
+------------------------------------+----------------------------------------------+
; Flow Status                        ; Successful - Sun Aug 11 20:13:03 2013        ;
; Quartus II Version                 ; 9.0 Build 235 06/17/2009 SP 2 SJ Web Edition ;
; Revision Name                      ; noise                                        ;
; Top-level Entity Name              ; noise                                        ;
; Family                             ; Cyclone II                                   ;
; Device                             ; EP2C8T144C8                                  ;
; Timing Models                      ; Final                                        ;
; Met timing requirements            ; Yes                                          ;
; Total logic elements               ; 3 / 8,256 ( < 1 % )                          ;
;     Total combinational functions  ; 3 / 8,256 ( < 1 % )                          ;
;     Dedicated logic registers      ; 2 / 8,256 ( < 1 % )                          ;
; Total registers                    ; 2                                            ;
; Total pins                         ; 3 / 85 ( 4 % )                               ;
; Total virtual pins                 ; 0                                            ;
; Total memory bits                  ; 0 / 165,888 ( 0 % )                          ;
; Embedded Multiplier 9-bit elements ; 0 / 36 ( 0 % )                               ;
; Total PLLs                         ; 0 / 2 ( 0 % )                                ;
+------------------------------------+----------------------------------------------+


+-----------------------------------------+
; Flow Settings                           ;
+-------------------+---------------------+
; Option            ; Setting             ;
+-------------------+---------------------+
; Start date & time ; 08/11/2013 20:12:53 ;
; Main task         ; Compilation         ;
; Revision Name     ; noise               ;
+-------------------+---------------------+


+--------------------------------------------------------------------------------------------------------------------------------------------+
; Flow Non-Default Global Settings                                                                                                           ;
+------------------------------------+-----------------------------------------+------------------------------+-------------+----------------+
; Assignment Name                    ; Value                                   ; Default Value                ; Entity Name ; Section Id     ;
+------------------------------------+-----------------------------------------+------------------------------+-------------+----------------+
; COMPILER_SIGNATURE_ID              ; 46580539498984.137622317308184          ; --                           ; --          ; --             ;
; FITTER_EFFORT                      ; Standard Fit                            ; Auto Fit                     ; --          ; --             ;
; INCREMENTAL_COMPILATION            ; Off                                     ; FULL_INCREMENTAL_COMPILATION ; --          ; --             ;
; MAX_CORE_JUNCTION_TEMP             ; 85                                      ; --                           ; --          ; --             ;
; MIN_CORE_JUNCTION_TEMP             ; 0                                       ; --                           ; --          ; --             ;
; MISC_FILE                          ; D:/WORKPLACE/VerilogPRJ/noise/noise.dpf ; --                           ; --          ; --             ;
; USE_GENERATED_PHYSICAL_CONSTRAINTS ; Off                                     ; --                           ; --          ; eda_blast_fpga ;
+------------------------------------+-----------------------------------------+------------------------------+-------------+----------------+


+-----------------------------------------------------------------------------------------------------------------------------+
; Flow Elapsed Time                                                                                                           ;
+-------------------------+--------------+-------------------------+---------------------+------------------------------------+
; Module Name             ; Elapsed Time ; Average Processors Used ; Peak Virtual Memory ; Total CPU Time (on all processors) ;
+-------------------------+--------------+-------------------------+---------------------+------------------------------------+
; Analysis & Synthesis    ; 00:00:01     ; 1.0                     ; 205 MB              ; 00:00:01                           ;
; Fitter                  ; 00:00:03     ; 1.0                     ; 218 MB              ; 00:00:03                           ;
; Assembler               ; 00:00:01     ; 1.0                     ; 194 MB              ; 00:00:01                           ;
; Classic Timing Analyzer ; 00:00:01     ; 1.0                     ; 153 MB              ; 00:00:01                           ;
; Total                   ; 00:00:06     ; --                      ; --                  ; 00:00:06                           ;
+-------------------------+--------------+-------------------------+---------------------+------------------------------------+


+------------------------------------------------------------------------------------------+
; Flow OS Summary                                                                          ;
+-------------------------+------------------+---------------+------------+----------------+
; Module Name             ; Machine Hostname ; OS Name       ; OS Version ; Processor type ;
+-------------------------+------------------+---------------+------------+----------------+
; Analysis & Synthesis    ; qinshuo-PC       ; Windows Vista ; 6.1        ; i686           ;
; Fitter                  ; qinshuo-PC       ; Windows Vista ; 6.1        ; i686           ;
; Assembler               ; qinshuo-PC       ; Windows Vista ; 6.1        ; i686           ;
; Classic Timing Analyzer ; qinshuo-PC       ; Windows Vista ; 6.1        ; i686           ;
+-------------------------+------------------+---------------+------------+----------------+


------------
; Flow Log ;
------------
quartus_map --read_settings_files=on --write_settings_files=off noise -c noise
quartus_fit --read_settings_files=off --write_settings_files=off noise -c noise
quartus_asm --read_settings_files=off --write_settings_files=off noise -c noise
quartus_tan --read_settings_files=off --write_settings_files=off noise -c noise --timing_analysis_only



