Classic Timing Analyzer report for noise
Sun Aug 11 20:13:03 2013
Quartus II Version 9.0 Build 235 06/17/2009 Service Pack 2 SJ Web Edition


---------------------
; Table of Contents ;
---------------------
  1. Legal Notice
  2. Timing Analyzer Summary
  3. Timing Analyzer Settings
  4. Clock Settings Summary
  5. Parallel Compilation
  6. Clock Setup: 'clk'
  7. tco
  8. Timing Analyzer Messages



----------------
; Legal Notice ;
----------------
Copyright (C) 1991-2009 Altera Corporation
Your use of Altera Corporation's design tools, logic functions 
and other software and tools, and its AMPP partner logic 
functions, and any output files from any of the foregoing 
(including device programming or simulation files), and any 
associated documentation or information are expressly subject 
to the terms and conditions of the Altera Program License 
Subscription Agreement, Altera MegaCore Function License 
Agreement, or other applicable license agreement, including, 
without limitation, that your use is for the sole purpose of 
programming logic devices manufactured by Altera and sold by 
Altera or its authorized distributors.  Please refer to the 
applicable agreement for further details.



+----------------------------------------------------------------------------------------------------------------------------------------------------------------+
; Timing Analyzer Summary                                                                                                                                        ;
+------------------------------+-------+---------------+------------------------------------------------+--------+--------+------------+----------+--------------+
; Type                         ; Slack ; Required Time ; Actual Time                                    ; From   ; To     ; From Clock ; To Clock ; Failed Paths ;
+------------------------------+-------+---------------+------------------------------------------------+--------+--------+------------+----------+--------------+
; Worst-case tco               ; N/A   ; None          ; 8.245 ns                                       ; cnt[0] ; out    ; clk        ; --       ; 0            ;
; Clock Setup: 'clk'           ; N/A   ; None          ; Restricted to 340.02 MHz ( period = 2.941 ns ) ; cnt[0] ; cnt[1] ; clk        ; clk      ; 0            ;
; Total number of failed paths ;       ;               ;                                                ;        ;        ;            ;          ; 0            ;
+------------------------------+-------+---------------+------------------------------------------------+--------+--------+------------+----------+--------------+


+--------------------------------------------------------------------------------------------------------------------+
; Timing Analyzer Settings                                                                                           ;
+---------------------------------------------------------------------+--------------------+------+----+-------------+
; Option                                                              ; Setting            ; From ; To ; Entity Name ;
+---------------------------------------------------------------------+--------------------+------+----+-------------+
; Device Name                                                         ; EP2C8T144C8        ;      ;    ;             ;
; Timing Models                                                       ; Final              ;      ;    ;             ;
; Default hold multicycle                                             ; Same as Multicycle ;      ;    ;             ;
; Cut paths between unrelated clock domains                           ; On                 ;      ;    ;             ;
; Cut off read during write signal paths                              ; On                 ;      ;    ;             ;
; Cut off feedback from I/O pins                                      ; On                 ;      ;    ;             ;
; Report Combined Fast/Slow Timing                                    ; Off                ;      ;    ;             ;
; Ignore Clock Settings                                               ; Off                ;      ;    ;             ;
; Analyze latches as synchronous elements                             ; On                 ;      ;    ;             ;
; Enable Recovery/Removal analysis                                    ; Off                ;      ;    ;             ;
; Enable Clock Latency                                                ; Off                ;      ;    ;             ;
; Use TimeQuest Timing Analyzer                                       ; Off                ;      ;    ;             ;
; Minimum Core Junction Temperature                                   ; 0                  ;      ;    ;             ;
; Maximum Core Junction Temperature                                   ; 85                 ;      ;    ;             ;
; Number of source nodes to report per destination node               ; 10                 ;      ;    ;             ;
; Number of destination nodes to report                               ; 10                 ;      ;    ;             ;
; Number of paths to report                                           ; 200                ;      ;    ;             ;
; Report Minimum Timing Checks                                        ; Off                ;      ;    ;             ;
; Use Fast Timing Models                                              ; Off                ;      ;    ;             ;
; Report IO Paths Separately                                          ; Off                ;      ;    ;             ;
; Perform Multicorner Analysis                                        ; On                 ;      ;    ;             ;
; Reports the worst-case path for each clock domain and analysis      ; Off                ;      ;    ;             ;
; Removes common clock path pessimism (CCPP) during slack computation ; Off                ;      ;    ;             ;
; Output I/O Timing Endpoint                                          ; Near End           ;      ;    ;             ;
+---------------------------------------------------------------------+--------------------+------+----+-------------+


+------------------------------------------------------------------------------------------------------------------------------------------------------------------------------------+
; Clock Settings Summary                                                                                                                                                             ;
+-----------------+--------------------+----------+------------------+---------------+--------------+----------+-----------------------+---------------------+--------+--------------+
; Clock Node Name ; Clock Setting Name ; Type     ; Fmax Requirement ; Early Latency ; Late Latency ; Based on ; Multiply Base Fmax by ; Divide Base Fmax by ; Offset ; Phase offset ;
+-----------------+--------------------+----------+------------------+---------------+--------------+----------+-----------------------+---------------------+--------+--------------+
; clk             ;                    ; User Pin ; None             ; 0.000 ns      ; 0.000 ns     ; --       ; N/A                   ; N/A                 ; N/A    ;              ;
+-----------------+--------------------+----------+------------------+---------------+--------------+----------+-----------------------+---------------------+--------+--------------+


Parallel compilation was disabled, but you have multiple processors available. Enable parallel compilation to reduce compilation time.
+-------------------------------------+
; Parallel Compilation                ;
+----------------------------+--------+
; Processors                 ; Number ;
+----------------------------+--------+
; Number detected on machine ; 2      ;
; Maximum allowed            ; 1      ;
+----------------------------+--------+


+--------------------------------------------------------------------------------------------------------------------------------------------------------------------------------------+
; Clock Setup: 'clk'                                                                                                                                                                   ;
+-------+------------------------------------------------+--------+--------+------------+----------+-----------------------------+---------------------------+-------------------------+
; Slack ; Actual fmax (period)                           ; From   ; To     ; From Clock ; To Clock ; Required Setup Relationship ; Required Longest P2P Time ; Actual Longest P2P Time ;
+-------+------------------------------------------------+--------+--------+------------+----------+-----------------------------+---------------------------+-------------------------+
; N/A   ; Restricted to 340.02 MHz ( period = 2.941 ns ) ; cnt[0] ; cnt[1] ; clk        ; clk      ; None                        ; None                      ; 0.748 ns                ;
; N/A   ; Restricted to 340.02 MHz ( period = 2.941 ns ) ; cnt[0] ; cnt[0] ; clk        ; clk      ; None                        ; None                      ; 0.501 ns                ;
; N/A   ; Restricted to 340.02 MHz ( period = 2.941 ns ) ; cnt[1] ; cnt[1] ; clk        ; clk      ; None                        ; None                      ; 0.501 ns                ;
+-------+------------------------------------------------+--------+--------+------------+----------+-----------------------------+---------------------------+-------------------------+


+---------------------------------------------------------------+
; tco                                                           ;
+-------+--------------+------------+--------+-----+------------+
; Slack ; Required tco ; Actual tco ; From   ; To  ; From Clock ;
+-------+--------------+------------+--------+-----+------------+
; N/A   ; None         ; 8.245 ns   ; cnt[0] ; out ; clk        ;
; N/A   ; None         ; 7.811 ns   ; cnt[1] ; out ; clk        ;
+-------+--------------+------------+--------+-----+------------+


+--------------------------+
; Timing Analyzer Messages ;
+--------------------------+
Info: *******************************************************************
Info: Running Quartus II Classic Timing Analyzer
    Info: Version 9.0 Build 235 06/17/2009 Service Pack 2 SJ Web Edition
    Info: Processing started: Sun Aug 11 20:13:02 2013
Info: Command: quartus_tan --read_settings_files=off --write_settings_files=off noise -c noise --timing_analysis_only
Warning: Found pins functioning as undefined clocks and/or memory enables
    Info: Assuming node "clk" is an undefined clock
Info: Clock "clk" Internal fmax is restricted to 340.02 MHz between source register "cnt[0]" and destination register "cnt[1]"
    Info: fmax restricted to clock pin edge rate 2.941 ns. Expand message to see actual delay path.
        Info: + Longest register to register delay is 0.748 ns
            Info: 1: + IC(0.000 ns) + CELL(0.000 ns) = 0.000 ns; Loc. = LCFF_X19_Y1_N1; Fanout = 3; REG Node = 'cnt[0]'
            Info: 2: + IC(0.434 ns) + CELL(0.206 ns) = 0.640 ns; Loc. = LCCOMB_X19_Y1_N30; Fanout = 1; COMB Node = 'cnt[1]~0'
            Info: 3: + IC(0.000 ns) + CELL(0.108 ns) = 0.748 ns; Loc. = LCFF_X19_Y1_N31; Fanout = 2; REG Node = 'cnt[1]'
            Info: Total cell delay = 0.314 ns ( 41.98 % )
            Info: Total interconnect delay = 0.434 ns ( 58.02 % )
        Info: - Smallest clock skew is 0.000 ns
            Info: + Shortest clock path from clock "clk" to destination register is 2.815 ns
                Info: 1: + IC(0.000 ns) + CELL(1.100 ns) = 1.100 ns; Loc. = PIN_91; Fanout = 1; CLK Node = 'clk'
                Info: 2: + IC(0.139 ns) + CELL(0.000 ns) = 1.239 ns; Loc. = CLKCTRL_G6; Fanout = 2; COMB Node = 'clk~clkctrl'
                Info: 3: + IC(0.910 ns) + CELL(0.666 ns) = 2.815 ns; Loc. = LCFF_X19_Y1_N31; Fanout = 2; REG Node = 'cnt[1]'
                Info: Total cell delay = 1.766 ns ( 62.74 % )
                Info: Total interconnect delay = 1.049 ns ( 37.26 % )
            Info: - Longest clock path from clock "clk" to source register is 2.815 ns
                Info: 1: + IC(0.000 ns) + CELL(1.100 ns) = 1.100 ns; Loc. = PIN_91; Fanout = 1; CLK Node = 'clk'
                Info: 2: + IC(0.139 ns) + CELL(0.000 ns) = 1.239 ns; Loc. = CLKCTRL_G6; Fanout = 2; COMB Node = 'clk~clkctrl'
                Info: 3: + IC(0.910 ns) + CELL(0.666 ns) = 2.815 ns; Loc. = LCFF_X19_Y1_N1; Fanout = 3; REG Node = 'cnt[0]'
                Info: Total cell delay = 1.766 ns ( 62.74 % )
                Info: Total interconnect delay = 1.049 ns ( 37.26 % )
        Info: + Micro clock to output delay of source is 0.304 ns
        Info: + Micro setup delay of destination is -0.040 ns
Info: tco from clock "clk" to destination pin "out" through register "cnt[0]" is 8.245 ns
    Info: + Longest clock path from clock "clk" to source register is 2.815 ns
        Info: 1: + IC(0.000 ns) + CELL(1.100 ns) = 1.100 ns; Loc. = PIN_91; Fanout = 1; CLK Node = 'clk'
        Info: 2: + IC(0.139 ns) + CELL(0.000 ns) = 1.239 ns; Loc. = CLKCTRL_G6; Fanout = 2; COMB Node = 'clk~clkctrl'
        Info: 3: + IC(0.910 ns) + CELL(0.666 ns) = 2.815 ns; Loc. = LCFF_X19_Y1_N1; Fanout = 3; REG Node = 'cnt[0]'
        Info: Total cell delay = 1.766 ns ( 62.74 % )
        Info: Total interconnect delay = 1.049 ns ( 37.26 % )
    Info: + Micro clock to output delay of source is 0.304 ns
    Info: + Longest register to pin delay is 5.126 ns
        Info: 1: + IC(0.000 ns) + CELL(0.000 ns) = 0.000 ns; Loc. = LCFF_X19_Y1_N1; Fanout = 3; REG Node = 'cnt[0]'
        Info: 2: + IC(0.745 ns) + CELL(0.319 ns) = 1.064 ns; Loc. = LCCOMB_X19_Y1_N16; Fanout = 1; COMB Node = 'Equal0~0'
        Info: 3: + IC(0.836 ns) + CELL(3.226 ns) = 5.126 ns; Loc. = PIN_59; Fanout = 0; PIN Node = 'out'
        Info: Total cell delay = 3.545 ns ( 69.16 % )
        Info: Total interconnect delay = 1.581 ns ( 30.84 % )
Info: Quartus II Classic Timing Analyzer was successful. 0 errors, 1 warning
    Info: Peak virtual memory: 165 megabytes
    Info: Processing ended: Sun Aug 11 20:13:03 2013
    Info: Elapsed time: 00:00:01
    Info: Total CPU time (on all processors): 00:00:01


