Flow report for key_1
Sat Jun 01 20:22:24 2013
Quartus II Version 9.0 Build 235 06/17/2009 Service Pack 2 SJ Web Edition


---------------------
; Table of Contents ;
---------------------
  1. Legal Notice
  2. Flow Summary
  3. Flow Settings
  4. Flow Non-Default Global Settings
  5. Flow Elapsed Time
  6. Flow OS Summary
  7. Flow Log



----------------
; Legal Notice ;
----------------
Copyright (C) 1991-2009 Altera Corporation
Your use of Altera Corporation's design tools, logic functions 
and other software and tools, and its AMPP partner logic 
functions, and any output files from any of the foregoing 
(including device programming or simulation files), and any 
associated documentation or information are expressly subject 
to the terms and conditions of the Altera Program License 
Subscription Agreement, Altera MegaCore Function License 
Agreement, or other applicable license agreement, including, 
without limitation, that your use is for the sole purpose of 
programming logic devices manufactured by Altera and sold by 
Altera or its authorized distributors.  Please refer to the 
applicable agreement for further details.



+------------------------------------------------------------------------+
; Flow Summary                                                           ;
+-------------------------+----------------------------------------------+
; Flow Status             ; Successful - Sat Jun 01 20:22:24 2013        ;
; Quartus II Version      ; 9.0 Build 235 06/17/2009 SP 2 SJ Web Edition ;
; Revision Name           ; key_1                                        ;
; Top-level Entity Name   ; key_1                                        ;
; Family                  ; MAX II                                       ;
; Device                  ; EPM570T144C5                                 ;
; Timing Models           ; Final                                        ;
; Met timing requirements ; Yes                                          ;
; Total logic elements    ; 39 / 570 ( 7 % )                             ;
; Total pins              ; 16 / 116 ( 14 % )                            ;
; Total virtual pins      ; 0                                            ;
; UFM blocks              ; 0 / 1 ( 0 % )                                ;
+-------------------------+----------------------------------------------+


+-----------------------------------------+
; Flow Settings                           ;
+-------------------+---------------------+
; Option            ; Setting             ;
+-------------------+---------------------+
; Start date & time ; 06/01/2013 20:22:14 ;
; Main task         ; Compilation         ;
; Revision Name     ; key_1               ;
+-------------------+---------------------+


+--------------------------------------------------------------------------------------------------------------------------------+
; Flow Non-Default Global Settings                                                                                               ;
+---------------------------------------+-----------------------------------------+---------------+-------------+----------------+
; Assignment Name                       ; Value                                   ; Default Value ; Entity Name ; Section Id     ;
+---------------------------------------+-----------------------------------------+---------------+-------------+----------------+
; COMPILER_SIGNATURE_ID                 ; 46580539498984.137008933402672          ; --            ; --          ; --             ;
; MAX_CORE_JUNCTION_TEMP                ; 85                                      ; --            ; --          ; --             ;
; MIN_CORE_JUNCTION_TEMP                ; 0                                       ; --            ; --          ; --             ;
; MISC_FILE                             ; D:/WORKPLACE/VerilogPRJ/key_1/key_1.dpf ; --            ; --          ; --             ;
; PARTITION_COLOR                       ; 16764057                                ; --            ; --          ; Top            ;
; PARTITION_NETLIST_TYPE                ; SOURCE                                  ; --            ; --          ; Top            ;
; POWER_EXT_SUPPLY_VOLTAGE_TO_REGULATOR ; 3.3V                                    ; --            ; --          ; --             ;
; TIMEQUEST_MULTICORNER_ANALYSIS        ; On                                      ; Off           ; --          ; --             ;
; USE_GENERATED_PHYSICAL_CONSTRAINTS    ; Off                                     ; --            ; --          ; eda_blast_fpga ;
+---------------------------------------+-----------------------------------------+---------------+-------------+----------------+


+-----------------------------------------------------------------------------------------------------------------------------+
; Flow Elapsed Time                                                                                                           ;
+-------------------------+--------------+-------------------------+---------------------+------------------------------------+
; Module Name             ; Elapsed Time ; Average Processors Used ; Peak Virtual Memory ; Total CPU Time (on all processors) ;
+-------------------------+--------------+-------------------------+---------------------+------------------------------------+
; Analysis & Synthesis    ; 00:00:01     ; 1.0                     ; 196 MB              ; 00:00:01                           ;
; Fitter                  ; 00:00:02     ; 1.0                     ; 199 MB              ; 00:00:01                           ;
; Assembler               ; 00:00:01     ; 1.0                     ; 177 MB              ; 00:00:01                           ;
; Classic Timing Analyzer ; 00:00:01     ; 1.0                     ; 151 MB              ; 00:00:01                           ;
; Total                   ; 00:00:05     ; --                      ; --                  ; 00:00:04                           ;
+-------------------------+--------------+-------------------------+---------------------+------------------------------------+


+------------------------------------------------------------------------------------------+
; Flow OS Summary                                                                          ;
+-------------------------+------------------+---------------+------------+----------------+
; Module Name             ; Machine Hostname ; OS Name       ; OS Version ; Processor type ;
+-------------------------+------------------+---------------+------------+----------------+
; Analysis & Synthesis    ; qinshuo-PC       ; Windows Vista ; 6.1        ; i686           ;
; Fitter                  ; qinshuo-PC       ; Windows Vista ; 6.1        ; i686           ;
; Assembler               ; qinshuo-PC       ; Windows Vista ; 6.1        ; i686           ;
; Classic Timing Analyzer ; qinshuo-PC       ; Windows Vista ; 6.1        ; i686           ;
+-------------------------+------------------+---------------+------------+----------------+


------------
; Flow Log ;
------------
quartus_map --read_settings_files=on --write_settings_files=off key_1 -c key_1
quartus_fit --read_settings_files=off --write_settings_files=off key_1 -c key_1
quartus_asm --read_settings_files=off --write_settings_files=off key_1 -c key_1
quartus_tan --read_settings_files=off --write_settings_files=off key_1 -c key_1



