Flow report for adder
Sun Aug 04 15:39:28 2013
Quartus II Version 9.0 Build 235 06/17/2009 Service Pack 2 SJ Web Edition


---------------------
; Table of Contents ;
---------------------
  1. Legal Notice
  2. Flow Summary
  3. Flow Settings
  4. Flow Non-Default Global Settings
  5. Flow Elapsed Time
  6. Flow OS Summary
  7. Flow Log



----------------
; Legal Notice ;
----------------
Copyright (C) 1991-2009 Altera Corporation
Your use of Altera Corporation's design tools, logic functions 
and other software and tools, and its AMPP partner logic 
functions, and any output files from any of the foregoing 
(including device programming or simulation files), and any 
associated documentation or information are expressly subject 
to the terms and conditions of the Altera Program License 
Subscription Agreement, Altera MegaCore Function License 
Agreement, or other applicable license agreement, including, 
without limitation, that your use is for the sole purpose of 
programming logic devices manufactured by Altera and sold by 
Altera or its authorized distributors.  Please refer to the 
applicable agreement for further details.



+-----------------------------------------------------------------------------------+
; Flow Summary                                                                      ;
+------------------------------------+----------------------------------------------+
; Flow Status                        ; Successful - Sun Aug 04 15:39:28 2013        ;
; Quartus II Version                 ; 9.0 Build 235 06/17/2009 SP 2 SJ Web Edition ;
; Revision Name                      ; adder                                        ;
; Top-level Entity Name              ; adder                                        ;
; Family                             ; Cyclone III                                  ;
; Device                             ; EP3C16F484C6                                 ;
; Timing Models                      ; Final                                        ;
; Met timing requirements            ; N/A                                          ;
; Total logic elements               ; 43 / 15,408 ( < 1 % )                        ;
;     Total combinational functions  ; 43 / 15,408 ( < 1 % )                        ;
;     Dedicated logic registers      ; 26 / 15,408 ( < 1 % )                        ;
; Total registers                    ; 26                                           ;
; Total pins                         ; 13 / 347 ( 4 % )                             ;
; Total virtual pins                 ; 0                                            ;
; Total memory bits                  ; 0 / 516,096 ( 0 % )                          ;
; Embedded Multiplier 9-bit elements ; 0 / 112 ( 0 % )                              ;
; Total PLLs                         ; 0 / 4 ( 0 % )                                ;
+------------------------------------+----------------------------------------------+


+-----------------------------------------+
; Flow Settings                           ;
+-------------------+---------------------+
; Option            ; Setting             ;
+-------------------+---------------------+
; Start date & time ; 08/04/2013 15:39:03 ;
; Main task         ; Compilation         ;
; Revision Name     ; adder               ;
+-------------------+---------------------+


+------------------------------------------------------------------------------------------------------------------------------------------+
; Flow Non-Default Global Settings                                                                                                         ;
+------------------------------------------------+------------------------------------------+---------------+-------------+----------------+
; Assignment Name                                ; Value                                    ; Default Value ; Entity Name ; Section Id     ;
+------------------------------------------------+------------------------------------------+---------------+-------------+----------------+
; COMPILER_SIGNATURE_ID                          ; 46580539498984.137560194307172           ; --            ; --          ; --             ;
; EDA_DESIGN_INSTANCE_NAME                       ; adder_0                                  ; --            ; --          ; adder_0        ;
; EDA_NATIVELINK_SIMULATION_TEST_BENCH           ; adder_0                                  ; --            ; --          ; eda_simulation ;
; EDA_OUTPUT_DATA_FORMAT                         ; Verilog Hdl                              ; --            ; --          ; eda_simulation ;
; EDA_RUN_TOOL_AUTOMATICALLY                     ; Off                                      ; --            ; --          ; eda_simulation ;
; EDA_SIMULATION_TOOL                            ; ModelSim-Altera (Verilog)                ; <None>        ; --          ; --             ;
; EDA_TEST_BENCH_ENABLE_STATUS                   ; TEST_BENCH_MODE                          ; --            ; --          ; eda_simulation ;
; EDA_TEST_BENCH_FILE                            ; simulation/modelsim/adder.vt             ; --            ; --          ; adder_0        ;
; EDA_TEST_BENCH_MODULE_NAME                     ; adder_0                                  ; --            ; --          ; adder_0        ;
; EDA_TEST_BENCH_NAME                            ; adder_0                                  ; --            ; --          ; eda_simulation ;
; EDA_TIME_SCALE                                 ; 1 ps                                     ; --            ; --          ; eda_simulation ;
; EDA_USER_COMPILED_SIMULATION_LIBRARY_DIRECTORY ; D:/WORKPLACE/VerilogPRJ/adder/simulation ; --            ; --          ; eda_simulation ;
; MAX_CORE_JUNCTION_TEMP                         ; 85                                       ; --            ; --          ; --             ;
; MIN_CORE_JUNCTION_TEMP                         ; 0                                        ; --            ; --          ; --             ;
; MISC_FILE                                      ; D:/WORKPLACE/VerilogPRJ/adder/adder.dpf  ; --            ; --          ; --             ;
; NOMINAL_CORE_SUPPLY_VOLTAGE                    ; 1.2V                                     ; --            ; --          ; --             ;
; PARTITION_COLOR                                ; 16764057                                 ; --            ; --          ; Top            ;
; PARTITION_NETLIST_TYPE                         ; SOURCE                                   ; --            ; --          ; Top            ;
; USE_GENERATED_PHYSICAL_CONSTRAINTS             ; Off                                      ; --            ; --          ; eda_blast_fpga ;
+------------------------------------------------+------------------------------------------+---------------+-------------+----------------+


+-------------------------------------------------------------------------------------------------------------------------------+
; Flow Elapsed Time                                                                                                             ;
+---------------------------+--------------+-------------------------+---------------------+------------------------------------+
; Module Name               ; Elapsed Time ; Average Processors Used ; Peak Virtual Memory ; Total CPU Time (on all processors) ;
+---------------------------+--------------+-------------------------+---------------------+------------------------------------+
; Analysis & Synthesis      ; 00:00:03     ; 1.0                     ; 204 MB              ; 00:00:01                           ;
; Fitter                    ; 00:00:08     ; 1.0                     ; 274 MB              ; 00:00:06                           ;
; Assembler                 ; 00:00:03     ; 1.0                     ; 212 MB              ; 00:00:02                           ;
; TimeQuest Timing Analyzer ; 00:00:03     ; 1.0                     ; 224 MB              ; 00:00:03                           ;
; EDA Netlist Writer        ; 00:00:02     ; 1.0                     ; 158 MB              ; 00:00:01                           ;
; Total                     ; 00:00:19     ; --                      ; --                  ; 00:00:13                           ;
+---------------------------+--------------+-------------------------+---------------------+------------------------------------+


+--------------------------------------------------------------------------------------------+
; Flow OS Summary                                                                            ;
+---------------------------+------------------+---------------+------------+----------------+
; Module Name               ; Machine Hostname ; OS Name       ; OS Version ; Processor type ;
+---------------------------+------------------+---------------+------------+----------------+
; Analysis & Synthesis      ; qinshuo-PC       ; Windows Vista ; 6.1        ; i686           ;
; Fitter                    ; qinshuo-PC       ; Windows Vista ; 6.1        ; i686           ;
; Assembler                 ; qinshuo-PC       ; Windows Vista ; 6.1        ; i686           ;
; TimeQuest Timing Analyzer ; qinshuo-PC       ; Windows Vista ; 6.1        ; i686           ;
; EDA Netlist Writer        ; qinshuo-PC       ; Windows Vista ; 6.1        ; i686           ;
+---------------------------+------------------+---------------+------------+----------------+


------------
; Flow Log ;
------------
quartus_map --read_settings_files=on --write_settings_files=off adder -c adder
quartus_fit --read_settings_files=off --write_settings_files=off adder -c adder
quartus_asm --read_settings_files=off --write_settings_files=off adder -c adder
quartus_sta adder -c adder
quartus_eda --read_settings_files=off --write_settings_files=off adder -c adder



