Classic Timing Analyzer report for m_group
Thu Aug 08 22:58:21 2013
Quartus II Version 9.0 Build 235 06/17/2009 Service Pack 2 SJ Web Edition


---------------------
; Table of Contents ;
---------------------
  1. Legal Notice
  2. Timing Analyzer Summary
  3. Timing Analyzer Settings
  4. Clock Settings Summary
  5. Parallel Compilation
  6. Clock Setup: 'clk'
  7. tco
  8. Timing Analyzer Messages



----------------
; Legal Notice ;
----------------
Copyright (C) 1991-2009 Altera Corporation
Your use of Altera Corporation's design tools, logic functions 
and other software and tools, and its AMPP partner logic 
functions, and any output files from any of the foregoing 
(including device programming or simulation files), and any 
associated documentation or information are expressly subject 
to the terms and conditions of the Altera Program License 
Subscription Agreement, Altera MegaCore Function License 
Agreement, or other applicable license agreement, including, 
without limitation, that your use is for the sole purpose of 
programming logic devices manufactured by Altera and sold by 
Altera or its authorized distributors.  Please refer to the 
applicable agreement for further details.



+----------------------------------------------------------------------------------------------------------------------------------------------------------------------------------+
; Timing Analyzer Summary                                                                                                                                                          ;
+------------------------------+-------+---------------+------------------------------------------------+---------+-------------------------+------------+----------+--------------+
; Type                         ; Slack ; Required Time ; Actual Time                                    ; From    ; To                      ; From Clock ; To Clock ; Failed Paths ;
+------------------------------+-------+---------------+------------------------------------------------+---------+-------------------------+------------+----------+--------------+
; Worst-case tco               ; N/A   ; None          ; 10.185 ns                                      ; cnt1[0] ; out_clk                 ; clk        ; --       ; 0            ;
; Clock Setup: 'clk'           ; N/A   ; None          ; Restricted to 340.02 MHz ( period = 2.941 ns ) ; cnt[0]  ; lfsr:data_lfsr1|sreg[7] ; clk        ; clk      ; 0            ;
; Total number of failed paths ;       ;               ;                                                ;         ;                         ;            ;          ; 0            ;
+------------------------------+-------+---------------+------------------------------------------------+---------+-------------------------+------------+----------+--------------+


+--------------------------------------------------------------------------------------------------------------------+
; Timing Analyzer Settings                                                                                           ;
+---------------------------------------------------------------------+--------------------+------+----+-------------+
; Option                                                              ; Setting            ; From ; To ; Entity Name ;
+---------------------------------------------------------------------+--------------------+------+----+-------------+
; Device Name                                                         ; EP2C8T144C8        ;      ;    ;             ;
; Timing Models                                                       ; Final              ;      ;    ;             ;
; Default hold multicycle                                             ; Same as Multicycle ;      ;    ;             ;
; Cut paths between unrelated clock domains                           ; On                 ;      ;    ;             ;
; Cut off read during write signal paths                              ; On                 ;      ;    ;             ;
; Cut off feedback from I/O pins                                      ; On                 ;      ;    ;             ;
; Report Combined Fast/Slow Timing                                    ; Off                ;      ;    ;             ;
; Ignore Clock Settings                                               ; Off                ;      ;    ;             ;
; Analyze latches as synchronous elements                             ; On                 ;      ;    ;             ;
; Enable Recovery/Removal analysis                                    ; Off                ;      ;    ;             ;
; Enable Clock Latency                                                ; Off                ;      ;    ;             ;
; Use TimeQuest Timing Analyzer                                       ; Off                ;      ;    ;             ;
; Minimum Core Junction Temperature                                   ; 0                  ;      ;    ;             ;
; Maximum Core Junction Temperature                                   ; 85                 ;      ;    ;             ;
; Number of source nodes to report per destination node               ; 10                 ;      ;    ;             ;
; Number of destination nodes to report                               ; 10                 ;      ;    ;             ;
; Number of paths to report                                           ; 200                ;      ;    ;             ;
; Report Minimum Timing Checks                                        ; Off                ;      ;    ;             ;
; Use Fast Timing Models                                              ; Off                ;      ;    ;             ;
; Report IO Paths Separately                                          ; Off                ;      ;    ;             ;
; Perform Multicorner Analysis                                        ; On                 ;      ;    ;             ;
; Reports the worst-case path for each clock domain and analysis      ; Off                ;      ;    ;             ;
; Removes common clock path pessimism (CCPP) during slack computation ; Off                ;      ;    ;             ;
; Output I/O Timing Endpoint                                          ; Near End           ;      ;    ;             ;
+---------------------------------------------------------------------+--------------------+------+----+-------------+


+------------------------------------------------------------------------------------------------------------------------------------------------------------------------------------+
; Clock Settings Summary                                                                                                                                                             ;
+-----------------+--------------------+----------+------------------+---------------+--------------+----------+-----------------------+---------------------+--------+--------------+
; Clock Node Name ; Clock Setting Name ; Type     ; Fmax Requirement ; Early Latency ; Late Latency ; Based on ; Multiply Base Fmax by ; Divide Base Fmax by ; Offset ; Phase offset ;
+-----------------+--------------------+----------+------------------+---------------+--------------+----------+-----------------------+---------------------+--------+--------------+
; clk             ;                    ; User Pin ; None             ; 0.000 ns      ; 0.000 ns     ; --       ; N/A                   ; N/A                 ; N/A    ;              ;
+-----------------+--------------------+----------+------------------+---------------+--------------+----------+-----------------------+---------------------+--------+--------------+


Parallel compilation was disabled, but you have multiple processors available. Enable parallel compilation to reduce compilation time.
+-------------------------------------+
; Parallel Compilation                ;
+----------------------------+--------+
; Processors                 ; Number ;
+----------------------------+--------+
; Number detected on machine ; 2      ;
; Maximum allowed            ; 1      ;
+----------------------------+--------+


+------------------------------------------------------------------------------------------------------------------------------------------------------------------------------------------------------------------------+
; Clock Setup: 'clk'                                                                                                                                                                                                     ;
+-------+------------------------------------------------+-------------------------+-------------------------+------------+----------+-----------------------------+---------------------------+-------------------------+
; Slack ; Actual fmax (period)                           ; From                    ; To                      ; From Clock ; To Clock ; Required Setup Relationship ; Required Longest P2P Time ; Actual Longest P2P Time ;
+-------+------------------------------------------------+-------------------------+-------------------------+------------+----------+-----------------------------+---------------------------+-------------------------+
; N/A   ; Restricted to 340.02 MHz ( period = 2.941 ns ) ; cnt[0]                  ; lfsr:data_lfsr1|sreg[0] ; clk        ; clk      ; None                        ; None                      ; 2.222 ns                ;
; N/A   ; Restricted to 340.02 MHz ( period = 2.941 ns ) ; cnt[0]                  ; lfsr:data_lfsr1|sreg[1] ; clk        ; clk      ; None                        ; None                      ; 2.222 ns                ;
; N/A   ; Restricted to 340.02 MHz ( period = 2.941 ns ) ; cnt[0]                  ; lfsr:data_lfsr1|sreg[2] ; clk        ; clk      ; None                        ; None                      ; 2.222 ns                ;
; N/A   ; Restricted to 340.02 MHz ( period = 2.941 ns ) ; cnt[0]                  ; lfsr:data_lfsr1|sreg[3] ; clk        ; clk      ; None                        ; None                      ; 2.222 ns                ;
; N/A   ; Restricted to 340.02 MHz ( period = 2.941 ns ) ; cnt[0]                  ; lfsr:data_lfsr1|sreg[4] ; clk        ; clk      ; None                        ; None                      ; 2.222 ns                ;
; N/A   ; Restricted to 340.02 MHz ( period = 2.941 ns ) ; cnt[0]                  ; lfsr:data_lfsr1|sreg[5] ; clk        ; clk      ; None                        ; None                      ; 2.222 ns                ;
; N/A   ; Restricted to 340.02 MHz ( period = 2.941 ns ) ; cnt[0]                  ; lfsr:data_lfsr1|sreg[6] ; clk        ; clk      ; None                        ; None                      ; 2.222 ns                ;
; N/A   ; Restricted to 340.02 MHz ( period = 2.941 ns ) ; cnt[0]                  ; lfsr:data_lfsr1|sreg[7] ; clk        ; clk      ; None                        ; None                      ; 2.222 ns                ;
; N/A   ; Restricted to 340.02 MHz ( period = 2.941 ns ) ; cnt[3]                  ; lfsr:data_lfsr1|sreg[0] ; clk        ; clk      ; None                        ; None                      ; 2.174 ns                ;
; N/A   ; Restricted to 340.02 MHz ( period = 2.941 ns ) ; cnt[3]                  ; lfsr:data_lfsr1|sreg[1] ; clk        ; clk      ; None                        ; None                      ; 2.174 ns                ;
; N/A   ; Restricted to 340.02 MHz ( period = 2.941 ns ) ; cnt[3]                  ; lfsr:data_lfsr1|sreg[2] ; clk        ; clk      ; None                        ; None                      ; 2.174 ns                ;
; N/A   ; Restricted to 340.02 MHz ( period = 2.941 ns ) ; cnt[3]                  ; lfsr:data_lfsr1|sreg[3] ; clk        ; clk      ; None                        ; None                      ; 2.174 ns                ;
; N/A   ; Restricted to 340.02 MHz ( period = 2.941 ns ) ; cnt[3]                  ; lfsr:data_lfsr1|sreg[4] ; clk        ; clk      ; None                        ; None                      ; 2.174 ns                ;
; N/A   ; Restricted to 340.02 MHz ( period = 2.941 ns ) ; cnt[3]                  ; lfsr:data_lfsr1|sreg[5] ; clk        ; clk      ; None                        ; None                      ; 2.174 ns                ;
; N/A   ; Restricted to 340.02 MHz ( period = 2.941 ns ) ; cnt[3]                  ; lfsr:data_lfsr1|sreg[6] ; clk        ; clk      ; None                        ; None                      ; 2.174 ns                ;
; N/A   ; Restricted to 340.02 MHz ( period = 2.941 ns ) ; cnt[3]                  ; lfsr:data_lfsr1|sreg[7] ; clk        ; clk      ; None                        ; None                      ; 2.174 ns                ;
; N/A   ; Restricted to 340.02 MHz ( period = 2.941 ns ) ; cnt[1]                  ; lfsr:data_lfsr1|sreg[0] ; clk        ; clk      ; None                        ; None                      ; 2.022 ns                ;
; N/A   ; Restricted to 340.02 MHz ( period = 2.941 ns ) ; cnt[1]                  ; lfsr:data_lfsr1|sreg[1] ; clk        ; clk      ; None                        ; None                      ; 2.022 ns                ;
; N/A   ; Restricted to 340.02 MHz ( period = 2.941 ns ) ; cnt[1]                  ; lfsr:data_lfsr1|sreg[2] ; clk        ; clk      ; None                        ; None                      ; 2.022 ns                ;
; N/A   ; Restricted to 340.02 MHz ( period = 2.941 ns ) ; cnt[1]                  ; lfsr:data_lfsr1|sreg[3] ; clk        ; clk      ; None                        ; None                      ; 2.022 ns                ;
; N/A   ; Restricted to 340.02 MHz ( period = 2.941 ns ) ; cnt[1]                  ; lfsr:data_lfsr1|sreg[4] ; clk        ; clk      ; None                        ; None                      ; 2.022 ns                ;
; N/A   ; Restricted to 340.02 MHz ( period = 2.941 ns ) ; cnt[1]                  ; lfsr:data_lfsr1|sreg[5] ; clk        ; clk      ; None                        ; None                      ; 2.022 ns                ;
; N/A   ; Restricted to 340.02 MHz ( period = 2.941 ns ) ; cnt[1]                  ; lfsr:data_lfsr1|sreg[6] ; clk        ; clk      ; None                        ; None                      ; 2.022 ns                ;
; N/A   ; Restricted to 340.02 MHz ( period = 2.941 ns ) ; cnt[1]                  ; lfsr:data_lfsr1|sreg[7] ; clk        ; clk      ; None                        ; None                      ; 2.022 ns                ;
; N/A   ; Restricted to 340.02 MHz ( period = 2.941 ns ) ; cnt[2]                  ; lfsr:data_lfsr1|sreg[0] ; clk        ; clk      ; None                        ; None                      ; 1.842 ns                ;
; N/A   ; Restricted to 340.02 MHz ( period = 2.941 ns ) ; cnt[2]                  ; lfsr:data_lfsr1|sreg[1] ; clk        ; clk      ; None                        ; None                      ; 1.842 ns                ;
; N/A   ; Restricted to 340.02 MHz ( period = 2.941 ns ) ; cnt[2]                  ; lfsr:data_lfsr1|sreg[2] ; clk        ; clk      ; None                        ; None                      ; 1.842 ns                ;
; N/A   ; Restricted to 340.02 MHz ( period = 2.941 ns ) ; cnt[2]                  ; lfsr:data_lfsr1|sreg[3] ; clk        ; clk      ; None                        ; None                      ; 1.842 ns                ;
; N/A   ; Restricted to 340.02 MHz ( period = 2.941 ns ) ; cnt[2]                  ; lfsr:data_lfsr1|sreg[4] ; clk        ; clk      ; None                        ; None                      ; 1.842 ns                ;
; N/A   ; Restricted to 340.02 MHz ( period = 2.941 ns ) ; cnt[2]                  ; lfsr:data_lfsr1|sreg[5] ; clk        ; clk      ; None                        ; None                      ; 1.842 ns                ;
; N/A   ; Restricted to 340.02 MHz ( period = 2.941 ns ) ; cnt[2]                  ; lfsr:data_lfsr1|sreg[6] ; clk        ; clk      ; None                        ; None                      ; 1.842 ns                ;
; N/A   ; Restricted to 340.02 MHz ( period = 2.941 ns ) ; cnt[2]                  ; lfsr:data_lfsr1|sreg[7] ; clk        ; clk      ; None                        ; None                      ; 1.842 ns                ;
; N/A   ; Restricted to 340.02 MHz ( period = 2.941 ns ) ; cnt[0]                  ; cnt[1]                  ; clk        ; clk      ; None                        ; None                      ; 1.491 ns                ;
; N/A   ; Restricted to 340.02 MHz ( period = 2.941 ns ) ; cnt[0]                  ; cnt[3]                  ; clk        ; clk      ; None                        ; None                      ; 1.490 ns                ;
; N/A   ; Restricted to 340.02 MHz ( period = 2.941 ns ) ; cnt[3]                  ; cnt[2]                  ; clk        ; clk      ; None                        ; None                      ; 1.468 ns                ;
; N/A   ; Restricted to 340.02 MHz ( period = 2.941 ns ) ; lfsr:data_lfsr1|sreg[5] ; lfsr:data_lfsr1|sreg[4] ; clk        ; clk      ; None                        ; None                      ; 1.424 ns                ;
; N/A   ; Restricted to 340.02 MHz ( period = 2.941 ns ) ; cnt[2]                  ; cnt[3]                  ; clk        ; clk      ; None                        ; None                      ; 1.349 ns                ;
; N/A   ; Restricted to 340.02 MHz ( period = 2.941 ns ) ; cnt[3]                  ; cnt[1]                  ; clk        ; clk      ; None                        ; None                      ; 1.244 ns                ;
; N/A   ; Restricted to 340.02 MHz ( period = 2.941 ns ) ; cnt[1]                  ; cnt[3]                  ; clk        ; clk      ; None                        ; None                      ; 1.240 ns                ;
; N/A   ; Restricted to 340.02 MHz ( period = 2.941 ns ) ; cnt[1]                  ; cnt[2]                  ; clk        ; clk      ; None                        ; None                      ; 1.240 ns                ;
; N/A   ; Restricted to 340.02 MHz ( period = 2.941 ns ) ; lfsr:data_lfsr1|sreg[4] ; lfsr:data_lfsr1|sreg[3] ; clk        ; clk      ; None                        ; None                      ; 1.142 ns                ;
; N/A   ; Restricted to 340.02 MHz ( period = 2.941 ns ) ; cnt[0]                  ; cnt[2]                  ; clk        ; clk      ; None                        ; None                      ; 1.054 ns                ;
; N/A   ; Restricted to 340.02 MHz ( period = 2.941 ns ) ; lfsr:data_lfsr1|sreg[3] ; lfsr:data_lfsr1|sreg[2] ; clk        ; clk      ; None                        ; None                      ; 0.927 ns                ;
; N/A   ; Restricted to 340.02 MHz ( period = 2.941 ns ) ; lfsr:data_lfsr1|sreg[2] ; lfsr:data_lfsr1|sreg[1] ; clk        ; clk      ; None                        ; None                      ; 0.926 ns                ;
; N/A   ; Restricted to 340.02 MHz ( period = 2.941 ns ) ; lfsr:data_lfsr1|sreg[7] ; lfsr:data_lfsr1|sreg[6] ; clk        ; clk      ; None                        ; None                      ; 0.919 ns                ;
; N/A   ; Restricted to 340.02 MHz ( period = 2.941 ns ) ; lfsr:data_lfsr1|sreg[0] ; lfsr:data_lfsr1|sreg[1] ; clk        ; clk      ; None                        ; None                      ; 0.780 ns                ;
; N/A   ; Restricted to 340.02 MHz ( period = 2.941 ns ) ; lfsr:data_lfsr1|sreg[0] ; lfsr:data_lfsr1|sreg[2] ; clk        ; clk      ; None                        ; None                      ; 0.780 ns                ;
; N/A   ; Restricted to 340.02 MHz ( period = 2.941 ns ) ; lfsr:data_lfsr1|sreg[0] ; lfsr:data_lfsr1|sreg[3] ; clk        ; clk      ; None                        ; None                      ; 0.779 ns                ;
; N/A   ; Restricted to 340.02 MHz ( period = 2.941 ns ) ; lfsr:data_lfsr1|sreg[0] ; lfsr:data_lfsr1|sreg[7] ; clk        ; clk      ; None                        ; None                      ; 0.779 ns                ;
; N/A   ; Restricted to 340.02 MHz ( period = 2.941 ns ) ; cnt[2]                  ; cnt[1]                  ; clk        ; clk      ; None                        ; None                      ; 0.759 ns                ;
; N/A   ; Restricted to 340.02 MHz ( period = 2.941 ns ) ; lfsr:data_lfsr1|sreg[1] ; lfsr:data_lfsr1|sreg[0] ; clk        ; clk      ; None                        ; None                      ; 0.757 ns                ;
; N/A   ; Restricted to 340.02 MHz ( period = 2.941 ns ) ; lfsr:data_lfsr1|sreg[6] ; lfsr:data_lfsr1|sreg[5] ; clk        ; clk      ; None                        ; None                      ; 0.751 ns                ;
; N/A   ; Restricted to 340.02 MHz ( period = 2.941 ns ) ; cnt1[0]                 ; cnt1[1]                 ; clk        ; clk      ; None                        ; None                      ; 0.744 ns                ;
; N/A   ; Restricted to 340.02 MHz ( period = 2.941 ns ) ; cnt[3]                  ; cnt[3]                  ; clk        ; clk      ; None                        ; None                      ; 0.501 ns                ;
; N/A   ; Restricted to 340.02 MHz ( period = 2.941 ns ) ; cnt[0]                  ; cnt[0]                  ; clk        ; clk      ; None                        ; None                      ; 0.501 ns                ;
; N/A   ; Restricted to 340.02 MHz ( period = 2.941 ns ) ; cnt[1]                  ; cnt[1]                  ; clk        ; clk      ; None                        ; None                      ; 0.501 ns                ;
; N/A   ; Restricted to 340.02 MHz ( period = 2.941 ns ) ; cnt[2]                  ; cnt[2]                  ; clk        ; clk      ; None                        ; None                      ; 0.501 ns                ;
; N/A   ; Restricted to 340.02 MHz ( period = 2.941 ns ) ; cnt1[0]                 ; cnt1[0]                 ; clk        ; clk      ; None                        ; None                      ; 0.501 ns                ;
; N/A   ; Restricted to 340.02 MHz ( period = 2.941 ns ) ; cnt1[1]                 ; cnt1[1]                 ; clk        ; clk      ; None                        ; None                      ; 0.501 ns                ;
+-------+------------------------------------------------+-------------------------+-------------------------+------------+----------+-----------------------------+---------------------------+-------------------------+


+------------------------------------------------------------------------------------+
; tco                                                                                ;
+-------+--------------+------------+-------------------------+---------+------------+
; Slack ; Required tco ; Actual tco ; From                    ; To      ; From Clock ;
+-------+--------------+------------+-------------------------+---------+------------+
; N/A   ; None         ; 10.185 ns  ; cnt1[0]                 ; out_clk ; clk        ;
; N/A   ; None         ; 9.746 ns   ; cnt1[1]                 ; out_clk ; clk        ;
; N/A   ; None         ; 7.861 ns   ; cnt[0]                  ; out     ; clk        ;
; N/A   ; None         ; 7.813 ns   ; cnt[3]                  ; out     ; clk        ;
; N/A   ; None         ; 7.686 ns   ; lfsr:data_lfsr1|sreg[0] ; sreg[0] ; clk        ;
; N/A   ; None         ; 7.686 ns   ; lfsr:data_lfsr1|sreg[0] ; m       ; clk        ;
; N/A   ; None         ; 7.661 ns   ; cnt[1]                  ; out     ; clk        ;
; N/A   ; None         ; 7.659 ns   ; lfsr:data_lfsr1|sreg[1] ; sreg[1] ; clk        ;
; N/A   ; None         ; 7.657 ns   ; lfsr:data_lfsr1|sreg[5] ; sreg[5] ; clk        ;
; N/A   ; None         ; 7.481 ns   ; cnt[2]                  ; out     ; clk        ;
; N/A   ; None         ; 7.379 ns   ; lfsr:data_lfsr1|sreg[6] ; sreg[6] ; clk        ;
; N/A   ; None         ; 7.324 ns   ; lfsr:data_lfsr1|sreg[2] ; sreg[2] ; clk        ;
; N/A   ; None         ; 7.315 ns   ; lfsr:data_lfsr1|sreg[3] ; sreg[3] ; clk        ;
; N/A   ; None         ; 7.314 ns   ; lfsr:data_lfsr1|sreg[4] ; sreg[4] ; clk        ;
; N/A   ; None         ; 7.075 ns   ; lfsr:data_lfsr1|sreg[7] ; sreg[7] ; clk        ;
+-------+--------------+------------+-------------------------+---------+------------+


+--------------------------+
; Timing Analyzer Messages ;
+--------------------------+
Info: *******************************************************************
Info: Running Quartus II Classic Timing Analyzer
    Info: Version 9.0 Build 235 06/17/2009 Service Pack 2 SJ Web Edition
    Info: Processing started: Thu Aug 08 22:58:20 2013
Info: Command: quartus_tan --read_settings_files=off --write_settings_files=off m_group -c m_group --timing_analysis_only
Warning: Found pins functioning as undefined clocks and/or memory enables
    Info: Assuming node "clk" is an undefined clock
Info: Clock "clk" Internal fmax is restricted to 340.02 MHz between source register "cnt[0]" and destination register "lfsr:data_lfsr1|sreg[0]"
    Info: fmax restricted to clock pin edge rate 2.941 ns. Expand message to see actual delay path.
        Info: + Longest register to register delay is 2.222 ns
            Info: 1: + IC(0.000 ns) + CELL(0.000 ns) = 0.000 ns; Loc. = LCFF_X1_Y2_N5; Fanout = 5; REG Node = 'cnt[0]'
            Info: 2: + IC(0.457 ns) + CELL(0.571 ns) = 1.028 ns; Loc. = LCCOMB_X1_Y2_N10; Fanout = 9; COMB Node = 'Equal1~0'
            Info: 3: + IC(0.339 ns) + CELL(0.855 ns) = 2.222 ns; Loc. = LCFF_X1_Y2_N1; Fanout = 6; REG Node = 'lfsr:data_lfsr1|sreg[0]'
            Info: Total cell delay = 1.426 ns ( 64.18 % )
            Info: Total interconnect delay = 0.796 ns ( 35.82 % )
        Info: - Smallest clock skew is 0.000 ns
            Info: + Shortest clock path from clock "clk" to destination register is 2.826 ns
                Info: 1: + IC(0.000 ns) + CELL(1.100 ns) = 1.100 ns; Loc. = PIN_91; Fanout = 1; CLK Node = 'clk'
                Info: 2: + IC(0.139 ns) + CELL(0.000 ns) = 1.239 ns; Loc. = CLKCTRL_G6; Fanout = 14; COMB Node = 'clk~clkctrl'
                Info: 3: + IC(0.921 ns) + CELL(0.666 ns) = 2.826 ns; Loc. = LCFF_X1_Y2_N1; Fanout = 6; REG Node = 'lfsr:data_lfsr1|sreg[0]'
                Info: Total cell delay = 1.766 ns ( 62.49 % )
                Info: Total interconnect delay = 1.060 ns ( 37.51 % )
            Info: - Longest clock path from clock "clk" to source register is 2.826 ns
                Info: 1: + IC(0.000 ns) + CELL(1.100 ns) = 1.100 ns; Loc. = PIN_91; Fanout = 1; CLK Node = 'clk'
                Info: 2: + IC(0.139 ns) + CELL(0.000 ns) = 1.239 ns; Loc. = CLKCTRL_G6; Fanout = 14; COMB Node = 'clk~clkctrl'
                Info: 3: + IC(0.921 ns) + CELL(0.666 ns) = 2.826 ns; Loc. = LCFF_X1_Y2_N5; Fanout = 5; REG Node = 'cnt[0]'
                Info: Total cell delay = 1.766 ns ( 62.49 % )
                Info: Total interconnect delay = 1.060 ns ( 37.51 % )
        Info: + Micro clock to output delay of source is 0.304 ns
        Info: + Micro setup delay of destination is -0.040 ns
Info: tco from clock "clk" to destination pin "out_clk" through register "cnt1[0]" is 10.185 ns
    Info: + Longest clock path from clock "clk" to source register is 2.809 ns
        Info: 1: + IC(0.000 ns) + CELL(1.100 ns) = 1.100 ns; Loc. = PIN_91; Fanout = 1; CLK Node = 'clk'
        Info: 2: + IC(0.139 ns) + CELL(0.000 ns) = 1.239 ns; Loc. = CLKCTRL_G6; Fanout = 14; COMB Node = 'clk~clkctrl'
        Info: 3: + IC(0.904 ns) + CELL(0.666 ns) = 2.809 ns; Loc. = LCFF_X18_Y16_N1; Fanout = 3; REG Node = 'cnt1[0]'
        Info: Total cell delay = 1.766 ns ( 62.87 % )
        Info: Total interconnect delay = 1.043 ns ( 37.13 % )
    Info: + Micro clock to output delay of source is 0.304 ns
    Info: + Longest register to pin delay is 7.072 ns
        Info: 1: + IC(0.000 ns) + CELL(0.000 ns) = 0.000 ns; Loc. = LCFF_X18_Y16_N1; Fanout = 3; REG Node = 'cnt1[0]'
        Info: 2: + IC(0.444 ns) + CELL(0.624 ns) = 1.068 ns; Loc. = LCCOMB_X18_Y16_N20; Fanout = 1; COMB Node = 'Equal0~0'
        Info: 3: + IC(2.948 ns) + CELL(3.056 ns) = 7.072 ns; Loc. = PIN_4; Fanout = 0; PIN Node = 'out_clk'
        Info: Total cell delay = 3.680 ns ( 52.04 % )
        Info: Total interconnect delay = 3.392 ns ( 47.96 % )
Info: Quartus II Classic Timing Analyzer was successful. 0 errors, 1 warning
    Info: Peak virtual memory: 165 megabytes
    Info: Processing ended: Thu Aug 08 22:58:21 2013
    Info: Elapsed time: 00:00:01
    Info: Total CPU time (on all processors): 00:00:01


