Analysis & Synthesis report for clock2
Mon May 27 13:20:41 2013
Quartus II Version 9.0 Build 235 06/17/2009 Service Pack 2 SJ Web Edition


---------------------
; Table of Contents ;
---------------------
  1. Legal Notice
  2. Analysis & Synthesis Summary
  3. Analysis & Synthesis Settings
  4. Analysis & Synthesis Source Files Read
  5. Analysis & Synthesis Resource Usage Summary
  6. Analysis & Synthesis Resource Utilization by Entity
  7. Registers Removed During Synthesis
  8. General Register Statistics
  9. Multiplexer Restructuring Statistics (Restructuring Performed)
 10. Analysis & Synthesis Messages
 11. Analysis & Synthesis Suppressed Messages



----------------
; Legal Notice ;
----------------
Copyright (C) 1991-2009 Altera Corporation
Your use of Altera Corporation's design tools, logic functions 
and other software and tools, and its AMPP partner logic 
functions, and any output files from any of the foregoing 
(including device programming or simulation files), and any 
associated documentation or information are expressly subject 
to the terms and conditions of the Altera Program License 
Subscription Agreement, Altera MegaCore Function License 
Agreement, or other applicable license agreement, including, 
without limitation, that your use is for the sole purpose of 
programming logic devices manufactured by Altera and sold by 
Altera or its authorized distributors.  Please refer to the 
applicable agreement for further details.



+----------------------------------------------------------------------------+
; Analysis & Synthesis Summary                                               ;
+-----------------------------+----------------------------------------------+
; Analysis & Synthesis Status ; Successful - Mon May 27 13:20:41 2013        ;
; Quartus II Version          ; 9.0 Build 235 06/17/2009 SP 2 SJ Web Edition ;
; Revision Name               ; clock2                                       ;
; Top-level Entity Name       ; clock2                                       ;
; Family                      ; MAX II                                       ;
; Total logic elements        ; 310                                          ;
; Total pins                  ; 25                                           ;
; Total virtual pins          ; 0                                            ;
; UFM blocks                  ; 0 / 1 ( 0 % )                                ;
+-----------------------------+----------------------------------------------+


+--------------------------------------------------------------------------------------------------------+
; Analysis & Synthesis Settings                                                                          ;
+--------------------------------------------------------------+--------------------+--------------------+
; Option                                                       ; Setting            ; Default Value      ;
+--------------------------------------------------------------+--------------------+--------------------+
; Device                                                       ; EPM570T144C5       ;                    ;
; Top-level entity name                                        ; clock2             ; clock2             ;
; Family name                                                  ; MAX II             ; Stratix II         ;
; Use Generated Physical Constraints File                      ; Off                ;                    ;
; Use smart compilation                                        ; Off                ; Off                ;
; Restructure Multiplexers                                     ; Auto               ; Auto               ;
; Create Debugging Nodes for IP Cores                          ; Off                ; Off                ;
; Preserve fewer node names                                    ; On                 ; On                 ;
; Disable OpenCore Plus hardware evaluation                    ; Off                ; Off                ;
; Verilog Version                                              ; Verilog_2001       ; Verilog_2001       ;
; VHDL Version                                                 ; VHDL93             ; VHDL93             ;
; State Machine Processing                                     ; Auto               ; Auto               ;
; Safe State Machine                                           ; Off                ; Off                ;
; Extract Verilog State Machines                               ; On                 ; On                 ;
; Extract VHDL State Machines                                  ; On                 ; On                 ;
; Ignore Verilog initial constructs                            ; Off                ; Off                ;
; Iteration limit for constant Verilog loops                   ; 5000               ; 5000               ;
; Iteration limit for non-constant Verilog loops               ; 250                ; 250                ;
; Add Pass-Through Logic to Inferred RAMs                      ; On                 ; On                 ;
; Parallel Synthesis                                           ; Off                ; Off                ;
; NOT Gate Push-Back                                           ; On                 ; On                 ;
; Power-Up Don't Care                                          ; On                 ; On                 ;
; Remove Redundant Logic Cells                                 ; Off                ; Off                ;
; Remove Duplicate Registers                                   ; On                 ; On                 ;
; Ignore CARRY Buffers                                         ; Off                ; Off                ;
; Ignore CASCADE Buffers                                       ; Off                ; Off                ;
; Ignore GLOBAL Buffers                                        ; Off                ; Off                ;
; Ignore ROW GLOBAL Buffers                                    ; Off                ; Off                ;
; Ignore LCELL Buffers                                         ; Off                ; Off                ;
; Ignore SOFT Buffers                                          ; On                 ; On                 ;
; Limit AHDL Integers to 32 Bits                               ; Off                ; Off                ;
; Optimization Technique                                       ; Balanced           ; Balanced           ;
; Carry Chain Length                                           ; 70                 ; 70                 ;
; Auto Carry Chains                                            ; On                 ; On                 ;
; Auto Open-Drain Pins                                         ; On                 ; On                 ;
; Perform WYSIWYG Primitive Resynthesis                        ; Off                ; Off                ;
; Auto Shift Register Replacement                              ; Auto               ; Auto               ;
; Auto Clock Enable Replacement                                ; On                 ; On                 ;
; Allow Synchronous Control Signals                            ; On                 ; On                 ;
; Force Use of Synchronous Clear Signals                       ; Off                ; Off                ;
; Auto Resource Sharing                                        ; Off                ; Off                ;
; Use LogicLock Constraints during Resource Balancing          ; On                 ; On                 ;
; Ignore translate_off and synthesis_off directives            ; Off                ; Off                ;
; Show Parameter Settings Tables in Synthesis Report           ; On                 ; On                 ;
; Ignore Maximum Fan-Out Assignments                           ; Off                ; Off                ;
; Synchronization Register Chain Length                        ; 2                  ; 2                  ;
; PowerPlay Power Optimization                                 ; Normal compilation ; Normal compilation ;
; HDL message level                                            ; Level2             ; Level2             ;
; Suppress Register Optimization Related Messages              ; Off                ; Off                ;
; Number of Removed Registers Reported in Synthesis Report     ; 100                ; 100                ;
; Number of Inverted Registers Reported in Synthesis Report    ; 100                ; 100                ;
; Clock MUX Protection                                         ; On                 ; On                 ;
; Block Design Naming                                          ; Auto               ; Auto               ;
; Synthesis Effort                                             ; Auto               ; Auto               ;
; Shift Register Replacement - Allow Asynchronous Clear Signal ; On                 ; On                 ;
; Analysis & Synthesis Message Level                           ; Medium             ; Medium             ;
+--------------------------------------------------------------+--------------------+--------------------+


+--------------------------------------------------------------------------------------------------------------------------+
; Analysis & Synthesis Source Files Read                                                                                   ;
+----------------------------------+-----------------+------------------------+--------------------------------------------+
; File Name with User-Entered Path ; Used in Netlist ; File Type              ; File Name with Absolute Path               ;
+----------------------------------+-----------------+------------------------+--------------------------------------------+
; clock2.v                         ; yes             ; User Verilog HDL File  ; D:/WORKPLACE/VerilogPRJ/clock2/clock2.v    ;
; fdiv.v                           ; yes             ; User Verilog HDL File  ; D:/WORKPLACE/VerilogPRJ/clock2/fdiv.v      ;
; fdiv_ms.v                        ; yes             ; User Verilog HDL File  ; D:/WORKPLACE/VerilogPRJ/clock2/fdiv_ms.v   ;
; key_press.v                      ; yes             ; User Verilog HDL File  ; D:/WORKPLACE/VerilogPRJ/clock2/key_press.v ;
+----------------------------------+-----------------+------------------------+--------------------------------------------+


+-----------------------------------------------------+
; Analysis & Synthesis Resource Usage Summary         ;
+---------------------------------------------+-------+
; Resource                                    ; Usage ;
+---------------------------------------------+-------+
; Total logic elements                        ; 310   ;
;     -- Combinational with no register       ; 159   ;
;     -- Register only                        ; 23    ;
;     -- Combinational with a register        ; 128   ;
;                                             ;       ;
; Logic element usage by number of LUT inputs ;       ;
;     -- 4 input functions                    ; 110   ;
;     -- 3 input functions                    ; 47    ;
;     -- 2 input functions                    ; 128   ;
;     -- 1 input functions                    ; 2     ;
;     -- 0 input functions                    ; 0     ;
;                                             ;       ;
; Logic elements by mode                      ;       ;
;     -- normal mode                          ; 221   ;
;     -- arithmetic mode                      ; 89    ;
;     -- qfbk mode                            ; 0     ;
;     -- register cascade mode                ; 0     ;
;     -- synchronous clear/load mode          ; 96    ;
;     -- asynchronous clear/load mode         ; 0     ;
;                                             ;       ;
; Total registers                             ; 151   ;
; Total logic cells in carry chains           ; 95    ;
; I/O pins                                    ; 25    ;
; Maximum fan-out node                        ; clk   ;
; Maximum fan-out                             ; 95    ;
; Total fan-out                               ; 1172  ;
; Average fan-out                             ; 3.50  ;
+---------------------------------------------+-------+


+-------------------------------------------------------------------------------------------------------------------------------------------------------------------------------------------------------------------------------+
; Analysis & Synthesis Resource Utilization by Entity                                                                                                                                                                           ;
+----------------------------+-------------+--------------+------------+------+--------------+--------------+-------------------+------------------+-----------------+------------+------------------------------+--------------+
; Compilation Hierarchy Node ; Logic Cells ; LC Registers ; UFM Blocks ; Pins ; Virtual Pins ; LUT-Only LCs ; Register-Only LCs ; LUT/Register LCs ; Carry Chain LCs ; Packed LCs ; Full Hierarchy Name          ; Library Name ;
+----------------------------+-------------+--------------+------------+------+--------------+--------------+-------------------+------------------+-----------------+------------+------------------------------+--------------+
; |clock2                    ; 310 (156)   ; 151          ; 0          ; 25   ; 0            ; 159 (83)     ; 23 (0)            ; 128 (73)         ; 95 (16)         ; 0 (0)      ; |clock2                      ; work         ;
;    |fdiv:fdiv|             ; 59 (59)     ; 26           ; 0          ; 0    ; 0            ; 33 (33)      ; 13 (13)           ; 13 (13)          ; 25 (25)         ; 0 (0)      ; |clock2|fdiv:fdiv            ; work         ;
;    |fdiv_ms:fdiv_ms|       ; 47 (47)     ; 19           ; 0          ; 0    ; 0            ; 28 (28)      ; 10 (10)           ; 9 (9)            ; 22 (22)         ; 0 (0)      ; |clock2|fdiv_ms:fdiv_ms      ; work         ;
;    |key_press:key_press1|  ; 48 (48)     ; 33           ; 0          ; 0    ; 0            ; 15 (15)      ; 0 (0)             ; 33 (33)          ; 32 (32)         ; 0 (0)      ; |clock2|key_press:key_press1 ; work         ;
+----------------------------+-------------+--------------+------------+------+--------------+--------------+-------------------+------------------+-----------------+------------+------------------------------+--------------+
Note: For table entries with two numbers listed, the numbers in parentheses indicate the number of resources of the given type used by the specific entity alone. The numbers listed outside of parentheses indicate the total resources of the given type used by the specific entity and all of its sub-entities in the hierarchy.


+--------------------------------------------------------------------+
; Registers Removed During Synthesis                                 ;
+---------------------------------------+----------------------------+
; Register name                         ; Reason for Removal         ;
+---------------------------------------+----------------------------+
; fdiv_ms:fdiv_ms|i[0]                  ; Merged with fdiv:fdiv|i[0] ;
; fdiv_ms:fdiv_ms|i[1]                  ; Merged with fdiv:fdiv|i[1] ;
; fdiv_ms:fdiv_ms|i[2]                  ; Merged with fdiv:fdiv|i[2] ;
; fdiv_ms:fdiv_ms|i[3]                  ; Merged with fdiv:fdiv|i[3] ;
; fdiv_ms:fdiv_ms|i[4]                  ; Merged with fdiv:fdiv|i[4] ;
; Total Number of Removed Registers = 5 ;                            ;
+---------------------------------------+----------------------------+


+------------------------------------------------------+
; General Register Statistics                          ;
+----------------------------------------------+-------+
; Statistic                                    ; Value ;
+----------------------------------------------+-------+
; Total registers                              ; 151   ;
; Number of registers using Synchronous Clear  ; 96    ;
; Number of registers using Synchronous Load   ; 16    ;
; Number of registers using Asynchronous Clear ; 0     ;
; Number of registers using Asynchronous Load  ; 0     ;
; Number of registers using Clock Enable       ; 12    ;
; Number of registers using Preset             ; 0     ;
+----------------------------------------------+-------+


+------------------------------------------------------------------------------------------------------------------------------------------+
; Multiplexer Restructuring Statistics (Restructuring Performed)                                                                           ;
+--------------------+-----------+---------------+----------------------+------------------------+------------+----------------------------+
; Multiplexer Inputs ; Bus Width ; Baseline Area ; Area if Restructured ; Saving if Restructured ; Registered ; Example Multiplexer Output ;
+--------------------+-----------+---------------+----------------------+------------------------+------------+----------------------------+
; 3:1                ; 8 bits    ; 16 LEs        ; 8 LEs                ; 8 LEs                  ; Yes        ; |clock2|count[5]           ;
; 5:1                ; 16 bits   ; 48 LEs        ; 32 LEs               ; 16 LEs                 ; Yes        ; |clock2|min1[3]~reg0       ;
; 4:1                ; 4 bits    ; 8 LEs         ; 4 LEs                ; 4 LEs                  ; Yes        ; |clock2|mhour1[3]          ;
; 5:1                ; 4 bits    ; 12 LEs        ; 4 LEs                ; 8 LEs                  ; Yes        ; |clock2|amin1[0]           ;
; 6:1                ; 4 bits    ; 16 LEs        ; 4 LEs                ; 12 LEs                 ; Yes        ; |clock2|amin0[1]           ;
+--------------------+-----------+---------------+----------------------+------------------------+------------+----------------------------+


+-------------------------------+
; Analysis & Synthesis Messages ;
+-------------------------------+
Info: *******************************************************************
Info: Running Quartus II Analysis & Synthesis
    Info: Version 9.0 Build 235 06/17/2009 Service Pack 2 SJ Web Edition
    Info: Processing started: Mon May 27 13:20:36 2013
Info: Command: quartus_map --read_settings_files=on --write_settings_files=off clock2 -c clock2
Info: Found 1 design units, including 1 entities, in source file clk.v
    Info: Found entity 1: clk
Info: Found 1 design units, including 1 entities, in source file clock2.v
    Info: Found entity 1: clock2
Info: Found 1 design units, including 1 entities, in source file delay.v
    Info: Found entity 1: delay
Info: Found 1 design units, including 1 entities, in source file display.v
    Info: Found entity 1: display
Info: Found 1 design units, including 1 entities, in source file fdiv.v
    Info: Found entity 1: fdiv
Info: Found 1 design units, including 1 entities, in source file fdiv_ms.v
    Info: Found entity 1: fdiv_ms
Info: Found 1 design units, including 1 entities, in source file key_press.v
    Info: Found entity 1: key_press
Warning (10236): Verilog HDL Implicit Net warning at display.v(16): created implicit net for "clk2"
Info: Elaborating entity "clock2" for the top level hierarchy
Warning (10230): Verilog HDL assignment warning at clock2.v(94): truncated value with size 32 to match size of target (8)
Warning (10230): Verilog HDL assignment warning at clock2.v(105): truncated value with size 32 to match size of target (4)
Warning (10230): Verilog HDL assignment warning at clock2.v(110): truncated value with size 32 to match size of target (4)
Warning (10230): Verilog HDL assignment warning at clock2.v(122): truncated value with size 32 to match size of target (4)
Warning (10230): Verilog HDL assignment warning at clock2.v(127): truncated value with size 32 to match size of target (4)
Warning (10230): Verilog HDL assignment warning at clock2.v(142): truncated value with size 32 to match size of target (4)
Warning (10230): Verilog HDL assignment warning at clock2.v(146): truncated value with size 32 to match size of target (4)
Warning (10230): Verilog HDL assignment warning at clock2.v(156): truncated value with size 32 to match size of target (4)
Warning (10230): Verilog HDL assignment warning at clock2.v(160): truncated value with size 32 to match size of target (4)
Warning (10230): Verilog HDL assignment warning at clock2.v(174): truncated value with size 32 to match size of target (4)
Warning (10230): Verilog HDL assignment warning at clock2.v(178): truncated value with size 32 to match size of target (4)
Warning (10230): Verilog HDL assignment warning at clock2.v(188): truncated value with size 32 to match size of target (4)
Warning (10230): Verilog HDL assignment warning at clock2.v(192): truncated value with size 32 to match size of target (4)
Warning (10230): Verilog HDL assignment warning at clock2.v(215): truncated value with size 32 to match size of target (4)
Warning (10230): Verilog HDL assignment warning at clock2.v(223): truncated value with size 32 to match size of target (4)
Warning (10230): Verilog HDL assignment warning at clock2.v(230): truncated value with size 32 to match size of target (4)
Warning (10230): Verilog HDL assignment warning at clock2.v(234): truncated value with size 32 to match size of target (4)
Warning (10230): Verilog HDL assignment warning at clock2.v(248): truncated value with size 32 to match size of target (1)
Info: Elaborating entity "fdiv" for hierarchy "fdiv:fdiv"
Warning (10230): Verilog HDL assignment warning at fdiv.v(24): truncated value with size 32 to match size of target (25)
Info: Elaborating entity "fdiv_ms" for hierarchy "fdiv_ms:fdiv_ms"
Warning (10230): Verilog HDL assignment warning at fdiv_ms.v(25): truncated value with size 32 to match size of target (23)
Info: Elaborating entity "key_press" for hierarchy "key_press:key_press1"
Info: Implemented 335 device resources after synthesis - the final resource count might be different
    Info: Implemented 6 input pins
    Info: Implemented 19 output pins
    Info: Implemented 310 logic cells
Info: Generated suppressed messages file D:/WORKPLACE/VerilogPRJ/clock2/clock2.map.smsg
Info: Quartus II Analysis & Synthesis was successful. 0 errors, 21 warnings
    Info: Peak virtual memory: 204 megabytes
    Info: Processing ended: Mon May 27 13:20:41 2013
    Info: Elapsed time: 00:00:05
    Info: Total CPU time (on all processors): 00:00:04


+------------------------------------------+
; Analysis & Synthesis Suppressed Messages ;
+------------------------------------------+
The suppressed messages can be found in D:/WORKPLACE/VerilogPRJ/clock2/clock2.map.smsg.


