Flow report for fvc
Thu Aug 22 00:42:33 2013
Quartus II Version 9.0 Build 235 06/17/2009 Service Pack 2 SJ Web Edition


---------------------
; Table of Contents ;
---------------------
  1. Legal Notice
  2. Flow Summary
  3. Flow Settings
  4. Flow Non-Default Global Settings
  5. Flow Elapsed Time
  6. Flow OS Summary
  7. Flow Log



----------------
; Legal Notice ;
----------------
Copyright (C) 1991-2009 Altera Corporation
Your use of Altera Corporation's design tools, logic functions 
and other software and tools, and its AMPP partner logic 
functions, and any output files from any of the foregoing 
(including device programming or simulation files), and any 
associated documentation or information are expressly subject 
to the terms and conditions of the Altera Program License 
Subscription Agreement, Altera MegaCore Function License 
Agreement, or other applicable license agreement, including, 
without limitation, that your use is for the sole purpose of 
programming logic devices manufactured by Altera and sold by 
Altera or its authorized distributors.  Please refer to the 
applicable agreement for further details.



+------------------------------------------------------------------------+
; Flow Summary                                                           ;
+-------------------------+----------------------------------------------+
; Flow Status             ; Successful - Thu Aug 22 00:42:33 2013        ;
; Quartus II Version      ; 9.0 Build 235 06/17/2009 SP 2 SJ Web Edition ;
; Revision Name           ; fvc                                          ;
; Top-level Entity Name   ; fvc                                          ;
; Family                  ; MAX II                                       ;
; Device                  ; EPM570T144C5                                 ;
; Timing Models           ; Final                                        ;
; Met timing requirements ; Yes                                          ;
; Total logic elements    ; 37 / 570 ( 6 % )                             ;
; Total pins              ; 16 / 116 ( 14 % )                            ;
; Total virtual pins      ; 0                                            ;
; UFM blocks              ; 0 / 1 ( 0 % )                                ;
+-------------------------+----------------------------------------------+


+-----------------------------------------+
; Flow Settings                           ;
+-------------------+---------------------+
; Option            ; Setting             ;
+-------------------+---------------------+
; Start date & time ; 08/22/2013 00:12:42 ;
; Main task         ; Compilation         ;
; Revision Name     ; fvc                 ;
+-------------------+---------------------+


+----------------------------------------------------------------------------------------------------------------------------+
; Flow Non-Default Global Settings                                                                                           ;
+---------------------------------------+-------------------------------------+---------------+-------------+----------------+
; Assignment Name                       ; Value                               ; Default Value ; Entity Name ; Section Id     ;
+---------------------------------------+-------------------------------------+---------------+-------------+----------------+
; COMPILER_SIGNATURE_ID                 ; 46580539498984.137710156223808      ; --            ; --          ; --             ;
; MAX_CORE_JUNCTION_TEMP                ; 85                                  ; --            ; --          ; --             ;
; MIN_CORE_JUNCTION_TEMP                ; 0                                   ; --            ; --          ; --             ;
; MISC_FILE                             ; D:/WORKPLACE/VerilogPRJ/FVC/fvc.dpf ; --            ; --          ; --             ;
; PARTITION_COLOR                       ; 16764057                            ; --            ; --          ; Top            ;
; PARTITION_NETLIST_TYPE                ; SOURCE                              ; --            ; --          ; Top            ;
; POWER_EXT_SUPPLY_VOLTAGE_TO_REGULATOR ; 3.3V                                ; --            ; --          ; --             ;
; USE_GENERATED_PHYSICAL_CONSTRAINTS    ; Off                                 ; --            ; --          ; eda_blast_fpga ;
+---------------------------------------+-------------------------------------+---------------+-------------+----------------+


+-----------------------------------------------------------------------------------------------------------------------------+
; Flow Elapsed Time                                                                                                           ;
+-------------------------+--------------+-------------------------+---------------------+------------------------------------+
; Module Name             ; Elapsed Time ; Average Processors Used ; Peak Virtual Memory ; Total CPU Time (on all processors) ;
+-------------------------+--------------+-------------------------+---------------------+------------------------------------+
; Analysis & Synthesis    ; 00:00:01     ; 1.0                     ; 203 MB              ; 00:00:01                           ;
; Fitter                  ; 00:00:03     ; 1.0                     ; 199 MB              ; 00:00:01                           ;
; Assembler               ; 00:00:02     ; 1.0                     ; 177 MB              ; 00:00:01                           ;
; Classic Timing Analyzer ; 00:00:01     ; 1.0                     ; 151 MB              ; 00:00:01                           ;
; EDA Netlist Writer      ; 00:00:01     ; 1.0                     ; 150 MB              ; 00:00:01                           ;
; Total                   ; 00:00:08     ; --                      ; --                  ; 00:00:05                           ;
+-------------------------+--------------+-------------------------+---------------------+------------------------------------+


+------------------------------------------------------------------------------------------+
; Flow OS Summary                                                                          ;
+-------------------------+------------------+---------------+------------+----------------+
; Module Name             ; Machine Hostname ; OS Name       ; OS Version ; Processor type ;
+-------------------------+------------------+---------------+------------+----------------+
; Analysis & Synthesis    ; qinshuo-PC       ; Windows Vista ; 6.1        ; i686           ;
; Fitter                  ; qinshuo-PC       ; Windows Vista ; 6.1        ; i686           ;
; Assembler               ; qinshuo-PC       ; Windows Vista ; 6.1        ; i686           ;
; Classic Timing Analyzer ; qinshuo-PC       ; Windows Vista ; 6.1        ; i686           ;
; EDA Netlist Writer      ; qinshuo-PC       ; Windows Vista ; 6.1        ; i686           ;
+-------------------------+------------------+---------------+------------+----------------+


------------
; Flow Log ;
------------
quartus_map --read_settings_files=on --write_settings_files=off fvc -c fvc
quartus_fit --read_settings_files=off --write_settings_files=off fvc -c fvc
quartus_asm --read_settings_files=off --write_settings_files=off fvc -c fvc
quartus_tan --read_settings_files=off --write_settings_files=off fvc -c fvc
quartus_eda --read_settings_files=on --write_settings_files=off fvc -c fvc --gen_testbench



