Analysis & Synthesis report for clock1
Tue Jun 04 11:21:55 2013
Quartus II Version 9.0 Build 235 06/17/2009 Service Pack 2 SJ Web Edition


---------------------
; Table of Contents ;
---------------------
  1. Legal Notice
  2. Analysis & Synthesis Summary
  3. Analysis & Synthesis Settings
  4. Analysis & Synthesis Source Files Read
  5. Analysis & Synthesis Resource Usage Summary
  6. Analysis & Synthesis Resource Utilization by Entity
  7. General Register Statistics
  8. Multiplexer Restructuring Statistics (Restructuring Performed)
  9. Port Connectivity Checks: "Bell:B1|counter24:SU2"
 10. Port Connectivity Checks: "Bell:B1|counter60:SU1"
 11. Port Connectivity Checks: "Bell:B1"
 12. Port Connectivity Checks: "top_clock:TOP|counter24:UT3"
 13. Port Connectivity Checks: "top_clock:TOP|counter60:UT2"
 14. Port Connectivity Checks: "top_clock:TOP|counter60:UT1"
 15. Analysis & Synthesis Messages



----------------
; Legal Notice ;
----------------
Copyright (C) 1991-2009 Altera Corporation
Your use of Altera Corporation's design tools, logic functions 
and other software and tools, and its AMPP partner logic 
functions, and any output files from any of the foregoing 
(including device programming or simulation files), and any 
associated documentation or information are expressly subject 
to the terms and conditions of the Altera Program License 
Subscription Agreement, Altera MegaCore Function License 
Agreement, or other applicable license agreement, including, 
without limitation, that your use is for the sole purpose of 
programming logic devices manufactured by Altera and sold by 
Altera or its authorized distributors.  Please refer to the 
applicable agreement for further details.



+-----------------------------------------------------------------------------------+
; Analysis & Synthesis Summary                                                      ;
+------------------------------------+----------------------------------------------+
; Analysis & Synthesis Status        ; Successful - Tue Jun 04 11:21:55 2013        ;
; Quartus II Version                 ; 9.0 Build 235 06/17/2009 SP 2 SJ Web Edition ;
; Revision Name                      ; clock1                                       ;
; Top-level Entity Name              ; clock1                                       ;
; Family                             ; Cyclone III                                  ;
; Total logic elements               ; 174                                          ;
;     Total combinational functions  ; 174                                          ;
;     Dedicated logic registers      ; 110                                          ;
; Total registers                    ; 110                                          ;
; Total pins                         ; 42                                           ;
; Total virtual pins                 ; 0                                            ;
; Total memory bits                  ; 0                                            ;
; Embedded Multiplier 9-bit elements ; 0                                            ;
; Total PLLs                         ; 0                                            ;
+------------------------------------+----------------------------------------------+


+--------------------------------------------------------------------------------------------------------+
; Analysis & Synthesis Settings                                                                          ;
+--------------------------------------------------------------+--------------------+--------------------+
; Option                                                       ; Setting            ; Default Value      ;
+--------------------------------------------------------------+--------------------+--------------------+
; Device                                                       ; EP3C16F484C6       ;                    ;
; Top-level entity name                                        ; clock1             ; clock1             ;
; Family name                                                  ; Cyclone III        ; Stratix II         ;
; Use Generated Physical Constraints File                      ; Off                ;                    ;
; Use smart compilation                                        ; Off                ; Off                ;
; Restructure Multiplexers                                     ; Auto               ; Auto               ;
; Create Debugging Nodes for IP Cores                          ; Off                ; Off                ;
; Preserve fewer node names                                    ; On                 ; On                 ;
; Disable OpenCore Plus hardware evaluation                    ; Off                ; Off                ;
; Verilog Version                                              ; Verilog_2001       ; Verilog_2001       ;
; VHDL Version                                                 ; VHDL93             ; VHDL93             ;
; State Machine Processing                                     ; Auto               ; Auto               ;
; Safe State Machine                                           ; Off                ; Off                ;
; Extract Verilog State Machines                               ; On                 ; On                 ;
; Extract VHDL State Machines                                  ; On                 ; On                 ;
; Ignore Verilog initial constructs                            ; Off                ; Off                ;
; Iteration limit for constant Verilog loops                   ; 5000               ; 5000               ;
; Iteration limit for non-constant Verilog loops               ; 250                ; 250                ;
; Add Pass-Through Logic to Inferred RAMs                      ; On                 ; On                 ;
; Parallel Synthesis                                           ; Off                ; Off                ;
; DSP Block Balancing                                          ; Auto               ; Auto               ;
; NOT Gate Push-Back                                           ; On                 ; On                 ;
; Power-Up Don't Care                                          ; On                 ; On                 ;
; Remove Redundant Logic Cells                                 ; Off                ; Off                ;
; Remove Duplicate Registers                                   ; On                 ; On                 ;
; Ignore CARRY Buffers                                         ; Off                ; Off                ;
; Ignore CASCADE Buffers                                       ; Off                ; Off                ;
; Ignore GLOBAL Buffers                                        ; Off                ; Off                ;
; Ignore ROW GLOBAL Buffers                                    ; Off                ; Off                ;
; Ignore LCELL Buffers                                         ; Off                ; Off                ;
; Ignore SOFT Buffers                                          ; On                 ; On                 ;
; Limit AHDL Integers to 32 Bits                               ; Off                ; Off                ;
; Optimization Technique                                       ; Balanced           ; Balanced           ;
; Carry Chain Length                                           ; 70                 ; 70                 ;
; Auto Carry Chains                                            ; On                 ; On                 ;
; Auto Open-Drain Pins                                         ; On                 ; On                 ;
; Perform WYSIWYG Primitive Resynthesis                        ; Off                ; Off                ;
; Auto ROM Replacement                                         ; On                 ; On                 ;
; Auto RAM Replacement                                         ; On                 ; On                 ;
; Auto DSP Block Replacement                                   ; On                 ; On                 ;
; Auto Shift Register Replacement                              ; Auto               ; Auto               ;
; Auto Clock Enable Replacement                                ; On                 ; On                 ;
; Strict RAM Replacement                                       ; Off                ; Off                ;
; Allow Synchronous Control Signals                            ; On                 ; On                 ;
; Force Use of Synchronous Clear Signals                       ; Off                ; Off                ;
; Auto RAM Block Balancing                                     ; On                 ; On                 ;
; Auto RAM to Logic Cell Conversion                            ; Off                ; Off                ;
; Auto Resource Sharing                                        ; Off                ; Off                ;
; Allow Any RAM Size For Recognition                           ; Off                ; Off                ;
; Allow Any ROM Size For Recognition                           ; Off                ; Off                ;
; Allow Any Shift Register Size For Recognition                ; Off                ; Off                ;
; Use LogicLock Constraints during Resource Balancing          ; On                 ; On                 ;
; Ignore translate_off and synthesis_off directives            ; Off                ; Off                ;
; Timing-Driven Synthesis                                      ; Off                ; Off                ;
; Show Parameter Settings Tables in Synthesis Report           ; On                 ; On                 ;
; Ignore Maximum Fan-Out Assignments                           ; Off                ; Off                ;
; Synchronization Register Chain Length                        ; 2                  ; 2                  ;
; PowerPlay Power Optimization                                 ; Normal compilation ; Normal compilation ;
; HDL message level                                            ; Level2             ; Level2             ;
; Suppress Register Optimization Related Messages              ; Off                ; Off                ;
; Number of Removed Registers Reported in Synthesis Report     ; 100                ; 100                ;
; Number of Inverted Registers Reported in Synthesis Report    ; 100                ; 100                ;
; Clock MUX Protection                                         ; On                 ; On                 ;
; Auto Gated Clock Conversion                                  ; Off                ; Off                ;
; Block Design Naming                                          ; Auto               ; Auto               ;
; SDC constraint protection                                    ; Off                ; Off                ;
; Synthesis Effort                                             ; Auto               ; Auto               ;
; Shift Register Replacement - Allow Asynchronous Clear Signal ; On                 ; On                 ;
; Analysis & Synthesis Message Level                           ; Medium             ; Medium             ;
+--------------------------------------------------------------+--------------------+--------------------+


+------------------------------------------------------------------------------------------------------------------------------+
; Analysis & Synthesis Source Files Read                                                                                       ;
+----------------------------------+-----------------+------------------------------+------------------------------------------+
; File Name with User-Entered Path ; Used in Netlist ; File Type                    ; File Name with Absolute Path             ;
+----------------------------------+-----------------+------------------------------+------------------------------------------+
; clock1.v                         ; yes             ; User Verilog HDL File        ; D:/WORKPLACE/VerilogPRJ/clock1/clock1.v  ;
; seg.v                            ; yes             ; User Verilog HDL File        ; D:/WORKPLACE/VerilogPRJ/clock1/seg.v     ;
; top.v                            ; yes             ; User Verilog HDL File        ; D:/WORKPLACE/VerilogPRJ/clock1/top.v     ;
; counter.v                        ; yes             ; User Verilog HDL File        ; D:/WORKPLACE/VerilogPRJ/clock1/counter.v ;
; Bell.v                           ; yes             ; User Verilog HDL File        ; D:/WORKPLACE/VerilogPRJ/clock1/Bell.v    ;
; Radio.v                          ; yes             ; Auto-Found Verilog HDL File  ; D:/WORKPLACE/VerilogPRJ/clock1/Radio.v   ;
+----------------------------------+-----------------+------------------------------+------------------------------------------+


+---------------------------------------------------------+
; Analysis & Synthesis Resource Usage Summary             ;
+---------------------------------------------+-----------+
; Resource                                    ; Usage     ;
+---------------------------------------------+-----------+
; Estimated Total logic elements              ; 174       ;
;                                             ;           ;
; Total combinational functions               ; 174       ;
; Logic element usage by number of LUT inputs ;           ;
;     -- 4 input functions                    ; 79        ;
;     -- 3 input functions                    ; 11        ;
;     -- <=2 input functions                  ; 84        ;
;                                             ;           ;
; Logic elements by mode                      ;           ;
;     -- normal mode                          ; 106       ;
;     -- arithmetic mode                      ; 68        ;
;                                             ;           ;
; Total registers                             ; 110       ;
;     -- Dedicated logic registers            ; 110       ;
;     -- I/O registers                        ; 0         ;
;                                             ;           ;
; I/O pins                                    ; 42        ;
; Maximum fan-out node                        ; nCR~input ;
; Maximum fan-out                             ; 94        ;
; Total fan-out                               ; 959       ;
; Average fan-out                             ; 2.61      ;
+---------------------------------------------+-----------+


+-----------------------------------------------------------------------------------------------------------------------------------------------------------------------------------------------------------+
; Analysis & Synthesis Resource Utilization by Entity                                                                                                                                                       ;
+-----------------------------+-------------------+--------------+-------------+--------------+---------+-----------+------+--------------+--------------------------------------------------+--------------+
; Compilation Hierarchy Node  ; LC Combinationals ; LC Registers ; Memory Bits ; DSP Elements ; DSP 9x9 ; DSP 18x18 ; Pins ; Virtual Pins ; Full Hierarchy Name                              ; Library Name ;
+-----------------------------+-------------------+--------------+-------------+--------------+---------+-----------+------+--------------+--------------------------------------------------+--------------+
; |clock1                     ; 174 (1)           ; 110 (0)      ; 0           ; 0            ; 0       ; 0         ; 42   ; 0            ; |clock1                                          ; work         ;
;    |Bell:B1|                ; 34 (11)           ; 16 (0)       ; 0           ; 0            ; 0       ; 0         ; 0    ; 0            ; |clock1|Bell:B1                                  ; work         ;
;       |counter24:SU2|       ; 13 (13)           ; 8 (8)        ; 0           ; 0            ; 0       ; 0         ; 0    ; 0            ; |clock1|Bell:B1|counter24:SU2                    ; work         ;
;       |counter60:SU1|       ; 10 (1)            ; 8 (0)        ; 0           ; 0            ; 0       ; 0         ; 0    ; 0            ; |clock1|Bell:B1|counter60:SU1                    ; work         ;
;          |counter10:U0|     ; 4 (4)             ; 4 (4)        ; 0           ; 0            ; 0       ; 0         ; 0    ; 0            ; |clock1|Bell:B1|counter60:SU1|counter10:U0       ; work         ;
;          |counter6:U1|      ; 5 (5)             ; 4 (4)        ; 0           ; 0            ; 0       ; 0         ; 0    ; 0            ; |clock1|Bell:B1|counter60:SU1|counter6:U1        ; work         ;
;    |Divided_Frequency:DIV1| ; 50 (50)           ; 37 (37)      ; 0           ; 0            ; 0       ; 0         ; 0    ; 0            ; |clock1|Divided_Frequency:DIV1                   ; work         ;
;    |display:D1|             ; 7 (7)             ; 0 (0)        ; 0           ; 0            ; 0       ; 0         ; 0    ; 0            ; |clock1|display:D1                               ; work         ;
;    |div_1kHz:KHZ|           ; 45 (45)           ; 33 (33)      ; 0           ; 0            ; 0       ; 0         ; 0    ; 0            ; |clock1|div_1kHz:KHZ                             ; work         ;
;    |top_clock:TOP|          ; 37 (4)            ; 24 (0)       ; 0           ; 0            ; 0       ; 0         ; 0    ; 0            ; |clock1|top_clock:TOP                            ; work         ;
;       |counter24:UT3|       ; 13 (13)           ; 8 (8)        ; 0           ; 0            ; 0       ; 0         ; 0    ; 0            ; |clock1|top_clock:TOP|counter24:UT3              ; work         ;
;       |counter60:UT1|       ; 10 (1)            ; 8 (0)        ; 0           ; 0            ; 0       ; 0         ; 0    ; 0            ; |clock1|top_clock:TOP|counter60:UT1              ; work         ;
;          |counter10:U0|     ; 4 (4)             ; 4 (4)        ; 0           ; 0            ; 0       ; 0         ; 0    ; 0            ; |clock1|top_clock:TOP|counter60:UT1|counter10:U0 ; work         ;
;          |counter6:U1|      ; 5 (5)             ; 4 (4)        ; 0           ; 0            ; 0       ; 0         ; 0    ; 0            ; |clock1|top_clock:TOP|counter60:UT1|counter6:U1  ; work         ;
;       |counter60:UT2|       ; 10 (1)            ; 8 (0)        ; 0           ; 0            ; 0       ; 0         ; 0    ; 0            ; |clock1|top_clock:TOP|counter60:UT2              ; work         ;
;          |counter10:U0|     ; 4 (4)             ; 4 (4)        ; 0           ; 0            ; 0       ; 0         ; 0    ; 0            ; |clock1|top_clock:TOP|counter60:UT2|counter10:U0 ; work         ;
;          |counter6:U1|      ; 5 (5)             ; 4 (4)        ; 0           ; 0            ; 0       ; 0         ; 0    ; 0            ; |clock1|top_clock:TOP|counter60:UT2|counter6:U1  ; work         ;
+-----------------------------+-------------------+--------------+-------------+--------------+---------+-----------+------+--------------+--------------------------------------------------+--------------+
Note: For table entries with two numbers listed, the numbers in parentheses indicate the number of resources of the given type used by the specific entity alone. The numbers listed outside of parentheses indicate the total resources of the given type used by the specific entity and all of its sub-entities in the hierarchy.


+------------------------------------------------------+
; General Register Statistics                          ;
+----------------------------------------------+-------+
; Statistic                                    ; Value ;
+----------------------------------------------+-------+
; Total registers                              ; 110   ;
; Number of registers using Synchronous Clear  ; 72    ;
; Number of registers using Synchronous Load   ; 0     ;
; Number of registers using Asynchronous Clear ; 94    ;
; Number of registers using Asynchronous Load  ; 0     ;
; Number of registers using Clock Enable       ; 16    ;
; Number of registers using Preset             ; 0     ;
+----------------------------------------------+-------+


+-----------------------------------------------------------------------------------------------------------------------------------------------------------+
; Multiplexer Restructuring Statistics (Restructuring Performed)                                                                                            ;
+--------------------+-----------+---------------+----------------------+------------------------+------------+---------------------------------------------+
; Multiplexer Inputs ; Bus Width ; Baseline Area ; Area if Restructured ; Saving if Restructured ; Registered ; Example Multiplexer Output                  ;
+--------------------+-----------+---------------+----------------------+------------------------+------------+---------------------------------------------+
; 3:1                ; 4 bits    ; 8 LEs         ; 4 LEs                ; 4 LEs                  ; Yes        ; |clock1|Bell:B1|counter24:SU2|CntH[3]       ;
; 3:1                ; 4 bits    ; 8 LEs         ; 4 LEs                ; 4 LEs                  ; Yes        ; |clock1|top_clock:TOP|counter24:UT3|CntH[0] ;
; 4:1                ; 4 bits    ; 8 LEs         ; 4 LEs                ; 4 LEs                  ; Yes        ; |clock1|Bell:B1|counter24:SU2|CntL[1]       ;
; 4:1                ; 4 bits    ; 8 LEs         ; 4 LEs                ; 4 LEs                  ; Yes        ; |clock1|top_clock:TOP|counter24:UT3|CntL[1] ;
+--------------------+-----------+---------------+----------------------+------------------------+------------+---------------------------------------------+


+---------------------------------------------------+
; Port Connectivity Checks: "Bell:B1|counter24:SU2" ;
+------+-------+----------+-------------------------+
; Port ; Type  ; Severity ; Details                 ;
+------+-------+----------+-------------------------+
; nCR  ; Input ; Info     ; Stuck at VCC            ;
+------+-------+----------+-------------------------+


+---------------------------------------------------+
; Port Connectivity Checks: "Bell:B1|counter60:SU1" ;
+------+-------+----------+-------------------------+
; Port ; Type  ; Severity ; Details                 ;
+------+-------+----------+-------------------------+
; nCR  ; Input ; Info     ; Stuck at VCC            ;
+------+-------+----------+-------------------------+


+-------------------------------------------------------------------------------------------------------------------+
; Port Connectivity Checks: "Bell:B1"                                                                               ;
+---------+--------+----------+-------------------------------------------------------------------------------------+
; Port    ; Type   ; Severity ; Details                                                                             ;
+---------+--------+----------+-------------------------------------------------------------------------------------+
; Set_Hr  ; Output ; Info     ; Connected to dangling logic. Logic that only feeds a dangling port will be removed. ;
; Set_Min ; Output ; Info     ; Connected to dangling logic. Logic that only feeds a dangling port will be removed. ;
+---------+--------+----------+-------------------------------------------------------------------------------------+


+---------------------------------------------------------+
; Port Connectivity Checks: "top_clock:TOP|counter24:UT3" ;
+------+-------+----------+-------------------------------+
; Port ; Type  ; Severity ; Details                       ;
+------+-------+----------+-------------------------------+
; EN   ; Input ; Info     ; Stuck at VCC                  ;
+------+-------+----------+-------------------------------+


+---------------------------------------------------------+
; Port Connectivity Checks: "top_clock:TOP|counter60:UT2" ;
+------+-------+----------+-------------------------------+
; Port ; Type  ; Severity ; Details                       ;
+------+-------+----------+-------------------------------+
; EN   ; Input ; Info     ; Stuck at VCC                  ;
+------+-------+----------+-------------------------------+


+---------------------------------------------------------+
; Port Connectivity Checks: "top_clock:TOP|counter60:UT1" ;
+------+-------+----------+-------------------------------+
; Port ; Type  ; Severity ; Details                       ;
+------+-------+----------+-------------------------------+
; EN   ; Input ; Info     ; Stuck at VCC                  ;
+------+-------+----------+-------------------------------+


+-------------------------------+
; Analysis & Synthesis Messages ;
+-------------------------------+
Info: *******************************************************************
Info: Running Quartus II Analysis & Synthesis
    Info: Version 9.0 Build 235 06/17/2009 Service Pack 2 SJ Web Edition
    Info: Processing started: Tue Jun 04 11:21:54 2013
Info: Command: quartus_map --read_settings_files=on --write_settings_files=off clock1 -c clock1
Info: Found 2 design units, including 2 entities, in source file clock1.v
    Info: Found entity 1: clock1
    Info: Found entity 2: div_1kHz
Info: Found 1 design units, including 1 entities, in source file seg.v
    Info: Found entity 1: display
Info: Found 2 design units, including 2 entities, in source file top.v
    Info: Found entity 1: top_clock
    Info: Found entity 2: Divided_Frequency
Info: Found 4 design units, including 4 entities, in source file counter.v
    Info: Found entity 1: counter24
    Info: Found entity 2: counter60
    Info: Found entity 3: counter6
    Info: Found entity 4: counter10
Warning (10229): Verilog HDL Expression warning at Bell.v(35): truncated literal to match 1 bits
Info: Found 2 design units, including 2 entities, in source file Bell.v
    Info: Found entity 1: Bell
    Info: Found entity 2: _4comparator
Info: Elaborating entity "clock1" for the top level hierarchy
Info: Elaborating entity "div_1kHz" for hierarchy "div_1kHz:KHZ"
Info: Elaborating entity "Divided_Frequency" for hierarchy "Divided_Frequency:DIV1"
Warning (10240): Verilog HDL Always Construct warning at top.v(29): inferring latch(es) for variable "_500HzOut", which holds its previous value in one or more paths through the always construct
Info (10041): Inferred latch for "_500HzOut" at top.v(29)
Info: Elaborating entity "top_clock" for hierarchy "top_clock:TOP"
Info: Elaborating entity "counter60" for hierarchy "top_clock:TOP|counter60:UT1"
Info: Elaborating entity "counter10" for hierarchy "top_clock:TOP|counter60:UT1|counter10:U0"
Info: Elaborating entity "counter6" for hierarchy "top_clock:TOP|counter60:UT1|counter6:U1"
Info: Elaborating entity "counter24" for hierarchy "top_clock:TOP|counter24:UT3"
Warning: Using design file Radio.v, which is not specified as a design file for the current project, but contains definitions for 1 design units and 1 entities in project
    Info: Found entity 1: Radio
Info: Elaborating entity "Radio" for hierarchy "Radio:U_R"
Warning (10235): Verilog HDL Always Construct warning at Radio.v(13): variable "_500Hz" is read inside the Always Construct but isn't in the Always Construct's Event Control
Warning (10235): Verilog HDL Always Construct warning at Radio.v(14): variable "_1kHzIn" is read inside the Always Construct but isn't in the Always Construct's Event Control
Info: Elaborating entity "Bell" for hierarchy "Bell:B1"
Info: Elaborating entity "_4comparator" for hierarchy "Bell:B1|_4comparator:SU4"
Info: Elaborating entity "display" for hierarchy "display:D1"
Warning: Clock multiplexers are found and protected
    Warning: Found clock multiplexer top_clock:TOP|HrCP
    Warning: Found clock multiplexer top_clock:TOP|MinCP
Warning: Output pins are stuck at VCC or GND
    Warning (13410): Pin "seg1[7]" is stuck at VCC
    Warning (13410): Pin "seg2[0]" is stuck at GND
    Warning (13410): Pin "seg2[1]" is stuck at GND
    Warning (13410): Pin "seg2[2]" is stuck at GND
    Warning (13410): Pin "seg2[3]" is stuck at GND
    Warning (13410): Pin "seg2[4]" is stuck at GND
    Warning (13410): Pin "seg2[5]" is stuck at GND
    Warning (13410): Pin "seg2[6]" is stuck at VCC
    Warning (13410): Pin "seg2[7]" is stuck at VCC
    Warning (13410): Pin "seg3[0]" is stuck at GND
    Warning (13410): Pin "seg3[1]" is stuck at GND
    Warning (13410): Pin "seg3[2]" is stuck at GND
    Warning (13410): Pin "seg3[3]" is stuck at GND
    Warning (13410): Pin "seg3[4]" is stuck at GND
    Warning (13410): Pin "seg3[5]" is stuck at GND
    Warning (13410): Pin "seg3[6]" is stuck at VCC
    Warning (13410): Pin "seg3[7]" is stuck at VCC
    Warning (13410): Pin "seg4[0]" is stuck at GND
    Warning (13410): Pin "seg4[1]" is stuck at GND
    Warning (13410): Pin "seg4[2]" is stuck at GND
    Warning (13410): Pin "seg4[3]" is stuck at GND
    Warning (13410): Pin "seg4[4]" is stuck at GND
    Warning (13410): Pin "seg4[5]" is stuck at GND
    Warning (13410): Pin "seg4[6]" is stuck at VCC
    Warning (13410): Pin "seg4[7]" is stuck at VCC
Warning: Design contains 4 input pin(s) that do not drive logic
    Warning (15610): No output dependent on input pin "Mode[0]"
    Warning (15610): No output dependent on input pin "Mode[1]"
    Warning (15610): No output dependent on input pin "Mode[2]"
    Warning (15610): No output dependent on input pin "Mode[3]"
Info: Implemented 216 device resources after synthesis - the final resource count might be different
    Info: Implemented 9 input pins
    Info: Implemented 33 output pins
    Info: Implemented 174 logic cells
Info: Quartus II Analysis & Synthesis was successful. 0 errors, 39 warnings
    Info: Peak virtual memory: 204 megabytes
    Info: Processing ended: Tue Jun 04 11:21:55 2013
    Info: Elapsed time: 00:00:01
    Info: Total CPU time (on all processors): 00:00:02


