Analysis & Synthesis report for clock_3
Sun Jun 02 01:44:29 2013
Quartus II Version 9.0 Build 235 06/17/2009 Service Pack 2 SJ Web Edition


---------------------
; Table of Contents ;
---------------------
  1. Legal Notice
  2. Analysis & Synthesis Summary
  3. Analysis & Synthesis Settings
  4. Analysis & Synthesis Source Files Read
  5. Analysis & Synthesis Resource Usage Summary
  6. Analysis & Synthesis Resource Utilization by Entity
  7. General Register Statistics
  8. Multiplexer Restructuring Statistics (Restructuring Performed)
  9. Port Connectivity Checks: "_6to1MUX:MU2"
 10. Port Connectivity Checks: "_6to1MUX:MU1"
 11. Port Connectivity Checks: "top_clock:U2|counter24:UT3"
 12. Port Connectivity Checks: "top_clock:U2|counter60:UT2"
 13. Port Connectivity Checks: "top_clock:U2|counter60:UT1"
 14. Port Connectivity Checks: "stopwatch:U1|counter100:UU2"
 15. Port Connectivity Checks: "stopwatch:U1|counter100:UU1"
 16. Port Connectivity Checks: "Divided_Frequency:U0|counter10:DU2"
 17. Port Connectivity Checks: "Divided_Frequency:U0|counter10:DU0"
 18. Analysis & Synthesis Messages



----------------
; Legal Notice ;
----------------
Copyright (C) 1991-2009 Altera Corporation
Your use of Altera Corporation's design tools, logic functions 
and other software and tools, and its AMPP partner logic 
functions, and any output files from any of the foregoing 
(including device programming or simulation files), and any 
associated documentation or information are expressly subject 
to the terms and conditions of the Altera Program License 
Subscription Agreement, Altera MegaCore Function License 
Agreement, or other applicable license agreement, including, 
without limitation, that your use is for the sole purpose of 
programming logic devices manufactured by Altera and sold by 
Altera or its authorized distributors.  Please refer to the 
applicable agreement for further details.



+-----------------------------------------------------------------------------------+
; Analysis & Synthesis Summary                                                      ;
+------------------------------------+----------------------------------------------+
; Analysis & Synthesis Status        ; Successful - Sun Jun 02 01:44:29 2013        ;
; Quartus II Version                 ; 9.0 Build 235 06/17/2009 SP 2 SJ Web Edition ;
; Revision Name                      ; clock_3                                      ;
; Top-level Entity Name              ; clock_3                                      ;
; Family                             ; Cyclone III                                  ;
; Total logic elements               ; 305                                          ;
;     Total combinational functions  ; 305                                          ;
;     Dedicated logic registers      ; 102                                          ;
; Total registers                    ; 102                                          ;
; Total pins                         ; 54                                           ;
; Total virtual pins                 ; 0                                            ;
; Total memory bits                  ; 0                                            ;
; Embedded Multiplier 9-bit elements ; 0                                            ;
; Total PLLs                         ; 0                                            ;
+------------------------------------+----------------------------------------------+


+--------------------------------------------------------------------------------------------------------+
; Analysis & Synthesis Settings                                                                          ;
+--------------------------------------------------------------+--------------------+--------------------+
; Option                                                       ; Setting            ; Default Value      ;
+--------------------------------------------------------------+--------------------+--------------------+
; Device                                                       ; EP3C16F484C6       ;                    ;
; Top-level entity name                                        ; clock_3            ; clock_3            ;
; Family name                                                  ; Cyclone III        ; Stratix II         ;
; Use Generated Physical Constraints File                      ; Off                ;                    ;
; Use smart compilation                                        ; Off                ; Off                ;
; Restructure Multiplexers                                     ; Auto               ; Auto               ;
; Create Debugging Nodes for IP Cores                          ; Off                ; Off                ;
; Preserve fewer node names                                    ; On                 ; On                 ;
; Disable OpenCore Plus hardware evaluation                    ; Off                ; Off                ;
; Verilog Version                                              ; Verilog_2001       ; Verilog_2001       ;
; VHDL Version                                                 ; VHDL93             ; VHDL93             ;
; State Machine Processing                                     ; Auto               ; Auto               ;
; Safe State Machine                                           ; Off                ; Off                ;
; Extract Verilog State Machines                               ; On                 ; On                 ;
; Extract VHDL State Machines                                  ; On                 ; On                 ;
; Ignore Verilog initial constructs                            ; Off                ; Off                ;
; Iteration limit for constant Verilog loops                   ; 5000               ; 5000               ;
; Iteration limit for non-constant Verilog loops               ; 250                ; 250                ;
; Add Pass-Through Logic to Inferred RAMs                      ; On                 ; On                 ;
; Parallel Synthesis                                           ; Off                ; Off                ;
; DSP Block Balancing                                          ; Auto               ; Auto               ;
; NOT Gate Push-Back                                           ; On                 ; On                 ;
; Power-Up Don't Care                                          ; On                 ; On                 ;
; Remove Redundant Logic Cells                                 ; Off                ; Off                ;
; Remove Duplicate Registers                                   ; On                 ; On                 ;
; Ignore CARRY Buffers                                         ; Off                ; Off                ;
; Ignore CASCADE Buffers                                       ; Off                ; Off                ;
; Ignore GLOBAL Buffers                                        ; Off                ; Off                ;
; Ignore ROW GLOBAL Buffers                                    ; Off                ; Off                ;
; Ignore LCELL Buffers                                         ; Off                ; Off                ;
; Ignore SOFT Buffers                                          ; On                 ; On                 ;
; Limit AHDL Integers to 32 Bits                               ; Off                ; Off                ;
; Optimization Technique                                       ; Balanced           ; Balanced           ;
; Carry Chain Length                                           ; 70                 ; 70                 ;
; Auto Carry Chains                                            ; On                 ; On                 ;
; Auto Open-Drain Pins                                         ; On                 ; On                 ;
; Perform WYSIWYG Primitive Resynthesis                        ; Off                ; Off                ;
; Auto ROM Replacement                                         ; On                 ; On                 ;
; Auto RAM Replacement                                         ; On                 ; On                 ;
; Auto DSP Block Replacement                                   ; On                 ; On                 ;
; Auto Shift Register Replacement                              ; Auto               ; Auto               ;
; Auto Clock Enable Replacement                                ; On                 ; On                 ;
; Strict RAM Replacement                                       ; Off                ; Off                ;
; Allow Synchronous Control Signals                            ; On                 ; On                 ;
; Force Use of Synchronous Clear Signals                       ; Off                ; Off                ;
; Auto RAM Block Balancing                                     ; On                 ; On                 ;
; Auto RAM to Logic Cell Conversion                            ; Off                ; Off                ;
; Auto Resource Sharing                                        ; Off                ; Off                ;
; Allow Any RAM Size For Recognition                           ; Off                ; Off                ;
; Allow Any ROM Size For Recognition                           ; Off                ; Off                ;
; Allow Any Shift Register Size For Recognition                ; Off                ; Off                ;
; Use LogicLock Constraints during Resource Balancing          ; On                 ; On                 ;
; Ignore translate_off and synthesis_off directives            ; Off                ; Off                ;
; Timing-Driven Synthesis                                      ; Off                ; Off                ;
; Show Parameter Settings Tables in Synthesis Report           ; On                 ; On                 ;
; Ignore Maximum Fan-Out Assignments                           ; Off                ; Off                ;
; Synchronization Register Chain Length                        ; 2                  ; 2                  ;
; PowerPlay Power Optimization                                 ; Normal compilation ; Normal compilation ;
; HDL message level                                            ; Level2             ; Level2             ;
; Suppress Register Optimization Related Messages              ; Off                ; Off                ;
; Number of Removed Registers Reported in Synthesis Report     ; 100                ; 100                ;
; Number of Inverted Registers Reported in Synthesis Report    ; 100                ; 100                ;
; Clock MUX Protection                                         ; On                 ; On                 ;
; Auto Gated Clock Conversion                                  ; Off                ; Off                ;
; Block Design Naming                                          ; Auto               ; Auto               ;
; SDC constraint protection                                    ; Off                ; Off                ;
; Synthesis Effort                                             ; Auto               ; Auto               ;
; Shift Register Replacement - Allow Asynchronous Clear Signal ; On                 ; On                 ;
; Analysis & Synthesis Message Level                           ; Medium             ; Medium             ;
+--------------------------------------------------------------+--------------------+--------------------+


+-------------------------------------------------------------------------------------------------------------------------+
; Analysis & Synthesis Source Files Read                                                                                  ;
+----------------------------------+-----------------+------------------------+-------------------------------------------+
; File Name with User-Entered Path ; Used in Netlist ; File Type              ; File Name with Absolute Path              ;
+----------------------------------+-----------------+------------------------+-------------------------------------------+
; clock_3.v                        ; yes             ; User Verilog HDL File  ; D:/WORKPLACE/VerilogPRJ/clock_3/clock_3.v ;
; modules.v                        ; yes             ; User Verilog HDL File  ; D:/WORKPLACE/VerilogPRJ/clock_3/modules.v ;
; top.v                            ; yes             ; User Verilog HDL File  ; D:/WORKPLACE/VerilogPRJ/clock_3/top.v     ;
+----------------------------------+-----------------+------------------------+-------------------------------------------+


+---------------------------------------------------------+
; Analysis & Synthesis Resource Usage Summary             ;
+---------------------------------------------+-----------+
; Resource                                    ; Usage     ;
+---------------------------------------------+-----------+
; Estimated Total logic elements              ; 305       ;
;                                             ;           ;
; Total combinational functions               ; 305       ;
; Logic element usage by number of LUT inputs ;           ;
;     -- 4 input functions                    ; 193       ;
;     -- 3 input functions                    ; 32        ;
;     -- <=2 input functions                  ; 80        ;
;                                             ;           ;
; Logic elements by mode                      ;           ;
;     -- normal mode                          ; 262       ;
;     -- arithmetic mode                      ; 43        ;
;                                             ;           ;
; Total registers                             ; 102       ;
;     -- Dedicated logic registers            ; 102       ;
;     -- I/O registers                        ; 0         ;
;                                             ;           ;
; I/O pins                                    ; 54        ;
; Maximum fan-out node                        ; Clk~input ;
; Maximum fan-out                             ; 33        ;
; Total fan-out                               ; 1445      ;
; Average fan-out                             ; 2.81      ;
+---------------------------------------------+-----------+


+------------------------------------------------------------------------------------------------------------------------------------------------------------------------------------------------------------+
; Analysis & Synthesis Resource Utilization by Entity                                                                                                                                                        ;
+----------------------------+-------------------+--------------+-------------+--------------+---------+-----------+------+--------------+----------------------------------------------------+--------------+
; Compilation Hierarchy Node ; LC Combinationals ; LC Registers ; Memory Bits ; DSP Elements ; DSP 9x9 ; DSP 18x18 ; Pins ; Virtual Pins ; Full Hierarchy Name                                ; Library Name ;
+----------------------------+-------------------+--------------+-------------+--------------+---------+-----------+------+--------------+----------------------------------------------------+--------------+
; |clock_3                   ; 305 (1)           ; 102 (0)      ; 0           ; 0            ; 0       ; 0         ; 54   ; 0            ; |clock_3                                           ; work         ;
;    |Bell:U4|               ; 41 (16)           ; 16 (0)       ; 0           ; 0            ; 0       ; 0         ; 0    ; 0            ; |clock_3|Bell:U4                                   ; work         ;
;       |counter24:SU2|      ; 15 (15)           ; 8 (8)        ; 0           ; 0            ; 0       ; 0         ; 0    ; 0            ; |clock_3|Bell:U4|counter24:SU2                     ; work         ;
;       |counter60:SU1|      ; 10 (0)            ; 8 (0)        ; 0           ; 0            ; 0       ; 0         ; 0    ; 0            ; |clock_3|Bell:U4|counter60:SU1                     ; work         ;
;          |counter10:UC0|   ; 5 (5)             ; 4 (4)        ; 0           ; 0            ; 0       ; 0         ; 0    ; 0            ; |clock_3|Bell:U4|counter60:SU1|counter10:UC0       ; work         ;
;          |counter6:UC1|    ; 5 (5)             ; 4 (4)        ; 0           ; 0            ; 0       ; 0         ; 0    ; 0            ; |clock_3|Bell:U4|counter60:SU1|counter6:UC1        ; work         ;
;    |Divided_Frequency:U0|  ; 15 (1)            ; 12 (0)       ; 0           ; 0            ; 0       ; 0         ; 0    ; 0            ; |clock_3|Divided_Frequency:U0                      ; work         ;
;       |counter10:DU0|      ; 5 (5)             ; 4 (4)        ; 0           ; 0            ; 0       ; 0         ; 0    ; 0            ; |clock_3|Divided_Frequency:U0|counter10:DU0        ; work         ;
;       |counter10:DU1|      ; 5 (5)             ; 4 (4)        ; 0           ; 0            ; 0       ; 0         ; 0    ; 0            ; |clock_3|Divided_Frequency:U0|counter10:DU1        ; work         ;
;       |counter10:DU2|      ; 4 (4)             ; 4 (4)        ; 0           ; 0            ; 0       ; 0         ; 0    ; 0            ; |clock_3|Divided_Frequency:U0|counter10:DU2        ; work         ;
;    |FreqcDiv:U5|           ; 44 (44)           ; 33 (33)      ; 0           ; 0            ; 0       ; 0         ; 0    ; 0            ; |clock_3|FreqcDiv:U5                               ; work         ;
;    |Radio:U3|              ; 2 (2)             ; 0 (0)        ; 0           ; 0            ; 0       ; 0         ; 0    ; 0            ; |clock_3|Radio:U3                                  ; work         ;
;    |SegOut:MU4|            ; 29 (1)            ; 1 (1)        ; 0           ; 0            ; 0       ; 0         ; 0    ; 0            ; |clock_3|SegOut:MU4                                ; work         ;
;       |SegChange:FA1|      ; 7 (7)             ; 0 (0)        ; 0           ; 0            ; 0       ; 0         ; 0    ; 0            ; |clock_3|SegOut:MU4|SegChange:FA1                  ; work         ;
;       |SegChange:FA2|      ; 7 (7)             ; 0 (0)        ; 0           ; 0            ; 0       ; 0         ; 0    ; 0            ; |clock_3|SegOut:MU4|SegChange:FA2                  ; work         ;
;       |SegChange:FA3|      ; 7 (7)             ; 0 (0)        ; 0           ; 0            ; 0       ; 0         ; 0    ; 0            ; |clock_3|SegOut:MU4|SegChange:FA3                  ; work         ;
;       |SegChange:FA4|      ; 7 (7)             ; 0 (0)        ; 0           ; 0            ; 0       ; 0         ; 0    ; 0            ; |clock_3|SegOut:MU4|SegChange:FA4                  ; work         ;
;    |_6to1MUX:MU1|          ; 49 (49)           ; 0 (0)        ; 0           ; 0            ; 0       ; 0         ; 0    ; 0            ; |clock_3|_6to1MUX:MU1                              ; work         ;
;    |_6to1MUX:MU2|          ; 43 (43)           ; 0 (0)        ; 0           ; 0            ; 0       ; 0         ; 0    ; 0            ; |clock_3|_6to1MUX:MU2                              ; work         ;
;    |ledout:MU5|            ; 10 (10)           ; 0 (0)        ; 0           ; 0            ; 0       ; 0         ; 0    ; 0            ; |clock_3|ledout:MU5                                ; work         ;
;    |stopwatch:U1|          ; 22 (5)            ; 16 (0)       ; 0           ; 0            ; 0       ; 0         ; 0    ; 0            ; |clock_3|stopwatch:U1                              ; work         ;
;       |counter100:UU1|     ; 8 (0)             ; 8 (0)        ; 0           ; 0            ; 0       ; 0         ; 0    ; 0            ; |clock_3|stopwatch:U1|counter100:UU1               ; work         ;
;          |counter10:UD0|   ; 4 (4)             ; 4 (4)        ; 0           ; 0            ; 0       ; 0         ; 0    ; 0            ; |clock_3|stopwatch:U1|counter100:UU1|counter10:UD0 ; work         ;
;          |counter10:UD1|   ; 4 (4)             ; 4 (4)        ; 0           ; 0            ; 0       ; 0         ; 0    ; 0            ; |clock_3|stopwatch:U1|counter100:UU1|counter10:UD1 ; work         ;
;       |counter100:UU2|     ; 9 (0)             ; 8 (0)        ; 0           ; 0            ; 0       ; 0         ; 0    ; 0            ; |clock_3|stopwatch:U1|counter100:UU2               ; work         ;
;          |counter10:UD0|   ; 5 (5)             ; 4 (4)        ; 0           ; 0            ; 0       ; 0         ; 0    ; 0            ; |clock_3|stopwatch:U1|counter100:UU2|counter10:UD0 ; work         ;
;          |counter10:UD1|   ; 4 (4)             ; 4 (4)        ; 0           ; 0            ; 0       ; 0         ; 0    ; 0            ; |clock_3|stopwatch:U1|counter100:UU2|counter10:UD1 ; work         ;
;    |top_clock:U2|          ; 49 (9)            ; 24 (0)       ; 0           ; 0            ; 0       ; 0         ; 0    ; 0            ; |clock_3|top_clock:U2                              ; work         ;
;       |counter24:UT3|      ; 18 (18)           ; 8 (8)        ; 0           ; 0            ; 0       ; 0         ; 0    ; 0            ; |clock_3|top_clock:U2|counter24:UT3                ; work         ;
;       |counter60:UT1|      ; 11 (0)            ; 8 (0)        ; 0           ; 0            ; 0       ; 0         ; 0    ; 0            ; |clock_3|top_clock:U2|counter60:UT1                ; work         ;
;          |counter10:UC0|   ; 5 (5)             ; 4 (4)        ; 0           ; 0            ; 0       ; 0         ; 0    ; 0            ; |clock_3|top_clock:U2|counter60:UT1|counter10:UC0  ; work         ;
;          |counter6:UC1|    ; 6 (6)             ; 4 (4)        ; 0           ; 0            ; 0       ; 0         ; 0    ; 0            ; |clock_3|top_clock:U2|counter60:UT1|counter6:UC1   ; work         ;
;       |counter60:UT2|      ; 11 (0)            ; 8 (0)        ; 0           ; 0            ; 0       ; 0         ; 0    ; 0            ; |clock_3|top_clock:U2|counter60:UT2                ; work         ;
;          |counter10:UC0|   ; 5 (5)             ; 4 (4)        ; 0           ; 0            ; 0       ; 0         ; 0    ; 0            ; |clock_3|top_clock:U2|counter60:UT2|counter10:UC0  ; work         ;
;          |counter6:UC1|    ; 6 (6)             ; 4 (4)        ; 0           ; 0            ; 0       ; 0         ; 0    ; 0            ; |clock_3|top_clock:U2|counter60:UT2|counter6:UC1   ; work         ;
+----------------------------+-------------------+--------------+-------------+--------------+---------+-----------+------+--------------+----------------------------------------------------+--------------+
Note: For table entries with two numbers listed, the numbers in parentheses indicate the number of resources of the given type used by the specific entity alone. The numbers listed outside of parentheses indicate the total resources of the given type used by the specific entity and all of its sub-entities in the hierarchy.


+------------------------------------------------------+
; General Register Statistics                          ;
+----------------------------------------------+-------+
; Statistic                                    ; Value ;
+----------------------------------------------+-------+
; Total registers                              ; 102   ;
; Number of registers using Synchronous Clear  ; 37    ;
; Number of registers using Synchronous Load   ; 0     ;
; Number of registers using Asynchronous Clear ; 68    ;
; Number of registers using Asynchronous Load  ; 0     ;
; Number of registers using Clock Enable       ; 32    ;
; Number of registers using Preset             ; 0     ;
+----------------------------------------------+-------+


+-----------------------------------------------------------------------------------------------------------------------------------------------------------+
; Multiplexer Restructuring Statistics (Restructuring Performed)                                                                                            ;
+--------------------+-----------+---------------+----------------------+------------------------+------------+---------------------------------------------+
; Multiplexer Inputs ; Bus Width ; Baseline Area ; Area if Restructured ; Saving if Restructured ; Registered ; Example Multiplexer Output                  ;
+--------------------+-----------+---------------+----------------------+------------------------+------------+---------------------------------------------+
; 3:1                ; 4 bits    ; 8 LEs         ; 4 LEs                ; 4 LEs                  ; Yes        ; |clock_3|top_clock:U2|counter24:UT3|CntH[0] ;
; 3:1                ; 4 bits    ; 8 LEs         ; 4 LEs                ; 4 LEs                  ; Yes        ; |clock_3|Bell:U4|counter24:SU2|CntH[2]      ;
; 3:1                ; 32 bits   ; 64 LEs        ; 32 LEs               ; 32 LEs                 ; Yes        ; |clock_3|FreqcDiv:U5|cnt[0]                 ;
; 4:1                ; 4 bits    ; 8 LEs         ; 4 LEs                ; 4 LEs                  ; Yes        ; |clock_3|top_clock:U2|counter24:UT3|CntL[0] ;
; 4:1                ; 4 bits    ; 8 LEs         ; 4 LEs                ; 4 LEs                  ; Yes        ; |clock_3|Bell:U4|counter24:SU2|CntL[2]      ;
; 64:1               ; 8 bits    ; 336 LEs       ; 48 LEs               ; 288 LEs                ; No         ; |clock_3|_6to1MUX:MU2|Selector3             ;
; 65:1               ; 7 bits    ; 301 LEs       ; 56 LEs               ; 245 LEs                ; No         ; |clock_3|_6to1MUX:MU1|Selector2             ;
+--------------------+-----------+---------------+----------------------+------------------------+------------+---------------------------------------------+


+----------------------------------------------------------------------------------------------------------------------------------------------------------------------------------------------------------------+
; Port Connectivity Checks: "_6to1MUX:MU2"                                                                                                                                                                       ;
+--------+-------+----------+------------------------------------------------------------------------------------------------------------------------------------------------------------------------------------+
; Port   ; Type  ; Severity ; Details                                                                                                                                                                            ;
+--------+-------+----------+------------------------------------------------------------------------------------------------------------------------------------------------------------------------------------+
; FL     ; Input ; Warning  ; Input port expression (32 bits) is wider than the input port (1 bits) it drives.  The 31 most-significant bit(s) in the expression will be dangling if they have no other fanouts. ;
; FL[-1] ; Input ; Info     ; Stuck at GND                                                                                                                                                                       ;
+--------+-------+----------+------------------------------------------------------------------------------------------------------------------------------------------------------------------------------------+


+----------------------------------------------------------------------------------------------------------------------------------------------------------------------------------------------------------------+
; Port Connectivity Checks: "_6to1MUX:MU1"                                                                                                                                                                       ;
+--------+-------+----------+------------------------------------------------------------------------------------------------------------------------------------------------------------------------------------+
; Port   ; Type  ; Severity ; Details                                                                                                                                                                            ;
+--------+-------+----------+------------------------------------------------------------------------------------------------------------------------------------------------------------------------------------+
; Y      ; Input ; Info     ; Stuck at GND                                                                                                                                                                       ;
; FL     ; Input ; Warning  ; Input port expression (32 bits) is wider than the input port (1 bits) it drives.  The 31 most-significant bit(s) in the expression will be dangling if they have no other fanouts. ;
; FL[-1] ; Input ; Info     ; Stuck at VCC                                                                                                                                                                       ;
+--------+-------+----------+------------------------------------------------------------------------------------------------------------------------------------------------------------------------------------+


+--------------------------------------------------------+
; Port Connectivity Checks: "top_clock:U2|counter24:UT3" ;
+------+-------+----------+------------------------------+
; Port ; Type  ; Severity ; Details                      ;
+------+-------+----------+------------------------------+
; EN   ; Input ; Info     ; Stuck at VCC                 ;
+------+-------+----------+------------------------------+


+--------------------------------------------------------+
; Port Connectivity Checks: "top_clock:U2|counter60:UT2" ;
+------+-------+----------+------------------------------+
; Port ; Type  ; Severity ; Details                      ;
+------+-------+----------+------------------------------+
; EN   ; Input ; Info     ; Stuck at VCC                 ;
+------+-------+----------+------------------------------+


+--------------------------------------------------------+
; Port Connectivity Checks: "top_clock:U2|counter60:UT1" ;
+------+-------+----------+------------------------------+
; Port ; Type  ; Severity ; Details                      ;
+------+-------+----------+------------------------------+
; EN   ; Input ; Info     ; Stuck at VCC                 ;
+------+-------+----------+------------------------------+


+---------------------------------------------------------+
; Port Connectivity Checks: "stopwatch:U1|counter100:UU2" ;
+------+-------+----------+-------------------------------+
; Port ; Type  ; Severity ; Details                       ;
+------+-------+----------+-------------------------------+
; EN   ; Input ; Info     ; Stuck at VCC                  ;
+------+-------+----------+-------------------------------+


+---------------------------------------------------------+
; Port Connectivity Checks: "stopwatch:U1|counter100:UU1" ;
+------+-------+----------+-------------------------------+
; Port ; Type  ; Severity ; Details                       ;
+------+-------+----------+-------------------------------+
; EN   ; Input ; Info     ; Stuck at VCC                  ;
+------+-------+----------+-------------------------------+


+-------------------------------------------------------------------------------------------------------------------+
; Port Connectivity Checks: "Divided_Frequency:U0|counter10:DU2"                                                    ;
+---------+--------+----------+-------------------------------------------------------------------------------------+
; Port    ; Type   ; Severity ; Details                                                                             ;
+---------+--------+----------+-------------------------------------------------------------------------------------+
; Q[2..0] ; Output ; Info     ; Connected to dangling logic. Logic that only feeds a dangling port will be removed. ;
+---------+--------+----------+-------------------------------------------------------------------------------------+


+----------------------------------------------------------------+
; Port Connectivity Checks: "Divided_Frequency:U0|counter10:DU0" ;
+------+-------+----------+--------------------------------------+
; Port ; Type  ; Severity ; Details                              ;
+------+-------+----------+--------------------------------------+
; EN   ; Input ; Info     ; Stuck at VCC                         ;
+------+-------+----------+--------------------------------------+


+-------------------------------+
; Analysis & Synthesis Messages ;
+-------------------------------+
Info: *******************************************************************
Info: Running Quartus II Analysis & Synthesis
    Info: Version 9.0 Build 235 06/17/2009 Service Pack 2 SJ Web Edition
    Info: Processing started: Sun Jun 02 01:44:25 2013
Info: Command: quartus_map --read_settings_files=on --write_settings_files=off clock_3 -c clock_3
Warning (10238): Verilog Module Declaration warning at clock_3.v(3): ignored anonymous port(s) indicated by duplicate or dangling comma(s) in the port list for module "clock_3"
Info: Found 3 design units, including 3 entities, in source file clock_3.v
    Info: Found entity 1: clock_3
    Info: Found entity 2: FreqcDiv
    Info: Found entity 3: _6to1MUX
Info: Found 8 design units, including 8 entities, in source file modules.v
    Info: Found entity 1: counter24
    Info: Found entity 2: counter60
    Info: Found entity 3: counter6
    Info: Found entity 4: counter10
    Info: Found entity 5: top_clock
    Info: Found entity 6: Divided_Frequency
    Info: Found entity 7: SegOut
    Info: Found entity 8: SegChange
Info: Found 6 design units, including 6 entities, in source file top.v
    Info: Found entity 1: Radio
    Info: Found entity 2: Bell
    Info: Found entity 3: _4comparator
    Info: Found entity 4: stopwatch
    Info: Found entity 5: counter100
    Info: Found entity 6: ledout
Info: Elaborating entity "clock_3" for the top level hierarchy
Info: Elaborating entity "Divided_Frequency" for hierarchy "Divided_Frequency:U0"
Info: Elaborating entity "counter10" for hierarchy "Divided_Frequency:U0|counter10:DU0"
Info: Elaborating entity "stopwatch" for hierarchy "stopwatch:U1"
Info: Elaborating entity "counter100" for hierarchy "stopwatch:U1|counter100:UU1"
Info: Elaborating entity "top_clock" for hierarchy "top_clock:U2"
Info: Elaborating entity "counter60" for hierarchy "top_clock:U2|counter60:UT1"
Info: Elaborating entity "counter6" for hierarchy "top_clock:U2|counter60:UT1|counter6:UC1"
Info: Elaborating entity "counter24" for hierarchy "top_clock:U2|counter24:UT3"
Info: Elaborating entity "Radio" for hierarchy "Radio:U3"
Warning (10235): Verilog HDL Always Construct warning at top.v(25): variable "_500Hz" is read inside the Always Construct but isn't in the Always Construct's Event Control
Warning (10235): Verilog HDL Always Construct warning at top.v(27): variable "_1kHzIN" is read inside the Always Construct but isn't in the Always Construct's Event Control
Info: Elaborating entity "Bell" for hierarchy "Bell:U4"
Info: Elaborating entity "_4comparator" for hierarchy "Bell:U4|_4comparator:SU4"
Info: Elaborating entity "FreqcDiv" for hierarchy "FreqcDiv:U5"
Info: Elaborating entity "_6to1MUX" for hierarchy "_6to1MUX:MU1"
Warning (10235): Verilog HDL Always Construct warning at clock_3.v(157): variable "XX" is read inside the Always Construct but isn't in the Always Construct's Event Control
Info: Elaborating entity "SegOut" for hierarchy "SegOut:MU4"
Info: Elaborating entity "SegChange" for hierarchy "SegOut:MU4|SegChange:FA1"
Info: Elaborating entity "ledout" for hierarchy "ledout:MU5"
Warning: Clock multiplexers are found and protected
    Warning: Found clock multiplexer top_clock:U2|HrCP
    Warning: Found clock multiplexer top_clock:U2|MinCP
Warning: 2 hierarchies have connectivity warnings - see the Connectivity Checks report folder
Info: Implemented 359 device resources after synthesis - the final resource count might be different
    Info: Implemented 14 input pins
    Info: Implemented 40 output pins
    Info: Implemented 305 logic cells
Info: Quartus II Analysis & Synthesis was successful. 0 errors, 8 warnings
    Info: Peak virtual memory: 205 megabytes
    Info: Processing ended: Sun Jun 02 01:44:29 2013
    Info: Elapsed time: 00:00:04
    Info: Total CPU time (on all processors): 00:00:04


