Flow report for clock_3
Sun Jun 02 01:44:48 2013
Quartus II Version 9.0 Build 235 06/17/2009 Service Pack 2 SJ Web Edition


---------------------
; Table of Contents ;
---------------------
  1. Legal Notice
  2. Flow Summary
  3. Flow Settings
  4. Flow Non-Default Global Settings
  5. Flow Elapsed Time
  6. Flow OS Summary
  7. Flow Log



----------------
; Legal Notice ;
----------------
Copyright (C) 1991-2009 Altera Corporation
Your use of Altera Corporation's design tools, logic functions 
and other software and tools, and its AMPP partner logic 
functions, and any output files from any of the foregoing 
(including device programming or simulation files), and any 
associated documentation or information are expressly subject 
to the terms and conditions of the Altera Program License 
Subscription Agreement, Altera MegaCore Function License 
Agreement, or other applicable license agreement, including, 
without limitation, that your use is for the sole purpose of 
programming logic devices manufactured by Altera and sold by 
Altera or its authorized distributors.  Please refer to the 
applicable agreement for further details.



+-----------------------------------------------------------------------------------+
; Flow Summary                                                                      ;
+------------------------------------+----------------------------------------------+
; Flow Status                        ; Successful - Sun Jun 02 01:44:43 2013        ;
; Quartus II Version                 ; 9.0 Build 235 06/17/2009 SP 2 SJ Web Edition ;
; Revision Name                      ; clock_3                                      ;
; Top-level Entity Name              ; clock_3                                      ;
; Family                             ; Cyclone III                                  ;
; Device                             ; EP3C16F484C6                                 ;
; Timing Models                      ; Final                                        ;
; Met timing requirements            ; N/A                                          ;
; Total logic elements               ; 309 / 15,408 ( 2 % )                         ;
;     Total combinational functions  ; 305 / 15,408 ( 2 % )                         ;
;     Dedicated logic registers      ; 102 / 15,408 ( < 1 % )                       ;
; Total registers                    ; 102                                          ;
; Total pins                         ; 54 / 347 ( 16 % )                            ;
; Total virtual pins                 ; 0                                            ;
; Total memory bits                  ; 0 / 516,096 ( 0 % )                          ;
; Embedded Multiplier 9-bit elements ; 0 / 112 ( 0 % )                              ;
; Total PLLs                         ; 0 / 4 ( 0 % )                                ;
+------------------------------------+----------------------------------------------+


+-----------------------------------------+
; Flow Settings                           ;
+-------------------+---------------------+
; Option            ; Setting             ;
+-------------------+---------------------+
; Start date & time ; 06/02/2013 01:44:25 ;
; Main task         ; Compilation         ;
; Revision Name     ; clock_3             ;
+-------------------+---------------------+


+------------------------------------------------------------------------------------------------------------------------------------------------+
; Flow Non-Default Global Settings                                                                                                               ;
+------------------------------------+---------------------------------------------+------------------------------+-------------+----------------+
; Assignment Name                    ; Value                                       ; Default Value                ; Entity Name ; Section Id     ;
+------------------------------------+---------------------------------------------+------------------------------+-------------+----------------+
; COMPILER_SIGNATURE_ID              ; 46580539498984.137010866509940              ; --                           ; --          ; --             ;
; INCREMENTAL_COMPILATION            ; Off                                         ; FULL_INCREMENTAL_COMPILATION ; --          ; --             ;
; MAX_CORE_JUNCTION_TEMP             ; 85                                          ; --                           ; --          ; --             ;
; MIN_CORE_JUNCTION_TEMP             ; 0                                           ; --                           ; --          ; --             ;
; MISC_FILE                          ; D:/WORKPLACE/VerilogPRJ/clock_3/clock_3.dpf ; --                           ; --          ; --             ;
; NOMINAL_CORE_SUPPLY_VOLTAGE        ; 1.2V                                        ; --                           ; --          ; --             ;
; USE_GENERATED_PHYSICAL_CONSTRAINTS ; Off                                         ; --                           ; --          ; eda_blast_fpga ;
+------------------------------------+---------------------------------------------+------------------------------+-------------+----------------+


+-------------------------------------------------------------------------------------------------------------------------------+
; Flow Elapsed Time                                                                                                             ;
+---------------------------+--------------+-------------------------+---------------------+------------------------------------+
; Module Name               ; Elapsed Time ; Average Processors Used ; Peak Virtual Memory ; Total CPU Time (on all processors) ;
+---------------------------+--------------+-------------------------+---------------------+------------------------------------+
; Analysis & Synthesis      ; 00:00:04     ; 1.0                     ; 205 MB              ; 00:00:04                           ;
; Fitter                    ; 00:00:09     ; 1.0                     ; 276 MB              ; 00:00:08                           ;
; Assembler                 ; 00:00:03     ; 1.0                     ; 213 MB              ; 00:00:02                           ;
; TimeQuest Timing Analyzer ; 00:00:04     ; 1.0                     ; 227 MB              ; 00:00:04                           ;
; Total                     ; 00:00:20     ; --                      ; --                  ; 00:00:18                           ;
+---------------------------+--------------+-------------------------+---------------------+------------------------------------+


+--------------------------------------------------------------------------------------------+
; Flow OS Summary                                                                            ;
+---------------------------+------------------+---------------+------------+----------------+
; Module Name               ; Machine Hostname ; OS Name       ; OS Version ; Processor type ;
+---------------------------+------------------+---------------+------------+----------------+
; Analysis & Synthesis      ; qinshuo-PC       ; Windows Vista ; 6.1        ; i686           ;
; Fitter                    ; qinshuo-PC       ; Windows Vista ; 6.1        ; i686           ;
; Assembler                 ; qinshuo-PC       ; Windows Vista ; 6.1        ; i686           ;
; TimeQuest Timing Analyzer ; qinshuo-PC       ; Windows Vista ; 6.1        ; i686           ;
+---------------------------+------------------+---------------+------------+----------------+


------------
; Flow Log ;
------------
quartus_map --read_settings_files=on --write_settings_files=off clock_3 -c clock_3
quartus_fit --read_settings_files=off --write_settings_files=off clock_3 -c clock_3
quartus_asm --read_settings_files=off --write_settings_files=off clock_3 -c clock_3
quartus_sta clock_3 -c clock_3



