Flow report for Complete_Clock
Tue Sep 24 18:37:47 2013
Quartus II Version 9.0 Build 235 06/17/2009 Service Pack 2 SJ Web Edition


---------------------
; Table of Contents ;
---------------------
  1. Legal Notice
  2. Flow Summary
  3. Flow Settings
  4. Flow Non-Default Global Settings
  5. Flow Elapsed Time
  6. Flow OS Summary
  7. Flow Log



----------------
; Legal Notice ;
----------------
Copyright (C) 1991-2009 Altera Corporation
Your use of Altera Corporation's design tools, logic functions 
and other software and tools, and its AMPP partner logic 
functions, and any output files from any of the foregoing 
(including device programming or simulation files), and any 
associated documentation or information are expressly subject 
to the terms and conditions of the Altera Program License 
Subscription Agreement, Altera MegaCore Function License 
Agreement, or other applicable license agreement, including, 
without limitation, that your use is for the sole purpose of 
programming logic devices manufactured by Altera and sold by 
Altera or its authorized distributors.  Please refer to the 
applicable agreement for further details.



+-----------------------------------------------------------------------------------+
; Flow Summary                                                                      ;
+------------------------------------+----------------------------------------------+
; Flow Status                        ; Successful - Tue Sep 24 18:37:42 2013        ;
; Quartus II Version                 ; 9.0 Build 235 06/17/2009 SP 2 SJ Web Edition ;
; Revision Name                      ; Complete_Clock                               ;
; Top-level Entity Name              ; Complete_Clock                               ;
; Family                             ; Cyclone III                                  ;
; Device                             ; EP3C10E144C8                                 ;
; Timing Models                      ; Final                                        ;
; Met timing requirements            ; N/A                                          ;
; Total logic elements               ; 112 / 10,320 ( 1 % )                         ;
;     Total combinational functions  ; 111 / 10,320 ( 1 % )                         ;
;     Dedicated logic registers      ; 53 / 10,320 ( < 1 % )                        ;
; Total registers                    ; 53                                           ;
; Total pins                         ; 41 / 95 ( 43 % )                             ;
; Total virtual pins                 ; 0                                            ;
; Total memory bits                  ; 0 / 423,936 ( 0 % )                          ;
; Embedded Multiplier 9-bit elements ; 0 / 46 ( 0 % )                               ;
; Total PLLs                         ; 0 / 2 ( 0 % )                                ;
+------------------------------------+----------------------------------------------+


+-----------------------------------------+
; Flow Settings                           ;
+-------------------+---------------------+
; Option            ; Setting             ;
+-------------------+---------------------+
; Start date & time ; 09/24/2013 18:37:25 ;
; Main task         ; Compilation         ;
; Revision Name     ; Complete_Clock      ;
+-------------------+---------------------+


+-----------------------------------------------------------------------------------------------------------------------------------------------------+
; Flow Non-Default Global Settings                                                                                                                    ;
+------------------------------------+--------------------------------------------------+------------------------------+-------------+----------------+
; Assignment Name                    ; Value                                            ; Default Value                ; Entity Name ; Section Id     ;
+------------------------------------+--------------------------------------------------+------------------------------+-------------+----------------+
; COMPILER_SIGNATURE_ID              ; 46580539498984.138001904504200                   ; --                           ; --          ; --             ;
; INCREMENTAL_COMPILATION            ; Off                                              ; FULL_INCREMENTAL_COMPILATION ; --          ; --             ;
; MAX_CORE_JUNCTION_TEMP             ; 85                                               ; --                           ; --          ; --             ;
; MIN_CORE_JUNCTION_TEMP             ; 0                                                ; --                           ; --          ; --             ;
; MISC_FILE                          ; D:/WORKPLACE/VerilogPRJ/clock/Complete_Clock.dpf ; --                           ; --          ; --             ;
; NOMINAL_CORE_SUPPLY_VOLTAGE        ; 1.2V                                             ; --                           ; --          ; --             ;
; PARTITION_COLOR                    ; 16764057                                         ; --                           ; --          ; Top            ;
; PARTITION_NETLIST_TYPE             ; SOURCE                                           ; --                           ; --          ; Top            ;
; USE_GENERATED_PHYSICAL_CONSTRAINTS ; Off                                              ; --                           ; --          ; eda_blast_fpga ;
+------------------------------------+--------------------------------------------------+------------------------------+-------------+----------------+


+-------------------------------------------------------------------------------------------------------------------------------+
; Flow Elapsed Time                                                                                                             ;
+---------------------------+--------------+-------------------------+---------------------+------------------------------------+
; Module Name               ; Elapsed Time ; Average Processors Used ; Peak Virtual Memory ; Total CPU Time (on all processors) ;
+---------------------------+--------------+-------------------------+---------------------+------------------------------------+
; Analysis & Synthesis      ; 00:00:03     ; 1.0                     ; 204 MB              ; 00:00:02                           ;
; Fitter                    ; 00:00:09     ; 1.0                     ; 273 MB              ; 00:00:07                           ;
; Assembler                 ; 00:00:02     ; 1.0                     ; 200 MB              ; 00:00:02                           ;
; TimeQuest Timing Analyzer ; 00:00:04     ; 1.0                     ; 229 MB              ; 00:00:03                           ;
; Total                     ; 00:00:18     ; --                      ; --                  ; 00:00:14                           ;
+---------------------------+--------------+-------------------------+---------------------+------------------------------------+


+--------------------------------------------------------------------------------------------+
; Flow OS Summary                                                                            ;
+---------------------------+------------------+---------------+------------+----------------+
; Module Name               ; Machine Hostname ; OS Name       ; OS Version ; Processor type ;
+---------------------------+------------------+---------------+------------+----------------+
; Analysis & Synthesis      ; qinshuo-PC       ; Windows Vista ; 6.1        ; i686           ;
; Fitter                    ; qinshuo-PC       ; Windows Vista ; 6.1        ; i686           ;
; Assembler                 ; qinshuo-PC       ; Windows Vista ; 6.1        ; i686           ;
; TimeQuest Timing Analyzer ; qinshuo-PC       ; Windows Vista ; 6.1        ; i686           ;
+---------------------------+------------------+---------------+------------+----------------+


------------
; Flow Log ;
------------
quartus_map --read_settings_files=on --write_settings_files=off Complete_Clock -c Complete_Clock
quartus_fit --read_settings_files=off --write_settings_files=off Complete_Clock -c Complete_Clock
quartus_asm --read_settings_files=off --write_settings_files=off Complete_Clock -c Complete_Clock
quartus_sta Complete_Clock -c Complete_Clock



