Analysis & Synthesis report for Complete_Clock
Tue Sep 24 18:37:28 2013
Quartus II Version 9.0 Build 235 06/17/2009 Service Pack 2 SJ Web Edition


---------------------
; Table of Contents ;
---------------------
  1. Legal Notice
  2. Analysis & Synthesis Summary
  3. Analysis & Synthesis Settings
  4. Analysis & Synthesis Source Files Read
  5. Analysis & Synthesis Resource Usage Summary
  6. Analysis & Synthesis Resource Utilization by Entity
  7. Registers Removed During Synthesis
  8. General Register Statistics
  9. Multiplexer Restructuring Statistics (Restructuring Performed)
 10. Port Connectivity Checks: "display:A6"
 11. Port Connectivity Checks: "display:A5"
 12. Port Connectivity Checks: "_2to1MUX:MUX3"
 13. Port Connectivity Checks: "_2to1MUX:MUX2"
 14. Port Connectivity Checks: "Bell:U3|counter24:SU2"
 15. Port Connectivity Checks: "Bell:U3|counter60:SU1"
 16. Port Connectivity Checks: "top_clock:U1|counter24:UT3"
 17. Port Connectivity Checks: "top_clock:U1|counter60:UT2"
 18. Port Connectivity Checks: "top_clock:U1|counter60:UT1"
 19. Port Connectivity Checks: "Divided_Frequency:U0|counter10:DU2"
 20. Port Connectivity Checks: "Divided_Frequency:U0|counter10:DU0"
 21. Analysis & Synthesis Messages



----------------
; Legal Notice ;
----------------
Copyright (C) 1991-2009 Altera Corporation
Your use of Altera Corporation's design tools, logic functions 
and other software and tools, and its AMPP partner logic 
functions, and any output files from any of the foregoing 
(including device programming or simulation files), and any 
associated documentation or information are expressly subject 
to the terms and conditions of the Altera Program License 
Subscription Agreement, Altera MegaCore Function License 
Agreement, or other applicable license agreement, including, 
without limitation, that your use is for the sole purpose of 
programming logic devices manufactured by Altera and sold by 
Altera or its authorized distributors.  Please refer to the 
applicable agreement for further details.



+-----------------------------------------------------------------------------------+
; Analysis & Synthesis Summary                                                      ;
+------------------------------------+----------------------------------------------+
; Analysis & Synthesis Status        ; Successful - Tue Sep 24 18:37:28 2013        ;
; Quartus II Version                 ; 9.0 Build 235 06/17/2009 SP 2 SJ Web Edition ;
; Revision Name                      ; Complete_Clock                               ;
; Top-level Entity Name              ; Complete_Clock                               ;
; Family                             ; Cyclone III                                  ;
; Total logic elements               ; 111                                          ;
;     Total combinational functions  ; 111                                          ;
;     Dedicated logic registers      ; 53                                           ;
; Total registers                    ; 53                                           ;
; Total pins                         ; 41                                           ;
; Total virtual pins                 ; 0                                            ;
; Total memory bits                  ; 0                                            ;
; Embedded Multiplier 9-bit elements ; 0                                            ;
; Total PLLs                         ; 0                                            ;
+------------------------------------+----------------------------------------------+


+--------------------------------------------------------------------------------------------------------+
; Analysis & Synthesis Settings                                                                          ;
+--------------------------------------------------------------+--------------------+--------------------+
; Option                                                       ; Setting            ; Default Value      ;
+--------------------------------------------------------------+--------------------+--------------------+
; Device                                                       ; EP3C10E144C8       ;                    ;
; Top-level entity name                                        ; Complete_Clock     ; Complete_Clock     ;
; Family name                                                  ; Cyclone III        ; Stratix II         ;
; Use Generated Physical Constraints File                      ; Off                ;                    ;
; Use smart compilation                                        ; Off                ; Off                ;
; Restructure Multiplexers                                     ; Auto               ; Auto               ;
; Create Debugging Nodes for IP Cores                          ; Off                ; Off                ;
; Preserve fewer node names                                    ; On                 ; On                 ;
; Disable OpenCore Plus hardware evaluation                    ; Off                ; Off                ;
; Verilog Version                                              ; Verilog_2001       ; Verilog_2001       ;
; VHDL Version                                                 ; VHDL93             ; VHDL93             ;
; State Machine Processing                                     ; Auto               ; Auto               ;
; Safe State Machine                                           ; Off                ; Off                ;
; Extract Verilog State Machines                               ; On                 ; On                 ;
; Extract VHDL State Machines                                  ; On                 ; On                 ;
; Ignore Verilog initial constructs                            ; Off                ; Off                ;
; Iteration limit for constant Verilog loops                   ; 5000               ; 5000               ;
; Iteration limit for non-constant Verilog loops               ; 250                ; 250                ;
; Add Pass-Through Logic to Inferred RAMs                      ; On                 ; On                 ;
; Parallel Synthesis                                           ; Off                ; Off                ;
; DSP Block Balancing                                          ; Auto               ; Auto               ;
; NOT Gate Push-Back                                           ; On                 ; On                 ;
; Power-Up Don't Care                                          ; On                 ; On                 ;
; Remove Redundant Logic Cells                                 ; Off                ; Off                ;
; Remove Duplicate Registers                                   ; On                 ; On                 ;
; Ignore CARRY Buffers                                         ; Off                ; Off                ;
; Ignore CASCADE Buffers                                       ; Off                ; Off                ;
; Ignore GLOBAL Buffers                                        ; Off                ; Off                ;
; Ignore ROW GLOBAL Buffers                                    ; Off                ; Off                ;
; Ignore LCELL Buffers                                         ; Off                ; Off                ;
; Ignore SOFT Buffers                                          ; On                 ; On                 ;
; Limit AHDL Integers to 32 Bits                               ; Off                ; Off                ;
; Optimization Technique                                       ; Balanced           ; Balanced           ;
; Carry Chain Length                                           ; 70                 ; 70                 ;
; Auto Carry Chains                                            ; On                 ; On                 ;
; Auto Open-Drain Pins                                         ; On                 ; On                 ;
; Perform WYSIWYG Primitive Resynthesis                        ; Off                ; Off                ;
; Auto ROM Replacement                                         ; On                 ; On                 ;
; Auto RAM Replacement                                         ; On                 ; On                 ;
; Auto DSP Block Replacement                                   ; On                 ; On                 ;
; Auto Shift Register Replacement                              ; Auto               ; Auto               ;
; Auto Clock Enable Replacement                                ; On                 ; On                 ;
; Strict RAM Replacement                                       ; Off                ; Off                ;
; Allow Synchronous Control Signals                            ; On                 ; On                 ;
; Force Use of Synchronous Clear Signals                       ; Off                ; Off                ;
; Auto RAM Block Balancing                                     ; On                 ; On                 ;
; Auto RAM to Logic Cell Conversion                            ; Off                ; Off                ;
; Auto Resource Sharing                                        ; Off                ; Off                ;
; Allow Any RAM Size For Recognition                           ; Off                ; Off                ;
; Allow Any ROM Size For Recognition                           ; Off                ; Off                ;
; Allow Any Shift Register Size For Recognition                ; Off                ; Off                ;
; Use LogicLock Constraints during Resource Balancing          ; On                 ; On                 ;
; Ignore translate_off and synthesis_off directives            ; Off                ; Off                ;
; Timing-Driven Synthesis                                      ; Off                ; Off                ;
; Show Parameter Settings Tables in Synthesis Report           ; On                 ; On                 ;
; Ignore Maximum Fan-Out Assignments                           ; Off                ; Off                ;
; Synchronization Register Chain Length                        ; 2                  ; 2                  ;
; PowerPlay Power Optimization                                 ; Normal compilation ; Normal compilation ;
; HDL message level                                            ; Level2             ; Level2             ;
; Suppress Register Optimization Related Messages              ; Off                ; Off                ;
; Number of Removed Registers Reported in Synthesis Report     ; 100                ; 100                ;
; Number of Inverted Registers Reported in Synthesis Report    ; 100                ; 100                ;
; Clock MUX Protection                                         ; On                 ; On                 ;
; Auto Gated Clock Conversion                                  ; Off                ; Off                ;
; Block Design Naming                                          ; Auto               ; Auto               ;
; SDC constraint protection                                    ; Off                ; Off                ;
; Synthesis Effort                                             ; Auto               ; Auto               ;
; Shift Register Replacement - Allow Asynchronous Clear Signal ; On                 ; On                 ;
; Analysis & Synthesis Message Level                           ; Medium             ; Medium             ;
+--------------------------------------------------------------+--------------------+--------------------+


+------------------------------------------------------------------------------------------------------------------------------+
; Analysis & Synthesis Source Files Read                                                                                       ;
+----------------------------------+-----------------+------------------------+------------------------------------------------+
; File Name with User-Entered Path ; Used in Netlist ; File Type              ; File Name with Absolute Path                   ;
+----------------------------------+-----------------+------------------------+------------------------------------------------+
; Complete_Clock.v                 ; yes             ; User Verilog HDL File  ; D:/WORKPLACE/VerilogPRJ/clock/Complete_Clock.v ;
; top_clock.v                      ; yes             ; User Verilog HDL File  ; D:/WORKPLACE/VerilogPRJ/clock/top_clock.v      ;
; _2to1MUX.v                       ; yes             ; User Verilog HDL File  ; D:/WORKPLACE/VerilogPRJ/clock/_2to1MUX.v       ;
; counter24.v                      ; yes             ; User Verilog HDL File  ; D:/WORKPLACE/VerilogPRJ/clock/counter24.v      ;
; counter60.v                      ; yes             ; User Verilog HDL File  ; D:/WORKPLACE/VerilogPRJ/clock/counter60.v      ;
; counter6.v                       ; yes             ; User Verilog HDL File  ; D:/WORKPLACE/VerilogPRJ/clock/counter6.v       ;
; counter10.v                      ; yes             ; User Verilog HDL File  ; D:/WORKPLACE/VerilogPRJ/clock/counter10.v      ;
; Radio.v                          ; yes             ; User Verilog HDL File  ; D:/WORKPLACE/VerilogPRJ/clock/Radio.v          ;
; Bell.v                           ; yes             ; User Verilog HDL File  ; D:/WORKPLACE/VerilogPRJ/clock/Bell.v           ;
+----------------------------------+-----------------+------------------------+------------------------------------------------+


+---------------------------------------------------------+
; Analysis & Synthesis Resource Usage Summary             ;
+---------------------------------------------+-----------+
; Resource                                    ; Usage     ;
+---------------------------------------------+-----------+
; Estimated Total logic elements              ; 111       ;
;                                             ;           ;
; Total combinational functions               ; 111       ;
; Logic element usage by number of LUT inputs ;           ;
;     -- 4 input functions                    ; 56        ;
;     -- 3 input functions                    ; 12        ;
;     -- <=2 input functions                  ; 43        ;
;                                             ;           ;
; Logic elements by mode                      ;           ;
;     -- normal mode                          ; 93        ;
;     -- arithmetic mode                      ; 18        ;
;                                             ;           ;
; Total registers                             ; 53        ;
;     -- Dedicated logic registers            ; 53        ;
;     -- I/O registers                        ; 0         ;
;                                             ;           ;
; I/O pins                                    ; 41        ;
; Maximum fan-out node                        ; nCR~input ;
; Maximum fan-out                             ; 36        ;
; Total fan-out                               ; 547       ;
; Average fan-out                             ; 2.22      ;
+---------------------------------------------+-----------+


+-----------------------------------------------------------------------------------------------------------------------------------------------------------------------------------------------------------------+
; Analysis & Synthesis Resource Utilization by Entity                                                                                                                                                             ;
+----------------------------+-------------------+--------------+-------------+--------------+---------+-----------+------+--------------+---------------------------------------------------------+--------------+
; Compilation Hierarchy Node ; LC Combinationals ; LC Registers ; Memory Bits ; DSP Elements ; DSP 9x9 ; DSP 18x18 ; Pins ; Virtual Pins ; Full Hierarchy Name                                     ; Library Name ;
+----------------------------+-------------------+--------------+-------------+--------------+---------+-----------+------+--------------+---------------------------------------------------------+--------------+
; |Complete_Clock            ; 111 (1)           ; 53 (0)       ; 0           ; 0            ; 0       ; 0         ; 41   ; 0            ; |Complete_Clock                                         ; work         ;
;    |Bell:U3|               ; 7 (7)             ; 0 (0)        ; 0           ; 0            ; 0       ; 0         ; 0    ; 0            ; |Complete_Clock|Bell:U3                                 ; work         ;
;    |Divided_Frequency:U0|  ; 15 (1)            ; 12 (0)       ; 0           ; 0            ; 0       ; 0         ; 0    ; 0            ; |Complete_Clock|Divided_Frequency:U0                    ; work         ;
;       |counter10:DU0|      ; 5 (5)             ; 4 (4)        ; 0           ; 0            ; 0       ; 0         ; 0    ; 0            ; |Complete_Clock|Divided_Frequency:U0|counter10:DU0      ; work         ;
;       |counter10:DU1|      ; 5 (5)             ; 4 (4)        ; 0           ; 0            ; 0       ; 0         ; 0    ; 0            ; |Complete_Clock|Divided_Frequency:U0|counter10:DU1      ; work         ;
;       |counter10:DU2|      ; 4 (4)             ; 4 (4)        ; 0           ; 0            ; 0       ; 0         ; 0    ; 0            ; |Complete_Clock|Divided_Frequency:U0|counter10:DU2      ; work         ;
;    |Radio:U2|              ; 1 (1)             ; 0 (0)        ; 0           ; 0            ; 0       ; 0         ; 0    ; 0            ; |Complete_Clock|Radio:U2                                ; work         ;
;    |cp:TIM|                ; 23 (23)           ; 17 (17)      ; 0           ; 0            ; 0       ; 0         ; 0    ; 0            ; |Complete_Clock|cp:TIM                                  ; work         ;
;    |display:A1|            ; 15 (15)           ; 0 (0)        ; 0           ; 0            ; 0       ; 0         ; 0    ; 0            ; |Complete_Clock|display:A1                              ; work         ;
;    |display:A2|            ; 15 (15)           ; 0 (0)        ; 0           ; 0            ; 0       ; 0         ; 0    ; 0            ; |Complete_Clock|display:A2                              ; work         ;
;    |top_clock:U1|          ; 34 (5)            ; 24 (0)       ; 0           ; 0            ; 0       ; 0         ; 0    ; 0            ; |Complete_Clock|top_clock:U1                            ; work         ;
;       |counter24:UT3|      ; 12 (12)           ; 8 (8)        ; 0           ; 0            ; 0       ; 0         ; 0    ; 0            ; |Complete_Clock|top_clock:U1|counter24:UT3              ; work         ;
;       |counter60:UT1|      ; 9 (0)             ; 8 (0)        ; 0           ; 0            ; 0       ; 0         ; 0    ; 0            ; |Complete_Clock|top_clock:U1|counter60:UT1              ; work         ;
;          |counter10:U0|    ; 4 (4)             ; 4 (4)        ; 0           ; 0            ; 0       ; 0         ; 0    ; 0            ; |Complete_Clock|top_clock:U1|counter60:UT1|counter10:U0 ; work         ;
;          |counter6:U1|     ; 5 (5)             ; 4 (4)        ; 0           ; 0            ; 0       ; 0         ; 0    ; 0            ; |Complete_Clock|top_clock:U1|counter60:UT1|counter6:U1  ; work         ;
;       |counter60:UT2|      ; 8 (0)             ; 8 (0)        ; 0           ; 0            ; 0       ; 0         ; 0    ; 0            ; |Complete_Clock|top_clock:U1|counter60:UT2              ; work         ;
;          |counter10:U0|    ; 4 (4)             ; 4 (4)        ; 0           ; 0            ; 0       ; 0         ; 0    ; 0            ; |Complete_Clock|top_clock:U1|counter60:UT2|counter10:U0 ; work         ;
;          |counter6:U1|     ; 4 (4)             ; 4 (4)        ; 0           ; 0            ; 0       ; 0         ; 0    ; 0            ; |Complete_Clock|top_clock:U1|counter60:UT2|counter6:U1  ; work         ;
+----------------------------+-------------------+--------------+-------------+--------------+---------+-----------+------+--------------+---------------------------------------------------------+--------------+
Note: For table entries with two numbers listed, the numbers in parentheses indicate the number of resources of the given type used by the specific entity alone. The numbers listed outside of parentheses indicate the total resources of the given type used by the specific entity and all of its sub-entities in the hierarchy.


+------------------------------------------------------------------------------------------+
; Registers Removed During Synthesis                                                       ;
+--------------------------------------------+---------------------------------------------+
; Register name                              ; Reason for Removal                          ;
+--------------------------------------------+---------------------------------------------+
; Bell:U3|counter24:SU2|CntL[0]              ; Stuck at GND due to stuck port clock_enable ;
; Bell:U3|counter24:SU2|CntH[0..3]           ; Stuck at GND due to stuck port clock_enable ;
; Bell:U3|counter24:SU2|CntL[1..3]           ; Stuck at GND due to stuck port clock_enable ;
; Bell:U3|counter60:SU1|counter6:U1|Q[0..3]  ; Stuck at GND due to stuck port clock_enable ;
; Bell:U3|counter60:SU1|counter10:U0|Q[0..3] ; Stuck at GND due to stuck port clock_enable ;
; Total Number of Removed Registers = 16     ;                                             ;
+--------------------------------------------+---------------------------------------------+


+------------------------------------------------------+
; General Register Statistics                          ;
+----------------------------------------------+-------+
; Statistic                                    ; Value ;
+----------------------------------------------+-------+
; Total registers                              ; 53    ;
; Number of registers using Synchronous Clear  ; 4     ;
; Number of registers using Synchronous Load   ; 0     ;
; Number of registers using Asynchronous Clear ; 36    ;
; Number of registers using Asynchronous Load  ; 0     ;
; Number of registers using Clock Enable       ; 6     ;
; Number of registers using Preset             ; 0     ;
+----------------------------------------------+-------+


+------------------------------------------------------------------------------------------------------------------------------------------------------------------+
; Multiplexer Restructuring Statistics (Restructuring Performed)                                                                                                   ;
+--------------------+-----------+---------------+----------------------+------------------------+------------+----------------------------------------------------+
; Multiplexer Inputs ; Bus Width ; Baseline Area ; Area if Restructured ; Saving if Restructured ; Registered ; Example Multiplexer Output                         ;
+--------------------+-----------+---------------+----------------------+------------------------+------------+----------------------------------------------------+
; 3:1                ; 4 bits    ; 8 LEs         ; 4 LEs                ; 4 LEs                  ; Yes        ; |Complete_Clock|top_clock:U1|counter24:UT3|CntH[0] ;
; 4:1                ; 4 bits    ; 8 LEs         ; 4 LEs                ; 4 LEs                  ; Yes        ; |Complete_Clock|top_clock:U1|counter24:UT3|CntL[1] ;
+--------------------+-----------+---------------+----------------------+------------------------+------------+----------------------------------------------------+


+---------------------------------------------------------------------------------------------------------------------------------------------------+
; Port Connectivity Checks: "display:A6"                                                                                                            ;
+------+--------+----------+------------------------------------------------------------------------------------------------------------------------+
; Port ; Type   ; Severity ; Details                                                                                                                ;
+------+--------+----------+------------------------------------------------------------------------------------------------------------------------+
; out  ; Output ; Warning  ; Output or bidir port (8 bits) is wider than the port expression (1 bits) it drives; bit(s) "out[7..1]" have no fanouts ;
; out  ; Output ; Info     ; Connected to dangling logic. Logic that only feeds a dangling port will be removed.                                    ;
+------+--------+----------+------------------------------------------------------------------------------------------------------------------------+


+---------------------------------------------------------------------------------------------------------------------------------------------------+
; Port Connectivity Checks: "display:A5"                                                                                                            ;
+------+--------+----------+------------------------------------------------------------------------------------------------------------------------+
; Port ; Type   ; Severity ; Details                                                                                                                ;
+------+--------+----------+------------------------------------------------------------------------------------------------------------------------+
; out  ; Output ; Warning  ; Output or bidir port (8 bits) is wider than the port expression (1 bits) it drives; bit(s) "out[7..1]" have no fanouts ;
; out  ; Output ; Info     ; Connected to dangling logic. Logic that only feeds a dangling port will be removed.                                    ;
+------+--------+----------+------------------------------------------------------------------------------------------------------------------------+


+-------------------------------------------+
; Port Connectivity Checks: "_2to1MUX:MUX3" ;
+------+-------+----------+-----------------+
; Port ; Type  ; Severity ; Details         ;
+------+-------+----------+-----------------+
; X    ; Input ; Info     ; Stuck at GND    ;
+------+-------+----------+-----------------+


+---------------------------------------------------------------------------------------------------------------------------------------------------------------------+
; Port Connectivity Checks: "_2to1MUX:MUX2"                                                                                                                           ;
+------+-------+----------+-------------------------------------------------------------------------------------------------------------------------------------------+
; Port ; Type  ; Severity ; Details                                                                                                                                   ;
+------+-------+----------+-------------------------------------------------------------------------------------------------------------------------------------------+
; Y    ; Input ; Warning  ; Input port expression (1 bits) is smaller than the input port (8 bits) it drives.  Extra input bit(s) "Y[7..1]" will be connected to GND. ;
+------+-------+----------+-------------------------------------------------------------------------------------------------------------------------------------------+


+---------------------------------------------------+
; Port Connectivity Checks: "Bell:U3|counter24:SU2" ;
+------+-------+----------+-------------------------+
; Port ; Type  ; Severity ; Details                 ;
+------+-------+----------+-------------------------+
; nCR  ; Input ; Info     ; Stuck at VCC            ;
+------+-------+----------+-------------------------+


+---------------------------------------------------+
; Port Connectivity Checks: "Bell:U3|counter60:SU1" ;
+------+-------+----------+-------------------------+
; Port ; Type  ; Severity ; Details                 ;
+------+-------+----------+-------------------------+
; nCR  ; Input ; Info     ; Stuck at VCC            ;
+------+-------+----------+-------------------------+


+--------------------------------------------------------+
; Port Connectivity Checks: "top_clock:U1|counter24:UT3" ;
+------+-------+----------+------------------------------+
; Port ; Type  ; Severity ; Details                      ;
+------+-------+----------+------------------------------+
; EN   ; Input ; Info     ; Stuck at VCC                 ;
+------+-------+----------+------------------------------+


+--------------------------------------------------------+
; Port Connectivity Checks: "top_clock:U1|counter60:UT2" ;
+------+-------+----------+------------------------------+
; Port ; Type  ; Severity ; Details                      ;
+------+-------+----------+------------------------------+
; EN   ; Input ; Info     ; Stuck at VCC                 ;
+------+-------+----------+------------------------------+


+--------------------------------------------------------+
; Port Connectivity Checks: "top_clock:U1|counter60:UT1" ;
+------+-------+----------+------------------------------+
; Port ; Type  ; Severity ; Details                      ;
+------+-------+----------+------------------------------+
; EN   ; Input ; Info     ; Stuck at VCC                 ;
+------+-------+----------+------------------------------+


+-------------------------------------------------------------------------------------------------------------------+
; Port Connectivity Checks: "Divided_Frequency:U0|counter10:DU2"                                                    ;
+---------+--------+----------+-------------------------------------------------------------------------------------+
; Port    ; Type   ; Severity ; Details                                                                             ;
+---------+--------+----------+-------------------------------------------------------------------------------------+
; Q[2..0] ; Output ; Info     ; Connected to dangling logic. Logic that only feeds a dangling port will be removed. ;
+---------+--------+----------+-------------------------------------------------------------------------------------+


+----------------------------------------------------------------+
; Port Connectivity Checks: "Divided_Frequency:U0|counter10:DU0" ;
+------+-------+----------+--------------------------------------+
; Port ; Type  ; Severity ; Details                              ;
+------+-------+----------+--------------------------------------+
; EN   ; Input ; Info     ; Stuck at VCC                         ;
+------+-------+----------+--------------------------------------+


+-------------------------------+
; Analysis & Synthesis Messages ;
+-------------------------------+
Info: *******************************************************************
Info: Running Quartus II Analysis & Synthesis
    Info: Version 9.0 Build 235 06/17/2009 Service Pack 2 SJ Web Edition
    Info: Processing started: Tue Sep 24 18:37:25 2013
Info: Command: quartus_map --read_settings_files=on --write_settings_files=off Complete_Clock -c Complete_Clock
Warning (10229): Verilog HDL Expression warning at Complete_Clock.v(96): truncated literal to match 16 bits
Info: Found 3 design units, including 3 entities, in source file Complete_Clock.v
    Info: Found entity 1: Complete_Clock
    Info: Found entity 2: display
    Info: Found entity 3: cp
Info: Found 2 design units, including 2 entities, in source file top_clock.v
    Info: Found entity 1: top_clock
    Info: Found entity 2: Divided_Frequency
Info: Found 1 design units, including 1 entities, in source file _2to1MUX.v
    Info: Found entity 1: _2to1MUX
Info: Found 1 design units, including 1 entities, in source file counter24.v
    Info: Found entity 1: counter24
Info: Found 1 design units, including 1 entities, in source file counter60.v
    Info: Found entity 1: counter60
Info: Found 1 design units, including 1 entities, in source file counter6.v
    Info: Found entity 1: counter6
Info: Found 1 design units, including 1 entities, in source file counter10.v
    Info: Found entity 1: counter10
Info: Found 1 design units, including 1 entities, in source file Radio.v
    Info: Found entity 1: Radio
Warning (10229): Verilog HDL Expression warning at Bell.v(35): truncated literal to match 1 bits
Info: Found 2 design units, including 2 entities, in source file Bell.v
    Info: Found entity 1: Bell
    Info: Found entity 2: _4comparator
Warning (10236): Verilog HDL Implicit Net warning at Complete_Clock.v(36): created implicit net for "AdjMinKey"
Warning (10236): Verilog HDL Implicit Net warning at Complete_Clock.v(36): created implicit net for "AdjHrKey"
Warning (10236): Verilog HDL Implicit Net warning at Complete_Clock.v(42): created implicit net for "SetHrKey"
Warning (10236): Verilog HDL Implicit Net warning at Complete_Clock.v(42): created implicit net for "SetMinKey"
Warning (10236): Verilog HDL Implicit Net warning at Complete_Clock.v(49): created implicit net for "Min"
Warning (10236): Verilog HDL Implicit Net warning at Complete_Clock.v(57): created implicit net for "BCD5"
Warning (10236): Verilog HDL Implicit Net warning at Complete_Clock.v(58): created implicit net for "BCD6"
Warning (10236): Verilog HDL Implicit Net warning at counter60.v(10): created implicit net for "ENP"
Info: Elaborating entity "Complete_Clock" for the top level hierarchy
Info: Elaborating entity "cp" for hierarchy "cp:TIM"
Info: Elaborating entity "Divided_Frequency" for hierarchy "Divided_Frequency:U0"
Info: Elaborating entity "counter10" for hierarchy "Divided_Frequency:U0|counter10:DU0"
Info: Elaborating entity "top_clock" for hierarchy "top_clock:U1"
Info: Elaborating entity "counter60" for hierarchy "top_clock:U1|counter60:UT1"
Warning (10036): Verilog HDL or VHDL warning at counter60.v(10): object "ENP" assigned a value but never read
Info: Elaborating entity "counter6" for hierarchy "top_clock:U1|counter60:UT1|counter6:U1"
Info: Elaborating entity "counter24" for hierarchy "top_clock:U1|counter24:UT3"
Info: Elaborating entity "Radio" for hierarchy "Radio:U2"
Warning (10235): Verilog HDL Always Construct warning at Radio.v(13): variable "_500Hz" is read inside the Always Construct but isn't in the Always Construct's Event Control
Warning (10235): Verilog HDL Always Construct warning at Radio.v(14): variable "_1kHzIn" is read inside the Always Construct but isn't in the Always Construct's Event Control
Info: Elaborating entity "Bell" for hierarchy "Bell:U3"
Info: Elaborating entity "_4comparator" for hierarchy "Bell:U3|_4comparator:SU4"
Info: Elaborating entity "_2to1MUX" for hierarchy "_2to1MUX:MUX1"
Info: Elaborating entity "display" for hierarchy "display:A1"
Warning: 3 hierarchies have connectivity warnings - see the Connectivity Checks report folder
Warning: Output pins are stuck at VCC or GND
    Warning (13410): Pin "BCD3[0]" is stuck at GND
    Warning (13410): Pin "BCD3[1]" is stuck at GND
    Warning (13410): Pin "BCD3[2]" is stuck at GND
    Warning (13410): Pin "BCD3[3]" is stuck at GND
    Warning (13410): Pin "BCD3[4]" is stuck at GND
    Warning (13410): Pin "BCD3[5]" is stuck at GND
    Warning (13410): Pin "BCD3[6]" is stuck at VCC
    Warning (13410): Pin "BCD3[7]" is stuck at VCC
    Warning (13410): Pin "BCD4[0]" is stuck at GND
    Warning (13410): Pin "BCD4[1]" is stuck at GND
    Warning (13410): Pin "BCD4[2]" is stuck at GND
    Warning (13410): Pin "BCD4[3]" is stuck at GND
    Warning (13410): Pin "BCD4[4]" is stuck at GND
    Warning (13410): Pin "BCD4[5]" is stuck at GND
    Warning (13410): Pin "BCD4[6]" is stuck at VCC
    Warning (13410): Pin "BCD4[7]" is stuck at VCC
Warning: Design contains 4 input pin(s) that do not drive logic
    Warning (15610): No output dependent on input pin "AdjMinkey"
    Warning (15610): No output dependent on input pin "AdjHrkey"
    Warning (15610): No output dependent on input pin "SetMinkey"
    Warning (15610): No output dependent on input pin "SetHrkey"
Info: Implemented 152 device resources after synthesis - the final resource count might be different
    Info: Implemented 8 input pins
    Info: Implemented 33 output pins
    Info: Implemented 111 logic cells
Info: Quartus II Analysis & Synthesis was successful. 0 errors, 36 warnings
    Info: Peak virtual memory: 204 megabytes
    Info: Processing ended: Tue Sep 24 18:37:28 2013
    Info: Elapsed time: 00:00:03
    Info: Total CPU time (on all processors): 00:00:02


