Flow report for m_group2
Sun Aug 25 13:20:33 2013
Quartus II Version 9.0 Build 235 06/17/2009 Service Pack 2 SJ Web Edition


---------------------
; Table of Contents ;
---------------------
  1. Legal Notice
  2. Flow Summary
  3. Flow Settings
  4. Flow Non-Default Global Settings
  5. Flow Elapsed Time
  6. Flow OS Summary
  7. Flow Log



----------------
; Legal Notice ;
----------------
Copyright (C) 1991-2009 Altera Corporation
Your use of Altera Corporation's design tools, logic functions 
and other software and tools, and its AMPP partner logic 
functions, and any output files from any of the foregoing 
(including device programming or simulation files), and any 
associated documentation or information are expressly subject 
to the terms and conditions of the Altera Program License 
Subscription Agreement, Altera MegaCore Function License 
Agreement, or other applicable license agreement, including, 
without limitation, that your use is for the sole purpose of 
programming logic devices manufactured by Altera and sold by 
Altera or its authorized distributors.  Please refer to the 
applicable agreement for further details.



+-----------------------------------------------------------------------------------+
; Flow Summary                                                                      ;
+------------------------------------+----------------------------------------------+
; Flow Status                        ; Successful - Sun Aug 25 13:20:33 2013        ;
; Quartus II Version                 ; 9.0 Build 235 06/17/2009 SP 2 SJ Web Edition ;
; Revision Name                      ; m_group2                                     ;
; Top-level Entity Name              ; m_group2                                     ;
; Family                             ; Cyclone II                                   ;
; Device                             ; EP2C8Q208C8                                  ;
; Timing Models                      ; Final                                        ;
; Met timing requirements            ; Yes                                          ;
; Total logic elements               ; 188 / 8,256 ( 2 % )                          ;
;     Total combinational functions  ; 177 / 8,256 ( 2 % )                          ;
;     Dedicated logic registers      ; 99 / 8,256 ( 1 % )                           ;
; Total registers                    ; 99                                           ;
; Total pins                         ; 8 / 138 ( 6 % )                              ;
; Total virtual pins                 ; 0                                            ;
; Total memory bits                  ; 0 / 165,888 ( 0 % )                          ;
; Embedded Multiplier 9-bit elements ; 0 / 36 ( 0 % )                               ;
; Total PLLs                         ; 0 / 2 ( 0 % )                                ;
+------------------------------------+----------------------------------------------+


+-----------------------------------------+
; Flow Settings                           ;
+-------------------+---------------------+
; Option            ; Setting             ;
+-------------------+---------------------+
; Start date & time ; 08/25/2013 13:20:22 ;
; Main task         ; Compilation         ;
; Revision Name     ; m_group2            ;
+-------------------+---------------------+


+--------------------------------------------------------------------------------------------------------------------------------------------------+
; Flow Non-Default Global Settings                                                                                                                 ;
+------------------------------------+-----------------------------------------------+------------------------------+-------------+----------------+
; Assignment Name                    ; Value                                         ; Default Value                ; Entity Name ; Section Id     ;
+------------------------------------+-----------------------------------------------+------------------------------+-------------+----------------+
; COMPILER_SIGNATURE_ID              ; 46580539498984.137740802203380                ; --                           ; --          ; --             ;
; INCREMENTAL_COMPILATION            ; Off                                           ; FULL_INCREMENTAL_COMPILATION ; --          ; --             ;
; MAX_CORE_JUNCTION_TEMP             ; 85                                            ; --                           ; --          ; --             ;
; MIN_CORE_JUNCTION_TEMP             ; 0                                             ; --                           ; --          ; --             ;
; MISC_FILE                          ; D:/WORKPLACE/VerilogPRJ/m_group2/m_group2.dpf ; --                           ; --          ; --             ;
; USE_GENERATED_PHYSICAL_CONSTRAINTS ; Off                                           ; --                           ; --          ; eda_blast_fpga ;
+------------------------------------+-----------------------------------------------+------------------------------+-------------+----------------+


+-----------------------------------------------------------------------------------------------------------------------------+
; Flow Elapsed Time                                                                                                           ;
+-------------------------+--------------+-------------------------+---------------------+------------------------------------+
; Module Name             ; Elapsed Time ; Average Processors Used ; Peak Virtual Memory ; Total CPU Time (on all processors) ;
+-------------------------+--------------+-------------------------+---------------------+------------------------------------+
; Analysis & Synthesis    ; 00:00:01     ; 1.0                     ; 205 MB              ; 00:00:01                           ;
; Fitter                  ; 00:00:05     ; 1.0                     ; 219 MB              ; 00:00:03                           ;
; Assembler               ; 00:00:01     ; 1.0                     ; 195 MB              ; 00:00:01                           ;
; Classic Timing Analyzer ; 00:00:01     ; 1.0                     ; 154 MB              ; 00:00:01                           ;
; Total                   ; 00:00:08     ; --                      ; --                  ; 00:00:06                           ;
+-------------------------+--------------+-------------------------+---------------------+------------------------------------+


+------------------------------------------------------------------------------------------+
; Flow OS Summary                                                                          ;
+-------------------------+------------------+---------------+------------+----------------+
; Module Name             ; Machine Hostname ; OS Name       ; OS Version ; Processor type ;
+-------------------------+------------------+---------------+------------+----------------+
; Analysis & Synthesis    ; qinshuo-PC       ; Windows Vista ; 6.1        ; i686           ;
; Fitter                  ; qinshuo-PC       ; Windows Vista ; 6.1        ; i686           ;
; Assembler               ; qinshuo-PC       ; Windows Vista ; 6.1        ; i686           ;
; Classic Timing Analyzer ; qinshuo-PC       ; Windows Vista ; 6.1        ; i686           ;
+-------------------------+------------------+---------------+------------+----------------+


------------
; Flow Log ;
------------
quartus_map --read_settings_files=on --write_settings_files=off m_group2 -c m_group2
quartus_fit --read_settings_files=off --write_settings_files=off m_group2 -c m_group2
quartus_asm --read_settings_files=off --write_settings_files=off m_group2 -c m_group2
quartus_tan --read_settings_files=off --write_settings_files=off m_group2 -c m_group2 --timing_analysis_only



