TimeQuest Timing Analyzer report for series
Sat Aug 03 00:19:58 2013
Quartus II Version 9.0 Build 235 06/17/2009 Service Pack 2 SJ Web Edition


---------------------
; Table of Contents ;
---------------------
  1. Legal Notice
  2. TimeQuest Timing Analyzer Summary
  3. Parallel Compilation
  4. Clocks
  5. Slow Model Fmax Summary
  6. Slow Model Setup Summary
  7. Slow Model Hold Summary
  8. Slow Model Recovery Summary
  9. Slow Model Removal Summary
 10. Slow Model Minimum Pulse Width
 11. Setup Times
 12. Hold Times
 13. Clock to Output Times
 14. Minimum Clock to Output Times
 15. Fast Model Setup Summary
 16. Fast Model Hold Summary
 17. Fast Model Recovery Summary
 18. Fast Model Removal Summary
 19. Fast Model Minimum Pulse Width
 20. Setup Times
 21. Hold Times
 22. Clock to Output Times
 23. Minimum Clock to Output Times
 24. Multicorner Timing Analysis Summary
 25. Setup Times
 26. Hold Times
 27. Clock to Output Times
 28. Minimum Clock to Output Times
 29. Setup Transfers
 30. Hold Transfers
 31. Report TCCS
 32. Report RSKM
 33. Unconstrained Paths
 34. TimeQuest Timing Analyzer Messages



----------------
; Legal Notice ;
----------------
Copyright (C) 1991-2009 Altera Corporation
Your use of Altera Corporation's design tools, logic functions 
and other software and tools, and its AMPP partner logic 
functions, and any output files from any of the foregoing 
(including device programming or simulation files), and any 
associated documentation or information are expressly subject 
to the terms and conditions of the Altera Program License 
Subscription Agreement, Altera MegaCore Function License 
Agreement, or other applicable license agreement, including, 
without limitation, that your use is for the sole purpose of 
programming logic devices manufactured by Altera and sold by 
Altera or its authorized distributors.  Please refer to the 
applicable agreement for further details.



+-------------------------------------------------------------------------------------+
; TimeQuest Timing Analyzer Summary                                                   ;
+--------------------+----------------------------------------------------------------+
; Quartus II Version ; Version 9.0 Build 235 06/17/2009 Service Pack 2 SJ Web Edition ;
; Revision Name      ; series                                                         ;
; Device Family      ; MAX II                                                         ;
; Device Name        ; EPM570T144C5                                                   ;
; Timing Models      ; Final                                                          ;
; Delay Model        ; Combined                                                       ;
; Rise/Fall Delays   ; Unavailable                                                    ;
+--------------------+----------------------------------------------------------------+


Parallel compilation was disabled, but you have multiple processors available. Enable parallel compilation to reduce compilation time.
+-------------------------------------+
; Parallel Compilation                ;
+----------------------------+--------+
; Processors                 ; Number ;
+----------------------------+--------+
; Number detected on machine ; 2      ;
; Maximum allowed            ; 1      ;
+----------------------------+--------+


+---------------------------------------------------------------------------------------------------------------------------------------------------------------------------------+
; Clocks                                                                                                                                                                          ;
+------------+------+--------+------------+-------+-------+------------+-----------+-------------+-------+--------+-----------+------------+----------+--------+--------+---------+
; Clock Name ; Type ; Period ; Frequency  ; Rise  ; Fall  ; Duty Cycle ; Divide by ; Multiply by ; Phase ; Offset ; Edge List ; Edge Shift ; Inverted ; Master ; Source ; Targets ;
+------------+------+--------+------------+-------+-------+------------+-----------+-------------+-------+--------+-----------+------------+----------+--------+--------+---------+
; clk        ; Base ; 1.000  ; 1000.0 MHz ; 0.000 ; 0.500 ;            ;           ;             ;       ;        ;           ;            ;          ;        ;        ; { clk } ;
+------------+------+--------+------------+-------+-------+------------+-----------+-------------+-------+--------+-----------+------------+----------+--------+--------+---------+


+--------------------------------------------------+
; Slow Model Fmax Summary                          ;
+------------+-----------------+------------+------+
; Fmax       ; Restricted Fmax ; Clock Name ; Note ;
+------------+-----------------+------------+------+
; 120.24 MHz ; 120.24 MHz      ; clk        ;      ;
+------------+-----------------+------------+------+
This panel reports FMAX for every clock in the design, regardless of the user-specified clock periods.  FMAX is only computed for paths where the source and destination registers or ports are driven by the same clock.  Paths of different clocks, including generated clocks, are ignored.  For paths between a clock and its inversion, FMAX is computed as if the rising and falling edges are scaled along with FMAX, such that the duty cycle (in terms of a percentage) is maintained. Altera recommends that you always use clock constraints and other slack reports for sign-off analysis.


+--------------------------------+
; Slow Model Setup Summary       ;
+-------+--------+---------------+
; Clock ; Slack  ; End Point TNS ;
+-------+--------+---------------+
; clk   ; -7.317 ; -79.623       ;
+-------+--------+---------------+


+-------------------------------+
; Slow Model Hold Summary       ;
+-------+-------+---------------+
; Clock ; Slack ; End Point TNS ;
+-------+-------+---------------+
; clk   ; 1.900 ; 0.000         ;
+-------+-------+---------------+


-------------------------------
; Slow Model Recovery Summary ;
-------------------------------
No paths to report.


------------------------------
; Slow Model Removal Summary ;
------------------------------
No paths to report.


+------------------------------------------------------------------------------------------------+
; Slow Model Minimum Pulse Width                                                                 ;
+--------+--------------+----------------+------------------+-------+------------+---------------+
; Slack  ; Actual Width ; Required Width ; Type             ; Clock ; Clock Edge ; Target        ;
+--------+--------------+----------------+------------------+-------+------------+---------------+
; -2.289 ; 1.000        ; 3.289          ; Port Rate        ; clk   ; Rise       ; clk           ;
; 0.234  ; 0.500        ; 0.266          ; High Pulse Width ; clk   ; Rise       ; cnt[0]        ;
; 0.234  ; 0.500        ; 0.266          ; Low Pulse Width  ; clk   ; Rise       ; cnt[0]        ;
; 0.234  ; 0.500        ; 0.266          ; High Pulse Width ; clk   ; Rise       ; cnt[1]        ;
; 0.234  ; 0.500        ; 0.266          ; Low Pulse Width  ; clk   ; Rise       ; cnt[1]        ;
; 0.234  ; 0.500        ; 0.266          ; High Pulse Width ; clk   ; Rise       ; cnt[2]        ;
; 0.234  ; 0.500        ; 0.266          ; Low Pulse Width  ; clk   ; Rise       ; cnt[2]        ;
; 0.234  ; 0.500        ; 0.266          ; High Pulse Width ; clk   ; Rise       ; cnt[3]        ;
; 0.234  ; 0.500        ; 0.266          ; Low Pulse Width  ; clk   ; Rise       ; cnt[3]        ;
; 0.234  ; 0.500        ; 0.266          ; High Pulse Width ; clk   ; Rise       ; cnt[4]        ;
; 0.234  ; 0.500        ; 0.266          ; Low Pulse Width  ; clk   ; Rise       ; cnt[4]        ;
; 0.234  ; 0.500        ; 0.266          ; High Pulse Width ; clk   ; Rise       ; cnt[5]        ;
; 0.234  ; 0.500        ; 0.266          ; Low Pulse Width  ; clk   ; Rise       ; cnt[5]        ;
; 0.234  ; 0.500        ; 0.266          ; High Pulse Width ; clk   ; Rise       ; cnt[6]        ;
; 0.234  ; 0.500        ; 0.266          ; Low Pulse Width  ; clk   ; Rise       ; cnt[6]        ;
; 0.234  ; 0.500        ; 0.266          ; High Pulse Width ; clk   ; Rise       ; cnt[7]        ;
; 0.234  ; 0.500        ; 0.266          ; Low Pulse Width  ; clk   ; Rise       ; cnt[7]        ;
; 0.234  ; 0.500        ; 0.266          ; High Pulse Width ; clk   ; Rise       ; idle~reg0     ;
; 0.234  ; 0.500        ; 0.266          ; Low Pulse Width  ; clk   ; Rise       ; idle~reg0     ;
; 0.234  ; 0.500        ; 0.266          ; High Pulse Width ; clk   ; Rise       ; presult       ;
; 0.234  ; 0.500        ; 0.266          ; Low Pulse Width  ; clk   ; Rise       ; presult       ;
; 0.234  ; 0.500        ; 0.266          ; High Pulse Width ; clk   ; Rise       ; send          ;
; 0.234  ; 0.500        ; 0.266          ; Low Pulse Width  ; clk   ; Rise       ; send          ;
; 0.234  ; 0.500        ; 0.266          ; High Pulse Width ; clk   ; Rise       ; tx~reg0       ;
; 0.234  ; 0.500        ; 0.266          ; Low Pulse Width  ; clk   ; Rise       ; tx~reg0       ;
; 0.234  ; 0.500        ; 0.266          ; High Pulse Width ; clk   ; Rise       ; wrsigbuf      ;
; 0.234  ; 0.500        ; 0.266          ; Low Pulse Width  ; clk   ; Rise       ; wrsigbuf      ;
; 0.234  ; 0.500        ; 0.266          ; High Pulse Width ; clk   ; Rise       ; wrsigrise     ;
; 0.234  ; 0.500        ; 0.266          ; Low Pulse Width  ; clk   ; Rise       ; wrsigrise     ;
; 0.500  ; 0.500        ; 0.000          ; High Pulse Width ; clk   ; Rise       ; clk|combout   ;
; 0.500  ; 0.500        ; 0.000          ; Low Pulse Width  ; clk   ; Rise       ; clk|combout   ;
; 0.500  ; 0.500        ; 0.000          ; High Pulse Width ; clk   ; Rise       ; cnt[0]|clk    ;
; 0.500  ; 0.500        ; 0.000          ; Low Pulse Width  ; clk   ; Rise       ; cnt[0]|clk    ;
; 0.500  ; 0.500        ; 0.000          ; High Pulse Width ; clk   ; Rise       ; cnt[1]|clk    ;
; 0.500  ; 0.500        ; 0.000          ; Low Pulse Width  ; clk   ; Rise       ; cnt[1]|clk    ;
; 0.500  ; 0.500        ; 0.000          ; High Pulse Width ; clk   ; Rise       ; cnt[2]|clk    ;
; 0.500  ; 0.500        ; 0.000          ; Low Pulse Width  ; clk   ; Rise       ; cnt[2]|clk    ;
; 0.500  ; 0.500        ; 0.000          ; High Pulse Width ; clk   ; Rise       ; cnt[3]|clk    ;
; 0.500  ; 0.500        ; 0.000          ; Low Pulse Width  ; clk   ; Rise       ; cnt[3]|clk    ;
; 0.500  ; 0.500        ; 0.000          ; High Pulse Width ; clk   ; Rise       ; cnt[4]|clk    ;
; 0.500  ; 0.500        ; 0.000          ; Low Pulse Width  ; clk   ; Rise       ; cnt[4]|clk    ;
; 0.500  ; 0.500        ; 0.000          ; High Pulse Width ; clk   ; Rise       ; cnt[5]|clk    ;
; 0.500  ; 0.500        ; 0.000          ; Low Pulse Width  ; clk   ; Rise       ; cnt[5]|clk    ;
; 0.500  ; 0.500        ; 0.000          ; High Pulse Width ; clk   ; Rise       ; cnt[6]|clk    ;
; 0.500  ; 0.500        ; 0.000          ; Low Pulse Width  ; clk   ; Rise       ; cnt[6]|clk    ;
; 0.500  ; 0.500        ; 0.000          ; High Pulse Width ; clk   ; Rise       ; cnt[7]|clk    ;
; 0.500  ; 0.500        ; 0.000          ; Low Pulse Width  ; clk   ; Rise       ; cnt[7]|clk    ;
; 0.500  ; 0.500        ; 0.000          ; High Pulse Width ; clk   ; Rise       ; idle~reg0|clk ;
; 0.500  ; 0.500        ; 0.000          ; Low Pulse Width  ; clk   ; Rise       ; idle~reg0|clk ;
; 0.500  ; 0.500        ; 0.000          ; High Pulse Width ; clk   ; Rise       ; presult|clk   ;
; 0.500  ; 0.500        ; 0.000          ; Low Pulse Width  ; clk   ; Rise       ; presult|clk   ;
; 0.500  ; 0.500        ; 0.000          ; High Pulse Width ; clk   ; Rise       ; send|clk      ;
; 0.500  ; 0.500        ; 0.000          ; Low Pulse Width  ; clk   ; Rise       ; send|clk      ;
; 0.500  ; 0.500        ; 0.000          ; High Pulse Width ; clk   ; Rise       ; tx~reg0|clk   ;
; 0.500  ; 0.500        ; 0.000          ; Low Pulse Width  ; clk   ; Rise       ; tx~reg0|clk   ;
; 0.500  ; 0.500        ; 0.000          ; High Pulse Width ; clk   ; Rise       ; wrsigbuf|clk  ;
; 0.500  ; 0.500        ; 0.000          ; Low Pulse Width  ; clk   ; Rise       ; wrsigbuf|clk  ;
; 0.500  ; 0.500        ; 0.000          ; High Pulse Width ; clk   ; Rise       ; wrsigrise|clk ;
; 0.500  ; 0.500        ; 0.000          ; Low Pulse Width  ; clk   ; Rise       ; wrsigrise|clk ;
+--------+--------------+----------------+------------------+-------+------------+---------------+


+------------------------------------------------------------------------+
; Setup Times                                                            ;
+------------+------------+-------+-------+------------+-----------------+
; Data Port  ; Clock Port ; Rise  ; Fall  ; Clock Edge ; Clock Reference ;
+------------+------------+-------+-------+------------+-----------------+
; datain[*]  ; clk        ; 8.415 ; 8.415 ; Rise       ; clk             ;
;  datain[0] ; clk        ; 8.415 ; 8.415 ; Rise       ; clk             ;
;  datain[1] ; clk        ; 6.837 ; 6.837 ; Rise       ; clk             ;
;  datain[2] ; clk        ; 5.982 ; 5.982 ; Rise       ; clk             ;
;  datain[3] ; clk        ; 7.643 ; 7.643 ; Rise       ; clk             ;
;  datain[4] ; clk        ; 6.579 ; 6.579 ; Rise       ; clk             ;
;  datain[5] ; clk        ; 5.949 ; 5.949 ; Rise       ; clk             ;
;  datain[6] ; clk        ; 7.060 ; 7.060 ; Rise       ; clk             ;
;  datain[7] ; clk        ; 7.441 ; 7.441 ; Rise       ; clk             ;
; wrsig      ; clk        ; 2.647 ; 2.647 ; Rise       ; clk             ;
+------------+------------+-------+-------+------------+-----------------+


+--------------------------------------------------------------------------+
; Hold Times                                                               ;
+------------+------------+--------+--------+------------+-----------------+
; Data Port  ; Clock Port ; Rise   ; Fall   ; Clock Edge ; Clock Reference ;
+------------+------------+--------+--------+------------+-----------------+
; datain[*]  ; clk        ; -4.236 ; -4.236 ; Rise       ; clk             ;
;  datain[0] ; clk        ; -6.100 ; -6.100 ; Rise       ; clk             ;
;  datain[1] ; clk        ; -4.409 ; -4.409 ; Rise       ; clk             ;
;  datain[2] ; clk        ; -4.795 ; -4.795 ; Rise       ; clk             ;
;  datain[3] ; clk        ; -5.985 ; -5.985 ; Rise       ; clk             ;
;  datain[4] ; clk        ; -5.777 ; -5.777 ; Rise       ; clk             ;
;  datain[5] ; clk        ; -4.236 ; -4.236 ; Rise       ; clk             ;
;  datain[6] ; clk        ; -5.857 ; -5.857 ; Rise       ; clk             ;
;  datain[7] ; clk        ; -6.504 ; -6.504 ; Rise       ; clk             ;
; wrsig      ; clk        ; -1.260 ; -1.260 ; Rise       ; clk             ;
+------------+------------+--------+--------+------------+-----------------+


+-----------------------------------------------------------------------+
; Clock to Output Times                                                 ;
+-----------+------------+-------+-------+------------+-----------------+
; Data Port ; Clock Port ; Rise  ; Fall  ; Clock Edge ; Clock Reference ;
+-----------+------------+-------+-------+------------+-----------------+
; idle      ; clk        ; 8.432 ; 8.432 ; Rise       ; clk             ;
; tx        ; clk        ; 9.389 ; 9.389 ; Rise       ; clk             ;
+-----------+------------+-------+-------+------------+-----------------+


+-----------------------------------------------------------------------+
; Minimum Clock to Output Times                                         ;
+-----------+------------+-------+-------+------------+-----------------+
; Data Port ; Clock Port ; Rise  ; Fall  ; Clock Edge ; Clock Reference ;
+-----------+------------+-------+-------+------------+-----------------+
; idle      ; clk        ; 8.432 ; 8.432 ; Rise       ; clk             ;
; tx        ; clk        ; 9.389 ; 9.389 ; Rise       ; clk             ;
+-----------+------------+-------+-------+------------+-----------------+


+--------------------------------+
; Fast Model Setup Summary       ;
+-------+--------+---------------+
; Clock ; Slack  ; End Point TNS ;
+-------+--------+---------------+
; clk   ; -1.841 ; -20.066       ;
+-------+--------+---------------+


+-------------------------------+
; Fast Model Hold Summary       ;
+-------+-------+---------------+
; Clock ; Slack ; End Point TNS ;
+-------+-------+---------------+
; clk   ; 0.412 ; 0.000         ;
+-------+-------+---------------+


-------------------------------
; Fast Model Recovery Summary ;
-------------------------------
No paths to report.


------------------------------
; Fast Model Removal Summary ;
------------------------------
No paths to report.


+------------------------------------------------------------------------------------------------+
; Fast Model Minimum Pulse Width                                                                 ;
+--------+--------------+----------------+------------------+-------+------------+---------------+
; Slack  ; Actual Width ; Required Width ; Type             ; Clock ; Clock Edge ; Target        ;
+--------+--------------+----------------+------------------+-------+------------+---------------+
; -2.289 ; 1.000        ; 3.289          ; Port Rate        ; clk   ; Rise       ; clk           ;
; 0.407  ; 0.500        ; 0.093          ; High Pulse Width ; clk   ; Rise       ; cnt[0]        ;
; 0.407  ; 0.500        ; 0.093          ; Low Pulse Width  ; clk   ; Rise       ; cnt[0]        ;
; 0.407  ; 0.500        ; 0.093          ; High Pulse Width ; clk   ; Rise       ; cnt[1]        ;
; 0.407  ; 0.500        ; 0.093          ; Low Pulse Width  ; clk   ; Rise       ; cnt[1]        ;
; 0.407  ; 0.500        ; 0.093          ; High Pulse Width ; clk   ; Rise       ; cnt[2]        ;
; 0.407  ; 0.500        ; 0.093          ; Low Pulse Width  ; clk   ; Rise       ; cnt[2]        ;
; 0.407  ; 0.500        ; 0.093          ; High Pulse Width ; clk   ; Rise       ; cnt[3]        ;
; 0.407  ; 0.500        ; 0.093          ; Low Pulse Width  ; clk   ; Rise       ; cnt[3]        ;
; 0.407  ; 0.500        ; 0.093          ; High Pulse Width ; clk   ; Rise       ; cnt[4]        ;
; 0.407  ; 0.500        ; 0.093          ; Low Pulse Width  ; clk   ; Rise       ; cnt[4]        ;
; 0.407  ; 0.500        ; 0.093          ; High Pulse Width ; clk   ; Rise       ; cnt[5]        ;
; 0.407  ; 0.500        ; 0.093          ; Low Pulse Width  ; clk   ; Rise       ; cnt[5]        ;
; 0.407  ; 0.500        ; 0.093          ; High Pulse Width ; clk   ; Rise       ; cnt[6]        ;
; 0.407  ; 0.500        ; 0.093          ; Low Pulse Width  ; clk   ; Rise       ; cnt[6]        ;
; 0.407  ; 0.500        ; 0.093          ; High Pulse Width ; clk   ; Rise       ; cnt[7]        ;
; 0.407  ; 0.500        ; 0.093          ; Low Pulse Width  ; clk   ; Rise       ; cnt[7]        ;
; 0.407  ; 0.500        ; 0.093          ; High Pulse Width ; clk   ; Rise       ; idle~reg0     ;
; 0.407  ; 0.500        ; 0.093          ; Low Pulse Width  ; clk   ; Rise       ; idle~reg0     ;
; 0.407  ; 0.500        ; 0.093          ; High Pulse Width ; clk   ; Rise       ; presult       ;
; 0.407  ; 0.500        ; 0.093          ; Low Pulse Width  ; clk   ; Rise       ; presult       ;
; 0.407  ; 0.500        ; 0.093          ; High Pulse Width ; clk   ; Rise       ; send          ;
; 0.407  ; 0.500        ; 0.093          ; Low Pulse Width  ; clk   ; Rise       ; send          ;
; 0.407  ; 0.500        ; 0.093          ; High Pulse Width ; clk   ; Rise       ; tx~reg0       ;
; 0.407  ; 0.500        ; 0.093          ; Low Pulse Width  ; clk   ; Rise       ; tx~reg0       ;
; 0.407  ; 0.500        ; 0.093          ; High Pulse Width ; clk   ; Rise       ; wrsigbuf      ;
; 0.407  ; 0.500        ; 0.093          ; Low Pulse Width  ; clk   ; Rise       ; wrsigbuf      ;
; 0.407  ; 0.500        ; 0.093          ; High Pulse Width ; clk   ; Rise       ; wrsigrise     ;
; 0.407  ; 0.500        ; 0.093          ; Low Pulse Width  ; clk   ; Rise       ; wrsigrise     ;
; 0.500  ; 0.500        ; 0.000          ; High Pulse Width ; clk   ; Rise       ; clk|combout   ;
; 0.500  ; 0.500        ; 0.000          ; Low Pulse Width  ; clk   ; Rise       ; clk|combout   ;
; 0.500  ; 0.500        ; 0.000          ; High Pulse Width ; clk   ; Rise       ; cnt[0]|clk    ;
; 0.500  ; 0.500        ; 0.000          ; Low Pulse Width  ; clk   ; Rise       ; cnt[0]|clk    ;
; 0.500  ; 0.500        ; 0.000          ; High Pulse Width ; clk   ; Rise       ; cnt[1]|clk    ;
; 0.500  ; 0.500        ; 0.000          ; Low Pulse Width  ; clk   ; Rise       ; cnt[1]|clk    ;
; 0.500  ; 0.500        ; 0.000          ; High Pulse Width ; clk   ; Rise       ; cnt[2]|clk    ;
; 0.500  ; 0.500        ; 0.000          ; Low Pulse Width  ; clk   ; Rise       ; cnt[2]|clk    ;
; 0.500  ; 0.500        ; 0.000          ; High Pulse Width ; clk   ; Rise       ; cnt[3]|clk    ;
; 0.500  ; 0.500        ; 0.000          ; Low Pulse Width  ; clk   ; Rise       ; cnt[3]|clk    ;
; 0.500  ; 0.500        ; 0.000          ; High Pulse Width ; clk   ; Rise       ; cnt[4]|clk    ;
; 0.500  ; 0.500        ; 0.000          ; Low Pulse Width  ; clk   ; Rise       ; cnt[4]|clk    ;
; 0.500  ; 0.500        ; 0.000          ; High Pulse Width ; clk   ; Rise       ; cnt[5]|clk    ;
; 0.500  ; 0.500        ; 0.000          ; Low Pulse Width  ; clk   ; Rise       ; cnt[5]|clk    ;
; 0.500  ; 0.500        ; 0.000          ; High Pulse Width ; clk   ; Rise       ; cnt[6]|clk    ;
; 0.500  ; 0.500        ; 0.000          ; Low Pulse Width  ; clk   ; Rise       ; cnt[6]|clk    ;
; 0.500  ; 0.500        ; 0.000          ; High Pulse Width ; clk   ; Rise       ; cnt[7]|clk    ;
; 0.500  ; 0.500        ; 0.000          ; Low Pulse Width  ; clk   ; Rise       ; cnt[7]|clk    ;
; 0.500  ; 0.500        ; 0.000          ; High Pulse Width ; clk   ; Rise       ; idle~reg0|clk ;
; 0.500  ; 0.500        ; 0.000          ; Low Pulse Width  ; clk   ; Rise       ; idle~reg0|clk ;
; 0.500  ; 0.500        ; 0.000          ; High Pulse Width ; clk   ; Rise       ; presult|clk   ;
; 0.500  ; 0.500        ; 0.000          ; Low Pulse Width  ; clk   ; Rise       ; presult|clk   ;
; 0.500  ; 0.500        ; 0.000          ; High Pulse Width ; clk   ; Rise       ; send|clk      ;
; 0.500  ; 0.500        ; 0.000          ; Low Pulse Width  ; clk   ; Rise       ; send|clk      ;
; 0.500  ; 0.500        ; 0.000          ; High Pulse Width ; clk   ; Rise       ; tx~reg0|clk   ;
; 0.500  ; 0.500        ; 0.000          ; Low Pulse Width  ; clk   ; Rise       ; tx~reg0|clk   ;
; 0.500  ; 0.500        ; 0.000          ; High Pulse Width ; clk   ; Rise       ; wrsigbuf|clk  ;
; 0.500  ; 0.500        ; 0.000          ; Low Pulse Width  ; clk   ; Rise       ; wrsigbuf|clk  ;
; 0.500  ; 0.500        ; 0.000          ; High Pulse Width ; clk   ; Rise       ; wrsigrise|clk ;
; 0.500  ; 0.500        ; 0.000          ; Low Pulse Width  ; clk   ; Rise       ; wrsigrise|clk ;
+--------+--------------+----------------+------------------+-------+------------+---------------+


+------------------------------------------------------------------------+
; Setup Times                                                            ;
+------------+------------+-------+-------+------------+-----------------+
; Data Port  ; Clock Port ; Rise  ; Fall  ; Clock Edge ; Clock Reference ;
+------------+------------+-------+-------+------------+-----------------+
; datain[*]  ; clk        ; 3.074 ; 3.074 ; Rise       ; clk             ;
;  datain[0] ; clk        ; 3.074 ; 3.074 ; Rise       ; clk             ;
;  datain[1] ; clk        ; 2.388 ; 2.388 ; Rise       ; clk             ;
;  datain[2] ; clk        ; 2.037 ; 2.037 ; Rise       ; clk             ;
;  datain[3] ; clk        ; 2.556 ; 2.556 ; Rise       ; clk             ;
;  datain[4] ; clk        ; 2.325 ; 2.325 ; Rise       ; clk             ;
;  datain[5] ; clk        ; 2.049 ; 2.049 ; Rise       ; clk             ;
;  datain[6] ; clk        ; 2.527 ; 2.527 ; Rise       ; clk             ;
;  datain[7] ; clk        ; 2.736 ; 2.736 ; Rise       ; clk             ;
; wrsig      ; clk        ; 1.071 ; 1.071 ; Rise       ; clk             ;
+------------+------------+-------+-------+------------+-----------------+


+--------------------------------------------------------------------------+
; Hold Times                                                               ;
+------------+------------+--------+--------+------------+-----------------+
; Data Port  ; Clock Port ; Rise   ; Fall   ; Clock Edge ; Clock Reference ;
+------------+------------+--------+--------+------------+-----------------+
; datain[*]  ; clk        ; -1.438 ; -1.438 ; Rise       ; clk             ;
;  datain[0] ; clk        ; -1.789 ; -1.789 ; Rise       ; clk             ;
;  datain[1] ; clk        ; -1.506 ; -1.506 ; Rise       ; clk             ;
;  datain[2] ; clk        ; -1.492 ; -1.492 ; Rise       ; clk             ;
;  datain[3] ; clk        ; -2.066 ; -2.066 ; Rise       ; clk             ;
;  datain[4] ; clk        ; -1.712 ; -1.712 ; Rise       ; clk             ;
;  datain[5] ; clk        ; -1.438 ; -1.438 ; Rise       ; clk             ;
;  datain[6] ; clk        ; -1.971 ; -1.971 ; Rise       ; clk             ;
;  datain[7] ; clk        ; -2.313 ; -2.313 ; Rise       ; clk             ;
; wrsig      ; clk        ; -0.533 ; -0.533 ; Rise       ; clk             ;
+------------+------------+--------+--------+------------+-----------------+


+-----------------------------------------------------------------------+
; Clock to Output Times                                                 ;
+-----------+------------+-------+-------+------------+-----------------+
; Data Port ; Clock Port ; Rise  ; Fall  ; Clock Edge ; Clock Reference ;
+-----------+------------+-------+-------+------------+-----------------+
; idle      ; clk        ; 2.512 ; 2.512 ; Rise       ; clk             ;
; tx        ; clk        ; 2.891 ; 2.891 ; Rise       ; clk             ;
+-----------+------------+-------+-------+------------+-----------------+


+-----------------------------------------------------------------------+
; Minimum Clock to Output Times                                         ;
+-----------+------------+-------+-------+------------+-----------------+
; Data Port ; Clock Port ; Rise  ; Fall  ; Clock Edge ; Clock Reference ;
+-----------+------------+-------+-------+------------+-----------------+
; idle      ; clk        ; 2.512 ; 2.512 ; Rise       ; clk             ;
; tx        ; clk        ; 2.891 ; 2.891 ; Rise       ; clk             ;
+-----------+------------+-------+-------+------------+-----------------+


+-------------------------------------------------------------------------------+
; Multicorner Timing Analysis Summary                                           ;
+------------------+---------+-------+----------+---------+---------------------+
; Clock            ; Setup   ; Hold  ; Recovery ; Removal ; Minimum Pulse Width ;
+------------------+---------+-------+----------+---------+---------------------+
; Worst-case Slack ; -7.317  ; 0.0   ; 0.0      ; 0.0     ; -2.289              ;
;  clk             ; -7.317  ; 0.412 ; N/A      ; N/A     ; -2.289              ;
; Design-wide TNS  ; -79.623 ; 0.0   ; 0.0      ; 0.0     ; N/A                 ;
;  clk             ; -79.623 ; 0.000 ; N/A      ; N/A     ; N/A                 ;
+------------------+---------+-------+----------+---------+---------------------+


+------------------------------------------------------------------------+
; Setup Times                                                            ;
+------------+------------+-------+-------+------------+-----------------+
; Data Port  ; Clock Port ; Rise  ; Fall  ; Clock Edge ; Clock Reference ;
+------------+------------+-------+-------+------------+-----------------+
; datain[*]  ; clk        ; 8.415 ; 8.415 ; Rise       ; clk             ;
;  datain[0] ; clk        ; 8.415 ; 8.415 ; Rise       ; clk             ;
;  datain[1] ; clk        ; 6.837 ; 6.837 ; Rise       ; clk             ;
;  datain[2] ; clk        ; 5.982 ; 5.982 ; Rise       ; clk             ;
;  datain[3] ; clk        ; 7.643 ; 7.643 ; Rise       ; clk             ;
;  datain[4] ; clk        ; 6.579 ; 6.579 ; Rise       ; clk             ;
;  datain[5] ; clk        ; 5.949 ; 5.949 ; Rise       ; clk             ;
;  datain[6] ; clk        ; 7.060 ; 7.060 ; Rise       ; clk             ;
;  datain[7] ; clk        ; 7.441 ; 7.441 ; Rise       ; clk             ;
; wrsig      ; clk        ; 2.647 ; 2.647 ; Rise       ; clk             ;
+------------+------------+-------+-------+------------+-----------------+


+--------------------------------------------------------------------------+
; Hold Times                                                               ;
+------------+------------+--------+--------+------------+-----------------+
; Data Port  ; Clock Port ; Rise   ; Fall   ; Clock Edge ; Clock Reference ;
+------------+------------+--------+--------+------------+-----------------+
; datain[*]  ; clk        ; -1.438 ; -1.438 ; Rise       ; clk             ;
;  datain[0] ; clk        ; -1.789 ; -1.789 ; Rise       ; clk             ;
;  datain[1] ; clk        ; -1.506 ; -1.506 ; Rise       ; clk             ;
;  datain[2] ; clk        ; -1.492 ; -1.492 ; Rise       ; clk             ;
;  datain[3] ; clk        ; -2.066 ; -2.066 ; Rise       ; clk             ;
;  datain[4] ; clk        ; -1.712 ; -1.712 ; Rise       ; clk             ;
;  datain[5] ; clk        ; -1.438 ; -1.438 ; Rise       ; clk             ;
;  datain[6] ; clk        ; -1.971 ; -1.971 ; Rise       ; clk             ;
;  datain[7] ; clk        ; -2.313 ; -2.313 ; Rise       ; clk             ;
; wrsig      ; clk        ; -0.533 ; -0.533 ; Rise       ; clk             ;
+------------+------------+--------+--------+------------+-----------------+


+-----------------------------------------------------------------------+
; Clock to Output Times                                                 ;
+-----------+------------+-------+-------+------------+-----------------+
; Data Port ; Clock Port ; Rise  ; Fall  ; Clock Edge ; Clock Reference ;
+-----------+------------+-------+-------+------------+-----------------+
; idle      ; clk        ; 8.432 ; 8.432 ; Rise       ; clk             ;
; tx        ; clk        ; 9.389 ; 9.389 ; Rise       ; clk             ;
+-----------+------------+-------+-------+------------+-----------------+


+-----------------------------------------------------------------------+
; Minimum Clock to Output Times                                         ;
+-----------+------------+-------+-------+------------+-----------------+
; Data Port ; Clock Port ; Rise  ; Fall  ; Clock Edge ; Clock Reference ;
+-----------+------------+-------+-------+------------+-----------------+
; idle      ; clk        ; 2.512 ; 2.512 ; Rise       ; clk             ;
; tx        ; clk        ; 2.891 ; 2.891 ; Rise       ; clk             ;
+-----------+------------+-------+-------+------------+-----------------+


+-------------------------------------------------------------------+
; Setup Transfers                                                   ;
+------------+----------+----------+----------+----------+----------+
; From Clock ; To Clock ; RR Paths ; FR Paths ; RF Paths ; FF Paths ;
+------------+----------+----------+----------+----------+----------+
; clk        ; clk      ; 185      ; 0        ; 0        ; 0        ;
+------------+----------+----------+----------+----------+----------+
Entries labeled "false path" only account for clock-to-clock false paths and not path-based false paths. As a result, actual path counts may be lower than reported.


+-------------------------------------------------------------------+
; Hold Transfers                                                    ;
+------------+----------+----------+----------+----------+----------+
; From Clock ; To Clock ; RR Paths ; FR Paths ; RF Paths ; FF Paths ;
+------------+----------+----------+----------+----------+----------+
; clk        ; clk      ; 185      ; 0        ; 0        ; 0        ;
+------------+----------+----------+----------+----------+----------+
Entries labeled "false path" only account for clock-to-clock false paths and not path-based false paths. As a result, actual path counts may be lower than reported.


---------------
; Report TCCS ;
---------------
No dedicated SERDES Transmitter circuitry present in device or used in design.


---------------
; Report RSKM ;
---------------
No dedicated SERDES Receiver circuitry present in device or used in design.


+------------------------------------------------+
; Unconstrained Paths                            ;
+---------------------------------+-------+------+
; Property                        ; Setup ; Hold ;
+---------------------------------+-------+------+
; Illegal Clocks                  ; 0     ; 0    ;
; Unconstrained Clocks            ; 0     ; 0    ;
; Unconstrained Input Ports       ; 9     ; 9    ;
; Unconstrained Input Port Paths  ; 18    ; 18   ;
; Unconstrained Output Ports      ; 2     ; 2    ;
; Unconstrained Output Port Paths ; 2     ; 2    ;
+---------------------------------+-------+------+


+------------------------------------+
; TimeQuest Timing Analyzer Messages ;
+------------------------------------+
Info: *******************************************************************
Info: Running Quartus II TimeQuest Timing Analyzer
    Info: Version 9.0 Build 235 06/17/2009 Service Pack 2 SJ Web Edition
    Info: Processing started: Sat Aug 03 00:19:57 2013
Info: Command: quartus_sta series -c series
Info: qsta_default_script.tcl version: #1
Info: Low junction temperature is 0 degrees C
Info: High junction temperature is 85 degrees C
Info: Started post-fitting delay annotation
Info: Delay annotation completed successfully
Critical Warning: Synopsys Design Constraints File file not found: 'series.sdc'. A Synopsys Design Constraints File is required by the TimeQuest Timing Analyzer to get proper timing constraints. Without it, the Compiler will not properly optimize the design.
Info: No user constrained base clocks found in the design. Calling "derive_clocks -period 1.0"
Info: Deriving Clocks
    Info: create_clock -period 1.000 -name clk clk
Info: Analyzing Slow Model
Critical Warning: Timing requirements not met
Info: Worst-case setup slack is -7.317
    Info:     Slack End Point TNS Clock 
    Info: ========= ============= =====================
    Info:    -7.317       -79.623 clk 
Info: Worst-case hold slack is 1.900
    Info:     Slack End Point TNS Clock 
    Info: ========= ============= =====================
    Info:     1.900         0.000 clk 
Info: No recovery paths to report
Info: No removal paths to report
Critical Warning: Found minimum pulse width or period violations. See Report Minimum Pulse Width for details.
Info: The selected device family is not supported by the report_metastability command.
Info: Analyzing Fast Model
Info: Started post-fitting delay annotation
Info: Delay annotation completed successfully
Critical Warning: Timing requirements not met
Info: Worst-case setup slack is -1.841
    Info:     Slack End Point TNS Clock 
    Info: ========= ============= =====================
    Info:    -1.841       -20.066 clk 
Info: Worst-case hold slack is 0.412
    Info:     Slack End Point TNS Clock 
    Info: ========= ============= =====================
    Info:     0.412         0.000 clk 
Info: No recovery paths to report
Info: No removal paths to report
Critical Warning: Found minimum pulse width or period violations. See Report Minimum Pulse Width for details.
Info: The selected device family is not supported by the report_metastability command.
Info: Design is not fully constrained for setup requirements
Info: Design is not fully constrained for hold requirements
Info: Quartus II TimeQuest Timing Analyzer was successful. 0 errors, 5 warnings
    Info: Peak virtual memory: 168 megabytes
    Info: Processing ended: Sat Aug 03 00:19:58 2013
    Info: Elapsed time: 00:00:01
    Info: Total CPU time (on all processors): 00:00:01


